#
# A fatal error has been detected by the Java Runtime Environment:
#
#  EXCEPTION_ACCESS_VIOLATION (0xc0000005) at pc=0x0000000001e00926, pid=2516, tid=8332
#
# JRE version: 6.0_18-b07
# Java VM: Java HotSpot(TM) 64-Bit Server VM (16.0-b13 mixed mode windows-amd64 )
# Problematic frame:
# C  [Libscilab.dll+0x60926]
#
# If you would like to submit a bug report, please visit:
#   http://java.sun.com/webapps/bugreport/crash.jsp
# The crash happened outside the Java Virtual Machine in native code.
# See problematic frame for where to report the bug.
#

---------------  T H R E A D  ---------------

Current thread (0x000000000a767800):  JavaThread "AWT-EventQueue-0" [_thread_in_native, id=8332, stack(0x000000000b360000,0x000000000b460000)]

siginfo: ExceptionCode=0xc0000005, reading address 0x0000000000000000

Registers:
EAX=0x0000000000000001, EBX=0x00000000000000a4, ECX=0x000000000b04ad90, EDX=0x0000000000000078
ESP=0x000000000b45e1a0, EBP=0x0000000000000000, ESI=0x0000000000000000, EDI=0x000000000b04c160
EIP=0x0000000001e00926, EFLAGS=0x0000000000010287

Top of Stack: (sp=0x000000000b45e1a0)
0x000000000b45e1a0:   00000000000000a5 0000000001dfd052
0x000000000b45e1b0:   000000000b45e218 00000000061a58ba
0x000000000b45e1c0:   0000000000000000 0000000000000000
0x000000000b45e1d0:   000000000b45e3f8 000000000b04ad90
0x000000000b45e1e0:   000000000b45e290 0000000000000001
0x000000000b45e1f0:   000000000b45e300 0000000000000000
0x000000000b45e200:   0000000000000000 0000000001e008c6
0x000000000b45e210:   0000000000000530 0000000001e1debc
0x000000000b45e220:   0000000000000047 0000000021ec1ff8
0x000000000b45e230:   000000000b45e300 000000000b45e3f8
0x000000000b45e240:   000000a50000240f 00000000106c0738
0x000000000b45e250:   000000000a767800 000000000b45e410
0x000000000b45e260:   0000000000000001 0000000001e0066d
0x000000000b45e270:   000000000b45e2e8 00000000061a5ae2
0x000000000b45e280:   0000000000000001 0000000000000000
0x000000000b45e290:   00000000000000a5 0000000021ec1ff8 

Instructions: (pc=0x0000000001e00926)
0x0000000001e00916:   64 fd 00 4c 89 e7 4b 8b 6c fd 08 48 89 ee 8a 17
0x0000000001e00926:   3a 16 75 1c 84 d2 74 14 8a 57 01 3a 56 01 75 10 


Stack: [0x000000000b360000,0x000000000b460000],  sp=0x000000000b45e1a0,  free space=3f80000000000000000k
Native frames: (J=compiled Java code, j=interpreted, Vv=VM code, C=native code)
C  [Libscilab.dll+0x60926]

[error occurred during error reporting (printing native stack), id 0xc0000005]

Java frames: (J=compiled Java code, j=interpreted, Vv=VM code)
j  org.scilab.modules.scinotes.ScilabKeywordsJNI.GetVariablesName()[Ljava/lang/String;+0
j  org.scilab.modules.scinotes.ScilabKeywords.GetVariablesName()[Ljava/lang/String;+0
j  org.scilab.modules.scinotes.ScilabLexer.update()V+27
j  org.scilab.modules.scinotes.ScilabLexer.<init>(Lorg/scilab/modules/scinotes/ScilabDocument;)V+45
j  org.scilab.modules.scinotes.ScilabDocument.createLexer()Lorg/scilab/modules/scinotes/ScilabLexer;+5
j  org.scilab.modules.scinotes.ScilabView.<init>(Ljavax/swing/text/Element;Lorg/scilab/modules/scinotes/ScilabContext;)V+132
j  org.scilab.modules.scinotes.ScilabContext.create(Ljavax/swing/text/Element;)Ljavax/swing/text/View;+40
j  javax.swing.plaf.basic.BasicTextUI.modelChanged()V+26
j  javax.swing.plaf.basic.BasicTextUI$UpdateHandler.propertyChange(Ljava/beans/PropertyChangeEvent;)V+90
J  java.beans.PropertyChangeSupport.firePropertyChange(Ljava/beans/PropertyChangeEvent;)V
J  java.awt.Component.firePropertyChange(Ljava/lang/String;Ljava/lang/Object;Ljava/lang/Object;)V
j  javax.swing.text.JTextComponent.setDocument(Ljavax/swing/text/Document;)V+118
j  org.scilab.modules.scinotes.ScilabEditorPane.setDocument(Ljavax/swing/text/Document;)V+2
j  javax.swing.JEditorPane.setEditorKit(Ljavax/swing/text/EditorKit;)V+47
j  org.scilab.modules.scinotes.SciNotes.initPane(Lorg/scilab/modules/scinotes/ScilabEditorPane;Z)V+13
j  org.scilab.modules.scinotes.SciNotes.initPane(Lorg/scilab/modules/scinotes/ScilabEditorPane;)V+13
j  org.scilab.modules.scinotes.SciNotes.addTab(Ljava/lang/String;I)Lorg/scilab/modules/scinotes/ScilabEditorPane;+11
j  org.scilab.modules.scinotes.SciNotes.addTab(Ljava/lang/String;)Lorg/scilab/modules/scinotes/ScilabEditorPane;+5
j  org.scilab.modules.scinotes.SciNotes.loadFile(Ljava/io/File;I)V+90
j  org.scilab.modules.scinotes.SciNotes.loadFile(Ljava/io/File;)V+3
j  org.scilab.modules.scinotes.SciNotes.readFile(Ljava/io/File;)V+69
j  org.scilab.modules.scinotes.actions.OpenAction.doAction()V+177
j  org.scilab.modules.scinotes.actions.DefaultAction.callBack()V+1
j  org.scilab.modules.gui.events.callback.CallBack.actionPerformed(Ljava/awt/event/ActionEvent;)V+7
j  javax.swing.AbstractButton.fireActionPerformed(Ljava/awt/event/ActionEvent;)V+84
j  javax.swing.AbstractButton$Handler.actionPerformed(Ljava/awt/event/ActionEvent;)V+5
j  javax.swing.DefaultButtonModel.fireActionPerformed(Ljava/awt/event/ActionEvent;)V+35
j  javax.swing.DefaultButtonModel.setPressed(Z)V+117
j  javax.swing.plaf.basic.BasicButtonListener.mouseReleased(Ljava/awt/event/MouseEvent;)V+35
j  java.awt.AWTEventMulticaster.mouseReleased(Ljava/awt/event/MouseEvent;)V+8
j  java.awt.Component.processMouseEvent(Ljava/awt/event/MouseEvent;)V+64
j  javax.swing.JComponent.processMouseEvent(Ljava/awt/event/MouseEvent;)V+23
j  java.awt.Component.processEvent(Ljava/awt/AWTEvent;)V+81
j  java.awt.Container.processEvent(Ljava/awt/AWTEvent;)V+18
j  java.awt.Component.dispatchEventImpl(Ljava/awt/AWTEvent;)V+566
J  java.awt.Container.dispatchEventImpl(Ljava/awt/AWTEvent;)V
J  java.awt.LightweightDispatcher.retargetMouseEvent(Ljava/awt/Component;ILjava/awt/event/MouseEvent;)V
J  java.awt.Container.dispatchEventImpl(Ljava/awt/AWTEvent;)V
j  java.awt.Window.dispatchEventImpl(Ljava/awt/AWTEvent;)V+19
J  java.awt.EventDispatchThread.pumpOneEventForFilters(I)Z
J  java.awt.EventDispatchThread.pumpEventsForFilter(ILjava/awt/Conditional;Ljava/awt/EventFilter;)V
j  java.awt.EventDispatchThread.pumpEventsForHierarchy(ILjava/awt/Conditional;Ljava/awt/Component;)V+11
j  java.awt.EventDispatchThread.pumpEvents(ILjava/awt/Conditional;)V+4
j  java.awt.EventDispatchThread.pumpEvents(Ljava/awt/Conditional;)V+3
j  java.awt.EventDispatchThread.run()V+9
v  ~StubRoutines::call_stub

---------------  P R O C E S S  ---------------

Java Threads: ( => current thread )
  0x000000000a7ff000 JavaThread "Swing-Shell" daemon [_thread_blocked, id=5576, stack(0x000000000f580000,0x000000000f680000)]
  0x000000000cc25000 JavaThread "TimerQueue" daemon [_thread_blocked, id=3440, stack(0x000000000c4d0000,0x000000000c5d0000)]
=>0x000000000a767800 JavaThread "AWT-EventQueue-0" [_thread_in_native, id=8332, stack(0x000000000b360000,0x000000000b460000)]
  0x000000000a855800 JavaThread "AWT-Windows" daemon [_thread_in_native, id=1464, stack(0x000000000ae50000,0x000000000af50000)]
  0x000000000a854000 JavaThread "AWT-Shutdown" [_thread_blocked, id=5100, stack(0x000000000ad50000,0x000000000ae50000)]
  0x000000000a853800 JavaThread "Java2D Disposer" daemon [_thread_blocked, id=2220, stack(0x000000000ac50000,0x000000000ad50000)]
  0x0000000009efe000 JavaThread "Low Memory Detector" daemon [_thread_blocked, id=6220, stack(0x000000000a4a0000,0x000000000a5a0000)]
  0x0000000009efd000 JavaThread "CompilerThread1" daemon [_thread_blocked, id=8504, stack(0x000000000a3a0000,0x000000000a4a0000)]
  0x0000000009ef8000 JavaThread "CompilerThread0" daemon [_thread_blocked, id=9020, stack(0x000000000a2a0000,0x000000000a3a0000)]
  0x0000000009ef0000 JavaThread "Attach Listener" daemon [_thread_blocked, id=8752, stack(0x000000000a1a0000,0x000000000a2a0000)]
  0x0000000009eea800 JavaThread "Signal Dispatcher" daemon [_thread_blocked, id=7596, stack(0x000000000a0a0000,0x000000000a1a0000)]
  0x0000000000422000 JavaThread "Finalizer" daemon [_thread_blocked, id=8848, stack(0x0000000009da0000,0x0000000009ea0000)]
  0x0000000000420800 JavaThread "Reference Handler" daemon [_thread_blocked, id=8588, stack(0x0000000009ca0000,0x0000000009da0000)]
  0x000000000049e000 JavaThread "main" [_thread_in_native, id=8456, stack(0x0000000000030000,0x0000000000130000)]

Other Threads:
  0x000000000041c000 VMThread [stack: 0x0000000009ba0000,0x0000000009ca0000] [id=8276]
  0x0000000009f00800 WatcherThread [stack: 0x000000000a5a0000,0x000000000a6a0000] [id=4316]

VM state:not at safepoint (normal execution)

VM Mutex/Monitor currently owned by a thread: None

Heap
 PSYoungGen      total 59904K, used 45360K [0x00000000201d0000, 0x00000000252e0000, 0x0000000025720000)
  eden space 41280K, 72% used [0x00000000201d0000,0x0000000021ef7350,0x0000000022a20000)
  from space 18624K, 83% used [0x0000000023e40000,0x0000000024d64f40,0x0000000025070000)
  to   space 20608K, 0% used [0x0000000022a20000,0x0000000022a20000,0x0000000023e40000)
 PSOldGen        total 54336K, used 27561K [0x0000000015720000, 0x0000000018c30000, 0x00000000201d0000)
  object space 54336K, 50% used [0x0000000015720000,0x000000001720a6f8,0x0000000018c30000)
 PSPermGen       total 55360K, used 28460K [0x0000000010320000, 0x0000000013930000, 0x0000000015720000)
  object space 55360K, 51% used [0x0000000010320000,0x0000000011eeb3d0,0x0000000013930000)

Dynamic libraries:
0x0000000140000000 - 0x00000001400ca000 	C:\Program Files\scilab-5.3.2\bin\WScilex.exe
0x0000000076e60000 - 0x0000000077009000 	C:\Windows\SYSTEM32\ntdll.dll
0x0000000076d40000 - 0x0000000076e5f000 	C:\Windows\system32\kernel32.dll
0x000007fefd620000 - 0x000007fefd68c000 	C:\Windows\system32\KERNELBASE.dll
0x0000000076af0000 - 0x0000000076bea000 	C:\Windows\system32\USER32.dll
0x000007fefda90000 - 0x000007fefdaf7000 	C:\Windows\system32\GDI32.dll
0x000007fefefa0000 - 0x000007fefefae000 	C:\Windows\system32\LPK.dll
0x000007fefd790000 - 0x000007fefd859000 	C:\Windows\system32\USP10.dll
0x000007fefdce0000 - 0x000007fefdd7f000 	C:\Windows\system32\msvcrt.dll
0x0000000180000000 - 0x0000000180008000 	C:\Program Files\scilab-5.3.2\bin\GetWindowsVersion.dll
0x00000000723e0000 - 0x0000000072483000 	C:\Windows\WinSxS\amd64_microsoft.vc90.crt_1fc8b3b9a1e18e3b_9.0.30729.6161_none_08e61857a83bc251\MSVCR90.dll
0x000007fefde90000 - 0x000007fefdebe000 	C:\Windows\system32\IMM32.DLL
0x000007fefdd80000 - 0x000007fefde89000 	C:\Windows\system32\MSCTF.dll
0x0000000001cc0000 - 0x0000000001d2a000 	C:\Program Files\scilab-5.3.2\bin\scilab_windows.DLL
0x0000000001da0000 - 0x0000000001f3e000 	C:\Program Files\scilab-5.3.2\bin\Libscilab.dll
0x00000000001a0000 - 0x00000000001c0000 	C:\Program Files\scilab-5.3.2\bin\string.dll
0x0000000000440000 - 0x000000000044b000 	C:\Program Files\scilab-5.3.2\bin\string_f.dll
0x0000000001d30000 - 0x0000000001d68000 	C:\Program Files\scilab-5.3.2\bin\polynomials_f.dll
0x0000000001f40000 - 0x0000000001f7f000 	C:\Program Files\scilab-5.3.2\bin\output_stream.dll
0x0000000001f80000 - 0x0000000001fa5000 	C:\Program Files\scilab-5.3.2\bin\sciconsole.dll
0x0000000001d70000 - 0x0000000001d7d000 	C:\Program Files\scilab-5.3.2\bin\libjvm.dll
0x0000000001fb0000 - 0x0000000001fb9000 	C:\Program Files\scilab-5.3.2\bin\call_scilab.dll
0x0000000001fd0000 - 0x0000000002046000 	C:\Program Files\scilab-5.3.2\bin\graphics.dll
0x0000000002060000 - 0x00000000021ef000 	C:\Program Files\scilab-5.3.2\bin\scigui.dll
0x0000000002200000 - 0x00000000023da000 	C:\Program Files\scilab-5.3.2\bin\scirenderer.dll
0x00000000023f0000 - 0x00000000023f7000 	C:\Program Files\scilab-5.3.2\bin\MALLOC.dll
0x0000000002410000 - 0x0000000002419000 	C:\Program Files\scilab-5.3.2\bin\doublylinkedlist.dll
0x0000000072300000 - 0x00000000723d3000 	C:\Windows\WinSxS\amd64_microsoft.vc90.crt_1fc8b3b9a1e18e3b_9.0.30729.6161_none_08e61857a83bc251\MSVCP90.dll
0x0000000010000000 - 0x000000001031e000 	C:\Program Files\scilab-5.3.2\bin\libmmd.dll
0x0000000002430000 - 0x0000000002443000 	C:\Program Files\scilab-5.3.2\bin\libintl.dll
0x0000000002460000 - 0x000000000248f000 	C:\Program Files\scilab-5.3.2\bin\api_scilab.dll
0x00000000024a0000 - 0x00000000024b0000 	C:\Program Files\scilab-5.3.2\bin\scilocalization.dll
0x00000000024c0000 - 0x00000000024de000 	C:\Program Files\scilab-5.3.2\bin\io.dll
0x00000000024f0000 - 0x0000000002510000 	C:\Program Files\scilab-5.3.2\bin\io_f.dll
0x0000000002520000 - 0x0000000002533000 	C:\Program Files\scilab-5.3.2\bin\output_stream_f.dll
0x0000000002550000 - 0x00000000025cc000 	C:\Program Files\scilab-5.3.2\bin\elementary_functions_f.dll
0x00000000025e0000 - 0x00000000025fa000 	C:\Program Files\scilab-5.3.2\bin\elementary_functions.dll
0x0000000002610000 - 0x0000000002ead000 	C:\Program Files\scilab-5.3.2\bin\blasplus.dll
0x0000000002ec0000 - 0x000000000301d000 	C:\Program Files\scilab-5.3.2\bin\libifcoremd.dll
0x000007fefda70000 - 0x000007fefda89000 	C:\Windows\system32\imagehlp.dll
0x000007fefdf20000 - 0x000007fefdffb000 	C:\Windows\system32\ADVAPI32.dll
0x000007fefd770000 - 0x000007fefd78f000 	C:\Windows\SYSTEM32\sechost.dll
0x000007fefe000000 - 0x000007fefe12d000 	C:\Windows\system32\RPCRT4.dll
0x0000000003020000 - 0x00000000030e4000 	C:\Program Files\scilab-5.3.2\bin\libiomp5md.dll
0x00000000030f0000 - 0x0000000003e6e000 	C:\Program Files\scilab-5.3.2\bin\lapack.dll
0x0000000003e80000 - 0x0000000003eb9000 	C:\Program Files\scilab-5.3.2\bin\integer.dll
0x0000000003ed0000 - 0x0000000003ee4000 	C:\Program Files\scilab-5.3.2\bin\integer_f.dll
0x0000000003f00000 - 0x0000000003f14000 	C:\Program Files\scilab-5.3.2\bin\linpack_f.dll
0x0000000003f30000 - 0x0000000003f62000 	C:\Program Files\scilab-5.3.2\bin\fileio.dll
0x000007fefeec0000 - 0x000007fefef97000 	C:\Windows\system32\OLEAUT32.dll
0x000007fefd860000 - 0x000007fefda63000 	C:\Windows\system32\ole32.dll
0x0000000003f80000 - 0x0000000003f91000 	C:\Program Files\scilab-5.3.2\bin\libshell.dll
0x0000000003fb0000 - 0x0000000003fbf000 	C:\Program Files\scilab-5.3.2\bin\scicompletion.dll
0x0000000003fd0000 - 0x0000000003fdc000 	C:\Program Files\scilab-5.3.2\bin\functions.dll
0x0000000003ff0000 - 0x0000000003ff9000 	C:\Program Files\scilab-5.3.2\bin\functions_f.dll
0x0000000004010000 - 0x000000000403c000 	C:\Program Files\scilab-5.3.2\bin\scihistory_manager.dll
0x0000000004050000 - 0x000000000406e000 	C:\Program Files\scilab-5.3.2\bin\history_browser.dll
0x0000000004080000 - 0x0000000004088000 	C:\Program Files\scilab-5.3.2\bin\libst.dll
0x000007fefd690000 - 0x000007fefd701000 	C:\Windows\system32\SHLWAPI.dll
0x00000000040a0000 - 0x00000000040f0000 	C:\Program Files\scilab-5.3.2\bin\slatec_f.dll
0x0000000004100000 - 0x0000000004144000 	C:\Program Files\scilab-5.3.2\bin\cacsd_f.dll
0x0000000004160000 - 0x000000000423d000 	C:\Program Files\scilab-5.3.2\bin\slicot_f.dll
0x0000000004250000 - 0x000000000427b000 	C:\Program Files\scilab-5.3.2\bin\linear_algebra_f.dll
0x0000000004290000 - 0x000000000429f000 	C:\Program Files\scilab-5.3.2\bin\linear_algebra.dll
0x00000000042b0000 - 0x00000000042fc000 	C:\Program Files\scilab-5.3.2\bin\dynamic_link.dll
0x0000000004310000 - 0x0000000004320000 	C:\Program Files\scilab-5.3.2\bin\dynamic_link_f.dll
0x0000000004330000 - 0x0000000004338000 	C:\Program Files\scilab-5.3.2\bin\dynamiclibrary.dll
0x0000000004350000 - 0x00000000043fe000 	C:\Program Files\scilab-5.3.2\bin\differential_equations_f.dll
0x0000000004410000 - 0x0000000004421000 	C:\Program Files\scilab-5.3.2\bin\differential_equations.dll
0x0000000004440000 - 0x000000000444b000 	C:\Program Files\scilab-5.3.2\bin\eispack_f.dll
0x0000000004460000 - 0x00000000044b4000 	C:\Program Files\scilab-5.3.2\bin\sparse_f.dll
0x00000000044d0000 - 0x00000000044e0000 	C:\Program Files\scilab-5.3.2\bin\sparse.dll
0x00000000044f0000 - 0x00000000044fa000 	C:\Program Files\scilab-5.3.2\bin\hashtable.dll
0x0000000004510000 - 0x000000000465b000 	C:\Program Files\scilab-5.3.2\bin\libxml2.dll
0x000007fef4c10000 - 0x000007fef4c19000 	C:\Windows\system32\WSOCK32.dll
0x000007fefded0000 - 0x000007fefdf1d000 	C:\Windows\system32\WS2_32.dll
0x000007fefdec0000 - 0x000007fefdec8000 	C:\Windows\system32\NSI.dll
0x0000000004670000 - 0x0000000004757000 	C:\Program Files\scilab-5.3.2\bin\libiconv.dll
0x000007fefabb0000 - 0x000007fefabd1000 	C:\Program Files\scilab-5.3.2\bin\pcre.dll
0x0000000004780000 - 0x000000000478d000 	C:\Program Files\scilab-5.3.2\bin\boolean_f.dll
0x00000000047a0000 - 0x00000000047a9000 	C:\Program Files\scilab-5.3.2\bin\time.dll
0x00000000047c0000 - 0x00000000047cb000 	C:\Program Files\scilab-5.3.2\bin\fftw.dll
0x00000000047e0000 - 0x00000000047e8000 	C:\Program Files\scilab-5.3.2\bin\cacsd.dll
0x0000000004800000 - 0x000000000480e000 	C:\Program Files\scilab-5.3.2\bin\windows_tools.dll
0x000007fefe130000 - 0x000007fefeeb8000 	C:\Windows\system32\SHELL32.dll
0x000007fefbb30000 - 0x000007fefbb6b000 	C:\Windows\system32\WINMM.dll
0x0000000004820000 - 0x0000000004835000 	C:\Program Files\scilab-5.3.2\bin\boolean.dll
0x0000000004850000 - 0x0000000004868000 	C:\Program Files\scilab-5.3.2\bin\data_structures_f.dll
0x0000000004880000 - 0x000000000488d000 	C:\Program Files\scilab-5.3.2\bin\data_structures.dll
0x00000000048a0000 - 0x00000000048b0000 	C:\Program Files\scilab-5.3.2\bin\double.dll
0x00000000048c0000 - 0x00000000048d3000 	C:\Program Files\scilab-5.3.2\bin\double_f.dll
0x00000000048f0000 - 0x00000000048f8000 	C:\Program Files\scilab-5.3.2\bin\polynomials.dll
0x0000000004910000 - 0x0000000004918000 	C:\Program Files\scilab-5.3.2\bin\intersci.dll
0x000007feff050000 - 0x000007feff0e7000 	C:\Windows\system32\COMDLG32.dll
0x000007fef93c0000 - 0x000007fef9460000 	C:\Windows\WinSxS\amd64_microsoft.windows.common-controls_6595b64144ccf1df_5.82.7601.17514_none_a4d6a923711520a9\COMCTL32.dll
0x0000000004c30000 - 0x0000000004d2e000 	C:\Program Files\scilab-5.3.2\bin\gnu_gettext.dll
0x000007fefb880000 - 0x000007fefb8d6000 	C:\Windows\system32\uxtheme.dll
0x000007fefb460000 - 0x000007fefb478000 	C:\Windows\system32\dwmapi.dll
0x000007fefd1f0000 - 0x000007fefd1ff000 	C:\Windows\system32\CRYPTBASE.dll
0x000007fefefb0000 - 0x000007feff049000 	C:\Windows\system32\CLBCatQ.DLL
0x0000000004f30000 - 0x0000000004f95000 	C:\Program Files\WIDCOMM\Bluetooth Software\btmmhook.dll
0x0000000077030000 - 0x0000000077037000 	C:\Windows\system32\PSAPI.DLL
0x000000006d7f0000 - 0x000000006de95000 	C:\PROGRA~1\SCILAB~1.2\java\jre\bin\server\jvm.dll
0x000000006d760000 - 0x000000006d76e000 	C:\PROGRA~1\SCILAB~1.2\java\jre\bin\verify.dll
0x000000006d3b0000 - 0x000000006d3d7000 	C:\PROGRA~1\SCILAB~1.2\java\jre\bin\java.dll
0x000000006d310000 - 0x000000006d31a000 	C:\PROGRA~1\SCILAB~1.2\java\jre\bin\hpi.dll
0x000000006d7b0000 - 0x000000006d7c2000 	C:\PROGRA~1\SCILAB~1.2\java\jre\bin\zip.dll
0x0000000004fd0000 - 0x0000000004fd7000 	C:\Program Files\scilab-5.3.2\bin\scicommons.dll
0x000000006d000000 - 0x000000006d1c2000 	C:\Program Files\scilab-5.3.2\java\JRE\bin\awt.dll
0x000007fefb160000 - 0x000007fefb1d1000 	C:\Windows\system32\WINSPOOL.DRV
0x000000006d2a0000 - 0x000000006d30b000 	C:\Program Files\scilab-5.3.2\java\JRE\bin\fontmanager.dll
0x000000006d600000 - 0x000000006d617000 	C:\Program Files\scilab-5.3.2\java\JRE\bin\net.dll
0x000007fefcb30000 - 0x000007fefcb85000 	C:\Windows\system32\mswsock.dll
0x000007fefcb20000 - 0x000007fefcb27000 	C:\Windows\System32\wship6.dll
0x000000006d620000 - 0x000000006d62b000 	C:\Program Files\scilab-5.3.2\java\JRE\bin\nio.dll
0x000007fefcb90000 - 0x000007fefcba7000 	C:\Windows\system32\CRYPTSP.dll
0x000007fefc890000 - 0x000007fefc8d7000 	C:\Windows\system32\rsaenh.dll
0x000007fefc5c0000 - 0x000007fefc5de000 	C:\Windows\system32\USERENV.dll
0x000007fefd2c0000 - 0x000007fefd2cf000 	C:\Windows\system32\profapi.dll
0x000007fefae10000 - 0x000007fefae25000 	C:\Windows\system32\NLAapi.dll
0x000007fef8360000 - 0x000007fef8375000 	C:\Windows\system32\napinsp.dll
0x000007fef8340000 - 0x000007fef8359000 	C:\Windows\system32\pnrpnsp.dll
0x000007fef8310000 - 0x000007fef833e000 	C:\Program Files\Common Files\Microsoft Shared\Windows Live\WLIDNSP.DLL
0x000007fef8300000 - 0x000007fef8310000 	C:\Windows\system32\wshbth.dll
0x000007fefc9b0000 - 0x000007fefca0b000 	C:\Windows\system32\DNSAPI.dll
0x000007fef82f0000 - 0x000007fef82fb000 	C:\Windows\System32\winrnr.dll
0x0000000073bc0000 - 0x0000000073be6000 	C:\Program Files\Bonjour\mdnsNSP.dll
0x000007fefa740000 - 0x000007fefa767000 	C:\Windows\system32\Iphlpapi.DLL

VM Arguments:
jvm_args: -Djava.library.path= -Djava.util.logging.config.file=C:/PROGRA~1/SCILAB~1.2/etc/logging.properties -Djava.compiler=JIT -Xmx256m -Dapple.laf.useScreenMenuBar=true 
java_command: <unknown>
Launcher Type: generic

Environment Variables:
CLASSPATH=.;C:\Program Files (x86)\Java\jre6\lib\ext\QTJava.zip
PATH=C:/Program Files/scilab-5.3.2/bin;C:\Program Files\Broadcom\Broadcom 802.11\Driver;;C:\Program Files (x86)\MiKTeX 2.9\miktex\bin;C:\Program Files\NVIDIA GPU Computing Toolkit\CUDA\v4.0\bin\;C:\Program Files\Common Files\Microsoft Shared\Windows Live;C:\Program Files (x86)\Common Files\Microsoft Shared\Windows Live;C:\Windows\system32;C:\Windows;C:\Windows\System32\Wbem;C:\Windows\System32\WindowsPowerShell\v1.0\;C:\Program Files (x86)\Windows Live\Shared;C:\Program Files (x86)\ATI Technologies\ATI.ACE\Core-Static;C:\Program Files\WIDCOMM\Bluetooth Software\;C:\Program Files\WIDCOMM\Bluetooth Software\syswow64;C:\Program Files (x86)\QuickTime\QTSystem\;C:\Program Files\TortoiseSVN\bin
USERNAME=mike
OS=Windows_NT
PROCESSOR_IDENTIFIER=AMD64 Family 16 Model 5 Stepping 3, AuthenticAMD



---------------  S Y S T E M  ---------------

OS: Windows 7 Build 7601 Service Pack 1

CPU:total 4 (4 cores per cpu, 1 threads per core) family 16 model 5 stepping 3, cmov, cx8, fxsr, mmx, sse, sse2, sse3, popcnt, mmxext, 3dnow, 3dnowext, lzcnt, sse4a

Memory: 4k page, physical 3926940k(1415316k free), swap 7852028k(4403584k free)

vm_info: Java HotSpot(TM) 64-Bit Server VM (16.0-b13) for windows-amd64 JRE (1.6.0_18-b07), built on Dec 17 2009 13:24:11 by "java_re" with MS VC++ 8.0 (VS2005)

time: Tue Apr 24 17:34:12 2012
elapsed time: 4405 seconds

