2000.000000
0.095163 0.990050 0.000000
0.180322 1.003871 0.000930
0.258693 1.038736 0.002692
0.332924 1.092745 0.005272
0.405231 1.164671 0.008724
0.477501 1.253850 0.013151
0.551380 1.360092 0.018713
0.628339 1.483614 0.025621
0.709729 1.624994 0.034146
0.796828 1.785132 0.044628
0.890878 1.965231 0.057490
0.993116 2.166776 0.073253
1.104804 2.391535 0.092560
1.227253 2.641546 0.116197
1.361840 2.919127 0.145129
1.510035 3.226879 0.180539
1.673414 3.567686 0.223871
1.853678 3.944729 0.276893
2.052667 4.361481 0.341763
2.272380 4.821714 0.421113
2.514981 5.329479 0.518152
2.782815 5.889096 0.636781
3.078417 6.505104 0.781741
3.404508 7.182201 0.958778
3.764003 7.925145 1.174835
4.159987 8.738600 1.438281
4.595699 9.626930 1.759154
5.074483 10.593898 2.149440
5.599724 11.642258 2.623360
6.174746 12.773202 3.197647
6.802671 13.985639 3.891792
7.486220 15.275247 4.728206
8.227443 16.633286 5.732212
9.027363 18.045129 6.931781
9.885515 19.488534 8.356846
10.799362 20.931684 10.038023
11.763578 22.331158 12.004493
12.769214 23.630078 14.280828
13.802759 24.756889 16.882536
14.845180 25.625405 19.810256
15.871051 26.137017 23.042825
16.847984 26.186026 26.529865
17.736612 25.669003 30.185260
18.491474 24.498485 33.883597
19.063114 22.620198 37.462234
19.401613 20.031270 40.731567
19.461532 16.794986 43.494771
19.207779 13.046442 45.575603
18.621453 8.984205 46.849130
17.704352 4.846460 47.267209
16.480765 0.875617 46.870101
14.995742 -2.719494 45.779147
13.309917 -5.792894 44.172082
11.492046 -8.274325 42.248886
9.611029 -10.164367 40.198814
7.729152 -11.516713 38.177021
5.897667 -12.415518 36.294040
4.154938 -12.954747 34.616440
2.526736 -13.223411 33.174384
1.027912 -13.297352 31.971719
-0.335318 -13.236347 30.995526
-1.563013 -13.084639 30.223698
-2.659440 -12.873204 29.630194
-3.631408 -12.622590 29.188327
-4.487032 -12.345655 28.872577
-5.234878 -12.049916 28.659449
-5.883414 -11.739403 28.527757
-6.440684 -11.416076 28.458619
-6.914153 -11.080835 28.435307
-7.310664 -10.734239 28.443073
-7.636458 -10.376974 28.468988
-7.897252 -10.010133 28.501809
-8.098318 -9.635363 28.531883
-8.244586 -9.254892 28.551078
-8.340728 -8.871491 28.552721
-8.391236 -8.488372 28.531544
-8.400480 -8.109048 28.483622
-8.372747 -7.737179 28.406292
-8.312266 -7.376414 28.298054
-8.223209 -7.030240 28.158455
-8.109684 -6.701856 27.987959
-7.975713 -6.394065 27.787794
-7.825200 -6.109204 27.559812
-7.661903 -5.849105 27.306336
-7.489393 -5.615077 27.030020
-7.311029 -5.407927 26.733723
-7.129926 -5.227996 26.420395
-6.948935 -5.075208 26.092988
-6.770627 -4.949136 25.754382
-6.597290 -4.849069 25.407334
-6.430926 -4.774081 25.054438
-6.273257 -4.723095 24.698109
-6.125741 -4.694943 24.340572
-5.989583 -4.688421 23.983867
-5.865762 -4.702329 23.629855
-5.755047 -4.735509 23.280235
-5.658026 -4.786870 22.936562
-5.575126 -4.855408 22.600266
-5.506636 -4.940218 22.272674
-5.452735 -5.040497 21.955030
-5.413506 -5.155550 21.648512
-5.388959 -5.284781 21.354255
-5.379046 -5.427685 21.073365
-5.383674 -5.583842 20.806935
-5.402722 -5.752898 20.556059
-5.436045 -5.934553 20.321848
-5.483484 -6.128543 20.105436
-5.544868 -6.334618 19.907993
-5.620022 -6.552526 19.730735
-5.708761 -6.781986 19.574923
-5.810891 -7.022666 19.441876
-5.926206 -7.274156 19.332965
-6.054479 -7.535944 19.249617
-6.195459 -7.807381 19.193310
-6.348852 -8.087655 19.165563
-6.514321 -8.375756 19.167922
-6.691459 -8.670443 19.201945
-6.879783 -8.970212 19.269170
-7.078713 -9.273261 19.371090
-7.287551 -9.577460 19.509103
-7.505463 -9.880321 19.684472
-7.731460 -10.178977 19.898251
-7.964371 -10.470169 20.151225
-8.202828 -10.750240 20.443822
-8.445245 -11.015146 20.776027
-8.689802 -11.260491 21.147282
-8.934434 -11.481573 21.556389
-9.176825 -11.673463 22.001405
-9.414411 -11.831115 22.479550
-9.644389 -11.949496 22.987127
-9.863748 -12.023758 23.519462
-10.069298 -12.049428 24.070884
-10.257731 -12.022624 24.634735
-10.425682 -11.940278 25.203440
-10.569813 -11.800366 25.768633
-10.686914 -11.602112 26.321343
-10.774005 -11.346162 26.852237
-10.828452 -11.034700 27.351920
-10.848077 -10.671495 27.811269
-10.831275 -10.261863 28.221788
-10.777090 -9.812534 28.575951
-10.685302 -9.331435 28.867523
-10.556466 -8.827388 29.091805
-10.391923 -8.309756 29.245817
-10.193780 -7.788049 29.328363
-9.964846 -7.271531 29.340013
-9.708545 -6.768857 29.282975
-9.428798 -6.287763 29.160890
-9.129890 -5.834831 28.978573
-8.816325 -5.415344 28.741700
-8.492680 -5.033224 28.456511
-8.163471 -4.691054 28.129507
-7.833028 -4.390174 27.767193
-7.505398 -4.130816 27.375860
-7.184265 -3.912285 26.961422
-6.872896 -3.733145 26.529307
-6.574110 -3.591416 26.084392
-6.290270 -3.484747 25.630984
-6.023290 -3.410580 25.172827
-5.774659 -3.366286 24.713137
-5.545473 -3.349274 24.254651
-5.336478 -3.357075 23.799686
-5.148113 -3.387407 23.350197
-4.980561 -3.438212 22.907837
-4.833788 -3.507684 22.474013
-4.707593 -3.594274 22.049939
-4.601647 -3.696695 21.636679
-4.515530 -3.813910 21.235186
-4.448763 -3.945115 20.846340
-4.400835 -4.089726 20.470974
-4.371230 -4.247354 20.109899
-4.359442 -4.417785 19.763930
-4.364993 -4.600953 19.433902
-4.387447 -4.796922 19.120691
-4.426413 -5.005858 18.825225
-4.481554 -5.228008 18.548506
-4.552588 -5.463675 18.291616
-4.639289 -5.713193 18.055738
-4.741484 -5.976905 17.842164
-4.859049 -6.255130 17.652311
-4.991903 -6.548139 17.487729
-5.139998 -6.856121 17.350111
-5.303308 -7.179146 17.241305
-5.481817 -7.517129 17.163316
-5.675501 -7.869785 17.118307
-5.884314 -8.236576 17.108598
-6.108161 -8.616661 17.136657
-6.346875 -9.008836 17.205080
-6.600193 -9.411465 17.316561
-6.867720 -9.822414 17.473851
-7.148896 -10.238979 17.679699
-7.442955 -10.657812 17.936770
-7.748888 -11.074858 18.247549
-8.065395 -11.485293 18.614214
-8.390840 -11.883485 19.038487
-8.723208 -12.262971 19.521449
-9.060060 -12.616477 20.063344
-9.398496 -12.935976 20.663345
-9.735130 -13.212811 21.319324
-10.066074 -13.437874 22.027607
-10.386942 -13.601877 22.782756
-10.692882 -13.695691 23.577392
-10.978636 -13.710776 24.402081
-11.238632 -13.639669 25.245321
-11.467119 -13.476519 26.093662
-11.658337 -13.217639 26.931972
-11.806723 -12.862007 27.743869
-11.907145 -12.411681 28.512321
-11.955156 -11.872050 29.220386
-11.947249 -11.251881 29.852037
-11.881078 -10.563126 30.393026
-11.755660 -9.820464 30.831681
-11.571503 -9.040612 31.159566
-11.330659 -8.241453 31.371930
-11.036683 -7.441065 31.467866
-10.694517 -6.656744 31.450206
-10.310273 -5.904127 31.325119
-9.890974 -5.196492 31.101512
-9.444237 -4.544294 30.790293
-8.977948 -3.954953 30.403574
-8.499949 -3.432888 29.953908
-8.017756 -2.979748 29.453631
-7.538328 -2.594797 28.914332
-7.067891 -2.275374 28.346492
-6.611824 -2.017385 27.759271
-6.174606 -1.815783 27.160429
-5.759811 -1.664982 26.556358
-5.370137 -1.559219 25.952179
-5.007482 -1.492826 25.351891
-4.673019 -1.460439 24.758540
-4.367303 -1.457134 24.174381
-4.090364 -1.478513 23.601046
-3.841815 -1.520739 23.039679
-3.620936 -1.580544 22.491058
-3.426768 -1.655212 21.955696
-3.258183 -1.742544 21.433919
-3.113951 -1.840815 20.925926
-2.992797 -1.948732 20.431839
-2.893441 -2.065376 19.951741
-2.814641 -2.190166 19.485696
-2.755215 -2.322808 19.033775
-2.714066 -2.463259 18.596067
-2.690199 -2.611690 18.172696
-2.682728 -2.768456 17.763826
-2.690886 -2.934069 17.369672
-2.714027 -3.109175 16.990511
-2.751630 -3.294534 16.626687
-2.803294 -3.491008 16.278623
-2.868738 -3.699539 15.946833
-2.947799 -3.921146 15.631931
-3.040425 -4.156906 15.334648
-3.146672 -4.407947 15.055846
-3.266697 -4.675438 14.796533
-3.400756 -4.960573 14.557888
-3.549192 -5.264555 14.341276
-3.712430 -5.588586 14.148276
-3.890969 -5.933834 13.980707
-4.085372 -6.301412 13.840649
-4.296255 -6.692341 13.730478
-4.524272 -7.107507 13.652893
-4.770098 -7.547602 13.610942
-5.034411 -8.013064 13.608050
-5.317867 -8.503993 13.648041
-5.621065 -9.020051 13.735155
-5.944520 -9.560349 13.874045
-6.288611 -10.123311 14.069765
-6.653529 -10.706518 14.327731
-7.039220 -11.306530 14.653654
-7.445307 -11.918702 15.053427
-7.871005 -12.536971 15.532963
-8.315029 -13.153664 16.097969
-8.775484 -13.759301 16.753639
-9.249755 -14.342445 17.504267
-9.734386 -14.889617 18.352764
-10.224969 -15.385307 19.300081
-10.716037 -15.812131 20.344566
-11.200993 -16.151190 21.481254
-11.672065 -16.382653 22.701175
-12.120335 -16.486625 23.990732
-12.535841 -16.444299 25.331259
-12.907778 -16.239357 26.698873
-13.224818 -15.859578 28.064749
-13.475547 -15.298484 29.395927
-13.649020 -14.556838 30.656704
-13.735409 -13.643758 31.810603
-13.726689 -12.577197 32.822789
-13.617302 -11.383591 33.662698
-13.404738 -10.096574 34.306539
-13.089927 -8.754810 34.739317
-12.677388 -7.399181 34.956025
-12.175102 -6.069684 34.961808
-11.594098 -4.802472 34.771042
-10.947792 -3.627468 34.405517
-10.251173 -2.566809 33.892042
-9.519911 -1.634272 33.259848
-8.769495 -0.835599 32.538165
-8.014487 -0.169520 31.754256
-7.267941 0.370788 30.932072
-6.541021 0.796090 30.091524
-5.842804 1.119547 29.248303
-5.180249 1.355390 28.414106
-4.558302 1.517882 27.597125
-3.980077 1.620573 26.802651
-3.447105 1.675838 26.033710
-2.959593 1.694618 25.291647
-2.516687 1.686345 24.576625
-2.116716 1.658964 23.888029
-1.757413 1.619037 23.224781
-1.436101 1.571885 22.585561
-1.149854 1.521743 21.968962
-0.895618 1.471923 21.373598
-0.670317 1.424960 20.798159
-0.470925 1.382756 20.241444
-0.294524 1.346700 19.702380
-0.138341 1.317775 19.180012
0.000227 1.296652 18.673504
0.123598 1.283764 18.182127
0.234002 1.279375 17.705243
0.333483 1.283630 17.242297
0.423901 1.296599 16.792802
0.506949 1.318315 16.356335
0.584161 1.348798 15.932525
0.656926 1.388082 15.521047
0.726504 1.436230 15.121620
0.794044 1.493348 14.734002
0.860591 1.559600 14.357988
0.927110 1.635209 13.993412
0.994495 1.720473 13.640146
1.063580 1.815765 13.298099
1.135160 1.921536 12.967226
1.209993 2.038327 12.647527
1.288819 2.166765 12.339054
1.372367 2.307569 12.041917
1.461363 2.461555 11.756293
1.556543 2.629636 11.482431
1.658661 2.812829 11.220670
1.768494 3.012255 10.971445
1.886854 3.229140 10.735307
2.014589 3.464823 10.512939
2.152596 3.720748 10.305178
2.301825 3.998470 10.113039
2.463282 4.299649 9.937744
2.638035 4.626044 9.780753
2.827218 4.979502 9.643804
3.032035 5.361946 9.528956
3.253754 5.775343 9.438637
3.493715 6.221684 9.375700
3.753314 6.702925 9.343481
4.034006 7.220941 9.345871
4.337282 7.777433 9.387383
4.664655 8.373836 9.473231
5.017629 9.011176 9.609397
5.397665 9.689909 9.802705
5.806125 10.409705 10.060870
6.244212 11.169189 10.392539
6.712884 11.965630 10.807277
7.212748 12.794564 11.315515
7.743926 13.649366 11.928399
8.305902 14.520764 12.657539
8.897322 15.396324 13.514606
9.515782 16.259929 14.510735
10.157571 17.091302 15.655706
10.817400 17.865664 16.956854
11.488129 18.553621 18.417706
12.160497 19.121424 20.036351
12.822914 19.531759 21.803638
13.461342 19.745239 23.701331
14.059331 19.722720 25.700493
14.598272 19.428482 27.760438
15.057925 18.834196 29.828681
15.417283 17.923317 31.842319
15.655761 16.695333 33.731180
15.754687 15.169089 35.422806
15.698963 13.384255 36.848940
15.478691 11.400188 37.952707
15.090572 9.291834 38.695288
14.538752 7.142980 39.060704
13.834955 5.037842 39.057626
12.997802 3.052540 38.717630
12.051388 1.248061 38.090325
11.023317 -0.334061 37.236427
9.942522 -1.672876 36.220239
8.837172 -2.766245 35.103001
7.732962 -3.627091 33.938063
6.651911 -4.278734 32.768232
5.611724 -4.750321 31.625103
4.625646 -5.072985 30.529859
3.702700 -5.277025 29.494931
2.848166 -5.390122 28.525983
2.064190 -5.436414 27.623851
1.350413 -5.436213 26.786214
0.704580 -5.406123 26.008913
0.123070 -5.359405 25.286920
-0.398656 -5.306429 24.615004
-0.865693 -5.255157 23.988152
-1.283405 -5.211583 23.401814
-1.657221 -5.180137 22.852014
-1.992470 -5.164014 22.335391
-2.294282 -5.165458 21.849184
-2.567510 -5.185988 21.391182
-2.816691 -5.226582 20.959680
-3.046022 -5.287812 20.553413
-3.259356 -5.369967 20.171504
-3.460206 -5.473128 19.813420
-3.651760 -5.597242 19.478923
-3.836896 -5.742160 19.168047
-4.018206 -5.907676 18.881064
-4.198012 -6.093540 18.618469
-4.378395 -6.299471 18.380966
-4.561209 -6.525154 18.169458
-4.748102 -6.770230 17.985036
-4.940532 -7.034282 17.828985
-5.139778 -7.316811 17.702768
-5.346950 -7.617200 17.608033
-5.562992 -7.934682 17.546598
-5.788687 -8.268297 17.520447
-6.024652 -8.616836 17.531707
-6.271330 -8.978794 17.582644
-6.528979 -9.352302 17.675615
-6.797652 -9.735069 17.813031
-7.077184 -10.124314 17.997302
-7.367155 -10.516700 18.230762
-7.666873 -10.908271 18.515574
-7.975332 -11.294408 18.853620
-8.291183 -11.669779 19.246362
-8.612697 -12.028330 19.694684
-8.937736 -12.363301 20.198705
-9.263721 -12.667273 20.757587
-9.587610 -12.932278 21.369318
-9.905896 -13.149961 22.030511
-10.214608 -13.311805 22.736200
-10.509344 -13.409435 23.479692
-10.785323 -13.434985 24.252461
-11.037470 -13.381529 25.044132
-11.260535 -13.243535 25.842576
-11.449241 -13.017354 26.634132
-11.598465 -12.701665 27.403966
-11.703447 -12.297847 28.136579
-11.760010 -11.810223 28.816436
-11.764787 -11.246133 29.428681
-11.715432 -10.615803 29.959883
-11.610790 -9.931997 30.398759
-11.451033 -9.209457 30.736777
-11.237721 -8.464174 30.968597
-10.973784 -7.712561 31.092286
-10.663440 -6.970597 31.109286
-10.312021 -6.253024 31.024154
-9.925757 -5.572689 30.844071
-9.511510 -4.940061 30.578257
-9.076480 -4.362974 30.237281
-8.627933 -3.846569 29.832383
-8.172928 -3.393438 29.374860
-7.718101 -3.003900 28.875561
-7.269487 -2.676381 28.344502
-6.832397 -2.407834 27.790626
-6.411346 -2.194159 27.221674
-6.010029 -2.030597 26.644172
-5.631337 -1.912069 26.063477
-5.277403 -1.833454 25.483887
-4.949669 -1.789802 24.908777
-4.648969 -1.776486 24.340739
-4.375617 -1.789305 23.781727
-4.129498 -1.824543 23.233187
-3.910154 -1.878985 22.696171
-3.716863 -1.949923 22.171438
-3.548717 -2.035131 21.659531
-3.404681 -2.132834 21.160843
-3.283649 -2.241672 20.675667
-3.184493 -2.360656 20.204238
-3.106095 -2.489126 19.746759
-3.047383 -2.626717 19.303431
-3.007351 -2.773312 18.874463
-2.985080 -2.929015 18.460096
-2.979745 -3.094120 18.060610
-2.990629 -3.269079 17.676337
-3.017127 -3.454483 17.307671
-3.058746 -3.651041 16.955081
-3.115110 -3.859560 16.619121
-3.185953 -4.080930 16.300442
-3.271121 -4.316107 15.999806
-3.370564 -4.566101 15.718102
-3.484334 -4.831961 15.456362
-3.612577 -5.114757 15.215777
-3.755528 -5.415566 14.997718
-3.913501 -5.735447 14.803761
-4.086882 -6.075420 14.635703
-4.276115 -6.436435 14.495591
-4.481696 -6.819334 14.385744
-4.704150 -7.224809 14.308778
-4.944022 -7.653346 14.267629
-5.201847 -8.105161 14.265570
-5.478132 -8.580119 14.306226
-5.773324 -9.077646 14.393584
-6.087770 -9.596613 14.531981
-6.421680 -10.135219 14.726080
-6.775068 -10.690842 14.980823
-7.147702 -11.259890 15.301353
-7.539027 -11.837629 15.692896
-7.948091 -12.418011 16.160597
-8.373458 -12.993512 16.709293
-8.813112 -13.554984 17.343228
-9.264359 -14.091547 18.065682
-9.723724 -14.590553 18.878535
-10.186862 -15.037643 19.781755
-10.648473 -15.416943 20.772832
-11.102252 -15.711428 21.846182
-11.540871 -15.903496 22.992585
-11.956028 -15.975769 24.198698
-12.338555 -15.912137 25.446751
-12.678625 -15.698961 26.714518
-12.966046 -15.326459 27.975653
-13.190667 -14.790056 29.200466
-13.342867 -14.091584 30.357202
-13.414115 -13.240127 31.413747
-13.397560 -12.252325 32.339691
-13.288578 -11.151972 33.108514
-13.085255 -9.968870 33.699640
-12.788694 -8.736980 34.100066
-12.403124 -7.492065 34.305322
-11.935777 -6.269118 34.319567
-11.396525 -5.099919 34.154856
-10.797326 -4.011037 33.829633
-10.151528 -3.022513 33.366794
-9.473114 -2.147314 32.791549
-8.775974 -1.391523 32.129392
-8.073252 -0.755121 31.404437
-7.376842 -0.233138 30.638209
-6.697030 0.183031 29.848957
-6.042306 0.504327 29.051408
-5.419313 0.742888 28.256870
-4.832903 0.911116 27.473584
-4.286288 1.021001 26.707184
-3.781233 1.083652 25.961219
-3.318279 1.109034 25.237634
-2.896965 1.105845 24.537210
-2.516047 1.081502 23.859918
-2.173696 1.042199 23.205210
-1.867663 0.993010 22.572226
-1.595434 0.938012 21.959953
-1.354345 0.880419 21.367325
-1.141680 0.822705 20.793293
-0.954744 0.766731 20.236864
-0.790924 0.713853 19.697122
-0.647726 0.665017 19.173235
-0.522802 0.620846 18.664454
-0.413969 0.581711 18.170110
-0.319218 0.547791 17.689600
-0.236711 0.519120 17.222385
-0.164784 0.495636 16.767978
-0.101937 0.477207 16.325935
-0.046824 0.463661 15.895849
0.001755 0.454805 15.477347
0.044868 0.450446 15.070080
0.083464 0.450397 14.673721
0.118382 0.454492 14.287963
0.150367 0.462587 13.912517
0.180079 0.474573 13.547105
0.208104 0.490373 13.191466
0.234965 0.509945 12.845349
0.261133 0.533288 12.508515
0.287032 0.560439 12.180737
0.313050 0.591474 11.861797
0.339546 0.626513 11.551490
0.366854 0.665715 11.249620
0.395294 0.709284 10.956004
0.425174 0.757465 10.670471
0.456796 0.810550 10.392863
0.490460 0.868877 10.123036
0.526471 0.932834 9.860861
0.565141 1.002858 9.606226
0.606796 1.079443 9.359037
0.651774 1.163138 9.119224
0.700436 1.254555 8.886739
0.753168 1.354373 8.661563
0.810380 1.463339 8.443706
0.872517 1.582279 8.233217
0.940059 1.712099 8.030190
1.013529 1.853795 7.834763
1.093490 2.008457 7.647137
1.180561 2.177279 7.467580
1.275411 2.361565 7.296441
1.378772 2.562735 7.134162
1.491441 2.782337 6.981299
1.614285 3.022052 6.838540
1.748252 3.283699 6.706728
1.894368 3.569244 6.586895
2.053754 3.880804 6.480287
2.227620 4.220643 6.388412
2.417281 4.591177 6.313084
2.624154 4.994959 6.256475
2.849765 5.434666 6.221185
3.095751 5.913076 6.210308
3.363854 6.433024 6.227522
3.655923 6.997347 6.277186
3.973901 7.608803 6.364443
4.319807 8.269963 6.495337
4.695713 8.983058 6.676942
5.103707 9.749787 6.917488
5.545839 10.571055 7.226483
6.024051 11.446651 7.614829
6.540078 12.374828 8.094890
7.095327 13.351795 8.680506
7.690707 14.371095 9.386918
8.326429 15.422874 10.230539
9.001743 16.493055 11.228533
9.714634 17.562441 12.398102
10.461450 18.605821 13.755433
11.236487 19.591173 15.314183
12.031538 20.479159 17.083467
12.835433 21.223123 19.065321
13.633624 21.769896 21.251708
14.407890 22.061763 23.621284
15.136249 22.039901 26.136332
15.793216 21.649460 28.740498
16.350509 20.846244 31.358170
16.778332 19.604407 33.896422
17.047267 17.924105 36.250283
17.130706 15.837447 38.311571
17.007639 13.410858 39.980641
16.665362 10.742260 41.179306
16.101707 7.952469 41.862278
15.326208 5.171756 42.024257
14.359888 2.524125 41.700584
13.233569 0.112775 40.960935
11.984962 -1.990023 39.897805
10.655069 -3.746820 38.612571
9.284549 -5.152739 37.202558
7.910661 -6.228776 35.751514
6.565117 -7.013076 34.324513
5.272982 -7.552410 32.966956
4.052485 -7.895265 31.706480
2.915507 -8.087131 30.556420
1.868468 -8.167853 29.519685
0.913386 -8.170608 28.592299
0.048929 -8.121958 27.766270
-0.728633 -8.042491 27.031699
-1.424639 -7.947737 26.378205
-2.045393 -7.849119 25.795812
-2.597691 -7.754823 25.275438
-3.088456 -7.670542 24.809118
-3.524499 -7.600086 24.390055
-3.912342 -7.545855 24.012575
-4.258115 -7.509212 23.672021
-4.567497 -7.490760 23.364636
-4.845682 -7.490549 23.087435
-5.097373 -7.508231 22.838080
-5.326796 -7.543173 22.614780
-5.537711 -7.594539 22.416191
-5.733443 -7.661343 22.241333
-5.916906 -7.742489 22.089525
-6.090633 -7.836802 21.960320
-6.256802 -7.943037 21.853456
-6.417267 -8.059895 21.768813
-6.573583 -8.186018 21.706375
-6.727026 -8.319996 21.666194
-6.878616 -8.460359 21.648358
-7.029138 -8.605574 21.652958
-7.179154 -8.754043 21.680077
-7.329024 -8.904094 21.729739
-7.478911 -9.053980 21.801892
-7.628797 -9.201883 21.896378
-7.778495 -9.345912 22.012904
-7.927654 -9.484112 22.151011
-8.075769 -9.614476 22.310051
-8.222195 -9.734961 22.489156
-8.366153 -9.843514 22.687217
-8.506741 -9.938095 22.902856
-8.642951 -10.016719 23.134416
-8.773681 -10.077487 23.379946
-8.897754 -10.118643 23.637198
-9.013936 -10.138614 23.903632
-9.120962 -10.136068 24.176433
-9.217561 -10.109957 24.452533
-9.302482 -10.059574 24.728654
-9.374528 -9.984597 25.001357
-9.432582 -9.885122 25.267100
-9.475646 -9.761695 25.522310
-9.502866 -9.615319 25.763465
-9.513565 -9.447456 25.987169
-9.507276 -9.260005 26.190244
-9.483746 -9.055270 26.369802
-9.442973 -8.835907 26.523326
-9.385204 -8.604858 26.648725
-9.310945 -8.365273 26.744390
-9.220954 -8.120427 26.809219
-9.116226 -7.873631 26.842636
-8.997979 -7.628145 26.844581
-8.867623 -7.387095 26.815497
-8.726734 -7.153403 26.756272
-8.577013 -6.929724 26.668213
-8.420254 -6.718402 26.552970
-8.258302 -6.521440 26.412482
-8.093019 -6.340485 26.248902
-7.926244 -6.176826 26.064540
-7.759766 -6.031407 25.861794
-7.595292 -5.904854 25.643101
-7.434427 -5.797498 25.410889
-7.278653 -5.709417 25.167538
-7.129322 -5.640473 24.915352
-6.987640 -5.590355 24.656539
-6.854672 -5.558611 24.393195
-6.731336 -5.544690 24.127298
-6.618413 -5.547970 23.860708
-6.516548 -5.567793 23.595169
-6.426263 -5.603483 23.332315
-6.347966 -5.654363 23.073680
-6.281961 -5.719773 22.820710
-6.228463 -5.799080 22.574768
-6.187603 -5.891680 22.337152
-6.159443 -5.997003 22.109105
-6.143985 -6.114507 21.891823
-6.141181 -6.243681 21.686468
-6.150934 -6.384031 21.494176
-6.173116 -6.535076 21.316063
-6.207560 -6.696331 21.153235
-6.254072 -6.867302 21.006792
-6.312427 -7.047465 20.877826
-6.382375 -7.236254 20.767431
-6.463631 -7.433045 20.676695
-6.555882 -7.637135 20.606701
-6.658776 -7.847729 20.558518
-6.771919 -8.063917 20.533195
-6.894868 -8.284661 20.531745
-7.027123 -8.508773 20.555132
-7.168120 -8.734899 20.604255
-7.317218 -8.961508 20.679920
-7.473692 -9.186874 20.782807
-7.636721 -9.409073 20.913444
-7.805382 -9.625975 21.072167
-7.978633 -9.835249 21.259080
-8.155312 -10.034374 21.474008
-8.334128 -10.220653 21.716451
-8.513653 -10.391247 21.985541
-8.692329 -10.543214 22.279988
-8.868462 -10.673561 22.598044
-9.040239 -10.779312 22.937462
-9.205732 -10.857584 23.295475
-9.362926 -10.905680 23.668781
-9.509737 -10.921185 24.053549
-9.644053 -10.902075 24.445446
-9.763768 -10.846814 24.839688
-9.866832 -10.754462 25.231109
-9.951300 -10.624764 25.614270
-10.015387 -10.458223 25.983577
-10.057527 -10.256144 26.333424
-10.076427 -10.020652 26.658358
-10.071120 -9.754674 26.953238
-10.041008 -9.461880 27.213401
-9.985898 -9.146593 27.434808
-9.906029 -8.813656 27.614176
-9.802077 -8.468288 27.749070
-9.675152 -8.115904 27.837967
-9.526771 -7.761941 27.880276
-9.358827 -7.411678 27.876320
-9.173532 -7.070082 27.827258
-8.973364 -6.741667 27.735012
-8.760991 -6.430386 27.602149
-8.539206 -6.139565 27.431742
-8.310851 -5.871858 27.227241
-8.078751 -5.629252 26.992331
-7.845652 -5.413087 26.730815
-7.614164 -5.224109 26.446495
-7.386721 -5.062538 26.143094
-7.165547 -4.928148 25.824174
-6.952631 -4.820350 25.493095
-6.749719 -4.738275 25.152977
-6.558306 -4.680854 24.806690
-6.379643 -4.646894 24.456850
-6.214751 -4.635136 24.105825
-6.064432 -4.644308 23.755754
-5.929290 -4.673177 23.408569
-5.809756 -4.720568 23.066015
-5.706107 -4.785397 22.729680
-5.618490 -4.866683 22.401018
-5.546947 -4.963554 22.081374
-5.491431 -5.075254 21.772007
-5.451827 -5.201134 21.474115
-5.427971 -5.340650 21.188851
-5.419662 -5.493347 20.917342
-5.426674 -5.658851 20.660707
-5.448767 -5.836850 20.420067
-5.485698 -6.027079 20.196563
-5.537216 -6.229298 19.991366
-5.603076 -6.443272 19.805682
-5.683030 -6.668752 19.640762
-5.776833 -6.905447 19.497911
-5.884234 -7.152999 19.378485
-6.004972 -7.410961 19.283893
-6.138769 -7.678761 19.215599
-6.285318 -7.955678 19.175109
-6.444273 -8.240806 19.163963
-6.615235 -8.533025 19.183716
-6.797736 -8.830964 19.235928
-6.991222 -9.132969 19.322118
-7.195035 -9.437070 19.443735
-7.408392 -9.740952 19.602111
-7.630363 -10.041933 19.798404
-7.859853 -10.336937 20.033530
-8.095578 -10.622495 20.308091
-8.336045 -10.894744 20.622285
-8.579536 -11.149449 20.975812
-8.824094 -11.382047 21.367777
-9.067514 -11.587707 21.796588
-9.307341 -11.761430 22.259857
-9.540877 -11.898165 22.754314
-9.765201 -11.992965 23.275738
-9.977200 -12.041170 23.818913
-10.173611 -12.038612 24.377630
-10.351088 -11.981830 24.944726
-10.506272 -11.868303 25.512182
-10.635885 -11.696668 26.071284
-10.736831 -11.466911 26.612840
-10.806306 -11.180509 27.127454
-10.841914 -10.840507 27.605846
-10.841781 -10.451526 28.039202
-10.804645 -10.019670 28.419524
-10.729946 -9.552346 28.739964
-10.617884 -9.058002 28.995104
-10.469443 -8.545791 29.181173
-10.286385 -8.025195 29.296160
-10.071206 -7.505625 29.339841
-9.827060 -6.996046 29.313705
-9.557655 -6.504636 29.220760
-9.267123 -6.038518 29.065316
-8.959882 -5.603573 28.852688
-8.640488 -5.204340 28.588893
-8.313497 -4.844003 28.280338
-7.983332 -4.524452 27.933549
-7.654177 -4.246405 27.554929
-7.329886 -4.009568 27.150575
-7.013917 -3.812823 26.726141
-6.709294 -3.654418 26.286757
-6.418585 -3.532154 25.836986
-6.143905 -3.443553 25.380824
-5.886934 -3.386009 24.921719
-5.648940 -3.356903 24.462621
-5.430825 -3.353707 24.006028
-5.233162 -3.374048 23.554055
-5.056244 -3.415767 23.108483
-4.900133 -3.476943 22.670828
-4.764699 -3.555911 22.242385
-4.649669 -3.651266 21.824283
-4.554659 -3.761860 21.417521
-4.479215 -3.886786 21.023011
-4.422838 -4.025362 20.641602
-4.385014 -4.177113 20.274117
-4.365230 -4.341748 19.921365
-4.362996 -4.519136 19.584172
-4.377854 -4.709285 19.263394
-4.409393 -4.912315 18.959933
-4.457252 -5.128440 18.674758
-4.521123 -5.357938 18.408913
-4.600756 -5.601132 18.163535
-4.695954 -5.858362 17.939866
-4.806571 -6.129958 17.739264
-4.932507 -6.416218 17.563218
-5.073700 -6.717367 17.413355
-5.230115 -7.033534 17.291452
-5.401732 -7.364706 17.199443
-5.588533 -7.710691 17.139418
-5.790482 -8.071071 17.113629
-6.007508 -8.445146 17.124471
-6.239479 -8.831880 17.174489
-6.486178 -9.229840 17.266333
-6.747271 -9.637121 17.402731
-7.022276 -10.051284 17.586438
-7.310523 -10.469278 17.820162
-7.611117 -10.887375 18.106481
-7.922893 -11.301103 18.447721
-8.244371 -11.705198 18.845824
-8.573711 -12.093575 19.302176
-8.908669 -12.459323 19.817418
-9.246557 -12.794749 20.391228
-9.584211 -13.091469 21.022087
-9.917969 -13.340558 21.707038
-10.243670 -13.532785 22.441459
-10.556669 -13.658913 23.218862
-10.851885 -13.710094 24.030745
-11.123878 -13.678337 24.866535
-11.366966 -13.557008 25.713643
-11.575374 -13.341399 26.557662
-11.743432 -13.029243 27.382724
-11.865792 -12.621180 28.172027
-11.937675 -12.121087 28.908511
-11.955127 -11.536220 29.575657
-11.915264 -10.877132 30.158337
-11.816475 -10.157336 30.643652
-11.658588 -9.392710 31.021659
-11.442963 -8.600709 31.285927
-11.172488 -7.799417 31.433826
-10.851500 -7.006575 31.466536
-10.485608 -6.238638 31.388791
-10.081457 -5.509997 31.208336
-9.646427 -4.832399 30.935262
-9.188313 -4.214628 30.581221
-8.715006 -3.662427 30.158636
-8.234192 -3.178650 29.679997
-7.753095 -2.763582 29.157268
-7.278282 -2.415373 28.601448
-6.815517 -2.130522 28.022296
-6.369682 -1.904364 27.428197
-5.944752 -1.731518 26.826143
-5.543811 -1.606270 26.221806
-5.169105 -1.522890 25.619670
-4.822123 -1.475865 25.023187
-4.503686 -1.460068 24.434947
-4.214048 -1.470861 23.856847
-3.953000 -1.504159 23.290235
-3.719963 -1.556442 22.736043
-3.514078 -1.624754 22.194894
-3.334286 -1.706670 21.667192
-3.179398 -1.800260 21.153189
-3.048156 -1.904043 20.653039
-2.939280 -2.016939 20.166840
-2.851508 -2.138223 19.694665
-2.783630 -2.267475 19.236580
-2.734512 -2.404547 18.792667
-2.703112 -2.549515 18.363035
-2.688496 -2.702658 17.947831
-2.689843 -2.864419 17.547247
-2.706456 -3.035386 17.161534
-2.737757 -3.216271 16.791007
-2.783293 -3.407891 16.436054
-2.842731 -3.611154 16.097149
-2.915856 -3.827045 15.774863
-3.002567 -4.056617 15.469876
-3.102872 -4.300975 15.182991
-3.216887 -4.561272 14.915152
-3.344821 -4.838688 14.667463
-3.486981 -5.134425 14.441207
-3.643755 -5.449685 14.237868
-3.815612 -5.785652 14.059160
-4.003085 -6.143463 13.907046
-4.206768 -6.524183 13.783771
-4.427298 -6.928756 13.691893
-4.665342 -7.357963 13.634306
-4.921578 -7.812356 13.614268
-5.196671 -8.292187 13.635426
-5.491247 -8.797316 13.701841
-5.805860 -9.327099 13.817983
-6.140949 -9.880271 13.988733
-6.496791 -10.454787 14.219352
-6.873442 -11.047667 14.515429
-7.270671 -11.654800 14.882786
-7.687874 -12.270757 15.327339
-8.123991 -12.888578 15.854905
-8.577400 -13.499579 16.470924
-9.045805 -14.093183 17.180113
-9.526124 -14.656800 17.986025
-10.014370 -15.175793 18.890508
-10.505542 -15.633570 19.893093
-10.993537 -16.011849 20.990307
-11.471091 -16.291139 22.174967
-11.929778 -16.451485 23.435522
-12.360073 -16.473497 24.755521
-12.751515 -16.339651 26.113324
-13.092970 -16.035811 27.482188
-13.373016 -15.552878 28.830831
-13.580456 -14.888380 30.124570
-13.704920 -14.047766 31.327052
-13.737544 -13.045191 32.402496
-13.671660 -11.903535 33.318252
-13.503402 -10.653515 34.047410
-13.232201 -9.331890 34.571049
-12.861040 -7.978886 34.879828
-12.396443 -6.635178 34.974592
-11.848188 -5.338823 34.865921
-11.228743 -4.122593 34.572648
-10.552506 -3.012041 34.119695
-9.834938 -2.024509 33.535506
-9.091679 -1.169087 32.849522
-8.337746 -0.447357 32.089996
-7.586878 0.145294 31.282377
-6.851066 0.618110 30.448326
-6.140281 0.983368 29.605313
-5.462377 1.254953 28.766687
-4.823140 1.447191 27.942067
-4.226439 1.573985 27.137914
-3.674457 1.648231 26.358155
-3.167937 1.681487 25.604796
-2.706453 1.683819 24.878460
-2.288664 1.663792 24.178831
-1.912539 1.628537 23.505007
-1.575561 1.583883 22.855755
-1.274900 1.534507 22.229697
-1.007550 1.484096 21.625433
-0.770439 1.435498 21.041620
-0.560516 1.390870 20.477011
-0.374817 1.351804 19.930481
-0.210508 1.319447 19.401024
-0.064913 1.294591 18.887760
0.064461 1.277761 18.389912
0.179922 1.269287 17.906808
0.283588 1.269356 17.437857
0.377397 1.278064 16.982544
0.463106 1.295454 16.540420
0.542315 1.321546 16.111091
0.616468 1.356362 15.694211
0.686878 1.399947 15.289481
0.754736 1.452385 14.896638
0.821126 1.513807 14.515460
0.887043 1.584406 14.145762
0.953405 1.664443 13.787395
1.021069 1.754251 13.440249
1.090841 1.854241 13.104254
1.163488 1.964908 12.779385
1.239752 2.086833 12.465664
1.320363 2.220689 12.163168
1.406040 2.367241 11.872037
1.497510 2.527352 11.592477
1.595512 2.701983 11.324777
1.700806 2.892200 11.069314
1.814182 3.099176 10.826574
1.936465 3.324189 10.597162
2.068524 3.568629 10.381827
2.211277 3.833994 10.181479
2.365699 4.121891 9.997221
2.532822 4.434030 9.830375
2.713746 4.772216 9.682518
2.909634 5.138338 9.555525
3.121723 5.534349 9.451610
3.351314 5.962241 9.373383
3.599776 6.424003 9.323903
3.868536 6.921576 9.306746
4.159070 7.456780 9.326070
4.472888 8.031225 9.386694
4.811508 8.646199 9.494169
5.176426 9.302515 9.654851
5.569074 10.000326 9.875964
5.990762 10.738893 10.165651
6.442606 11.516302 10.532988
6.925430 12.329122 10.987965
7.439658 13.172004 11.541385
7.985161 14.037226 12.204683
8.561090 14.914189 12.989607
9.165665 15.788888 13.907737
9.795946 16.643399 14.969796
10.447566 17.455452 16.184707
11.114452 18.198161 17.558386
11.788554 18.840060 19.092244
12.459590 19.345567 20.781463
13.114875 19.676069 22.613136
13.739252 19.791760 24.564475
14.315222 19.654371 26.601381
14.823307 19.230707 28.677767
15.242725 18.496909 30.736084
15.552399 17.442883 32.709458
15.732300 16.076291 34.525667
15.765033 14.425189 36.112894
15.637532 12.538434 37.406691
15.342616 10.483241 38.357151
14.880188 8.339807 38.934955
14.257790 6.193609 39.134982
13.490385 4.126688 38.976580
12.599315 2.209528 38.500294
11.610598 0.495075 37.761894
10.552818 -0.984200 36.824938
9.454928 -2.216052 35.753428
8.344288 -3.205664 34.605845
7.245166 -3.971313 33.431262
6.177778 -4.539613 32.267616
5.157885 -4.941183 31.141776
4.196832 -5.207225 30.070810
3.301918 -5.367165 29.063868
2.476946 -5.447278 28.124195
1.722857 -5.470074 27.250984
1.038359 -5.454235 26.440898
0.420507 -5.414852 25.689238
-0.134801 -5.363858 24.990776
-0.632411 -5.310499 24.340296
-1.077590 -5.261810 23.732939
-1.475771 -5.223041 23.164375
-1.832371 -5.198026 22.630883
-2.152655 -5.189500 22.129356
-2.441649 -5.199350 21.657274
-2.704078 -5.228826 21.212651
-2.944339 -5.278700 20.793979
-3.166482 -5.349399 20.400170
-3.374214 -5.441098 20.030504
-3.570903 -5.553804 19.684584
-3.759600 -5.687406 19.362299
-3.943054 -5.841714 19.063794
-4.123735 -6.016489 18.789443
-4.303854 -6.211455 18.539839
-4.485385 -6.426301 18.315778
-4.670087 -6.660677 18.118249
-4.859516 -6.914185 17.948431
-5.055043 -7.186352 17.807689
-5.257863 -7.476609 17.697568
-5.469004 -7.784254 17.619786
-5.689328 -8.108412 17.576231
-5.919534 -8.447990 17.568945
-6.160147 -8.801622 17.600101
-6.411516 -9.167618 17.671992
-6.673793 -9.543893 17.786980
-6.946918 -9.927913 17.947448
-7.230596 -10.316622 18.155740
-7.524269 -10.706384 18.414079
-7.827086 -11.092927 18.724455
-8.137871 -11.471296 19.088513
-8.455087 -11.835827 19.507394
-8.776806 -12.180149 19.981575
-9.100676 -12.497217 20.510675
-9.423898 -12.779391 21.093252
-9.743214 -13.018568 21.726599
-10.054904 -13.206375 22.406543
-10.354805 -13.334439 23.127271
-10.638353 -13.394708 23.881201
-10.900653 -13.379859 24.658929
-11.136579 -13.283723 25.449264
-11.340906 -13.101764 26.239387
-11.508472 -12.831542 27.015138
-11.634377 -12.473110 27.761453
-11.714192 -12.029323 28.462921
-11.744179 -11.505998 29.104455
-11.721514 -10.911878 29.672018
-11.644469 -10.258401 30.153352
-11.512569 -9.559237 30.538634
-11.326686 -8.829659 30.820997
-11.089064 -8.085761 30.996851
-10.803264 -7.343625 31.065973
-10.474037 -6.618497 31.031365
-10.107135 -5.924062 30.898863
-9.709065 -5.271881 30.676626
-9.286812 -4.671023 30.374483
-8.847563 -4.127914 30.003261
-8.398431 -3.646380 29.574142
-7.946216 -3.227856 29.098113
-7.497206 -2.871716 28.585521
-7.057034 -2.575667 28.045767
-6.630577 -2.336169 27.487127
-6.221912 -2.148834 26.916678
-5.834309 -2.008793 26.340317
-5.470264 -1.910997 25.762841
-5.131556 -1.850460 25.188066
-4.819320 -1.822445 24.618963
-4.534130 -1.822583 24.057801
-4.276094 -1.846956 23.506284
-4.044932 -1.892133 22.965667
-3.840067 -1.955183 22.436866
-3.660697 -2.033664 21.920544
-3.505865 -2.125597 21.417183
-3.374515 -2.229430 20.927142
-3.265547 -2.344001 20.450697
-3.177850 -2.468497 19.988085
-3.110347 -2.602413 19.539521
-3.062011 -2.745512 19.105227
-3.031893 -2.897793 18.685444
-3.019132 -3.059456 18.280447
-3.022969 -3.230875 17.890559
-3.042753 -3.412572 17.516160
-3.077946 -3.605197 17.157699
-3.128120 -3.809504 16.815706
-3.192962 -4.026337 16.490804
-3.272267 -4.256616 16.183721
-3.365940 -4.501317 15.895306
-3.473985 -4.761460 15.626543
-3.596504 -5.038092 15.378569
-3.733689 -5.332273 15.152694
-3.885814 -5.645052 14.950423
-4.053227 -5.977445 14.773472
-4.236340 -6.330407 14.623799
-4.435616 -6.704800 14.503619
-4.651556 -7.101345 14.415438
-4.884683 -7.520579 14.362066
-5.135521 -7.962788 14.346642
-5.404570 -8.427937 14.372644
-5.692280 -8.915578 14.443911
-5.999016 -9.424755 14.564620
-6.325016 -9.953878 14.739281
-6.670347 -10.500593 14.972691
-7.034841 -11.061634 15.269864
-7.418040 -11.632658 15.635933
-7.819112 -12.208080 16.075996
-8.236776 -12.780908 16.594916
-8.669205 -13.342594 17.197055
-9.113935 -13.882915 17.885937
-9.567761 -14.389918 18.663840
-10.026647 -14.849944 19.531312
-10.485643 -15.247779 20.486633
-10.938819 -15.566958 21.525240
-11.379243 -15.790268 22.639156
-11.799006 -15.900458 23.816489
-12.189309 -15.881194 25.041077
-12.540637 -15.718193 26.292364
-12.843019 -15.400531 27.545610
-13.086397 -14.921988 28.772521
-13.261075 -14.282285 29.942337
-13.358254 -13.488033 31.023380
-13.370602 -12.553215 31.984976
-13.292819 -11.499028 32.799573
-13.122119 -10.352993 33.444820
-12.858604 -9.147361 33.905319
-12.505434 -7.916949 34.173798
-12.068784 -6.696667 34.251499
-11.557561 -5.519055 34.147726
-10.982924 -4.412153 33.878596
-10.357635 -3.397981 33.465289
-9.695339 -2.491736 32.931975
-9.009827 -1.701743 32.303784
-8.314373 -1.030031 31.605031
-7.621178 -0.473352 30.857877
-6.940973 -0.024428 30.081472
-6.282778 0.326761 29.291573
-5.653798 0.591796 28.500528
-5.059452 0.782834 27.717540
-4.503486 0.911853 26.949089
-3.988149 0.990119 26.199421
-3.514405 1.027864 25.471036
-3.082152 1.034108 24.765138
-2.690438 1.016615 24.082009
-2.337666 0.981925 23.421319
-2.021765 0.935434 22.782353
-1.740351 0.881514 22.164189
-1.490848 0.823636 21.565816
-1.270596 0.764497 20.986210
-1.076931 0.706145 20.424387
-0.907249 0.650088 19.879430
-0.759049 0.597395 19.350497
-0.629966 0.548782 18.836828
-0.517794 0.504689 18.337739
-0.420492 0.465343 17.852616
-0.336193 0.430808 17.380906
-0.263204 0.401034 16.922111
-0.199993 0.375888 16.475776
-0.145191 0.355185 16.041486
-0.097574 0.338709 15.618857
-0.056056 0.326231 15.207532
-0.019677 0.317523 14.807176
0.012412 0.312368 14.417474
0.040957 0.310567 14.038127
0.066614 0.311944 13.668849
0.089960 0.316350 13.309368
0.111504 0.323667 12.959423
0.131694 0.333805 12.618761
0.150927 0.346708 12.287141
0.169558 0.362350 11.964330
0.187905 0.380737 11.650104
0.206255 0.401909 11.344245
0.224874 0.425935 11.046548
0.244007 0.452918 10.756811
0.263888 0.482993 10.474844
0.284738 0.516326 10.200463
0.306777 0.553119 9.933496
0.330219 0.593605 9.673778
0.355284 0.638057 9.421154
0.382193 0.686781 9.175480
0.411178 0.740127 8.936624
0.442482 0.798482 8.704466
0.476360 0.862283 8.478900
0.513085 0.932011 8.259838
0.552951 1.008200 8.047205
0.596273 1.091442 7.840949
0.643395 1.182387 7.641042
0.694687 1.281752 7.447481
0.750553 1.390326 7.260292
0.811435 1.508975 7.079540
0.877815 1.638649 6.905330
0.950218 1.780390 6.737815
1.029219 1.935341 6.577208
1.115448 2.104750 6.423790
1.209592 2.289983 6.277919
1.312404 2.492530 6.140054
1.424708 2.714014 6.010763
1.547401 2.956202 5.890750
1.681466 3.221011 5.780879
1.827973 3.510514 5.682204
1.988088 3.826949 5.596004
2.163078 4.172716 5.523828
2.354320 4.550383 5.467539
2.563303 4.962671 5.429380
2.791632 5.412447 5.412038
3.041035 5.902691 5.418722
3.313357 6.436465 5.453262
3.610560 7.016847 5.520207
3.934710 7.646854 5.624946
4.287966 8.329320 5.773835
4.672551 9.066746 5.974339
5.090713 9.861085 6.235178
5.544673 10.713469 6.566469
6.036548 11.623855 6.979853
6.568250 12.590570 7.488590
7.141348 13.609754 8.107583
7.756897 14.674671 8.853313
8.415209 15.774897 9.743599
9.115574 16.895395 10.797149
9.855920 18.015503 12.032788
10.632405 19.107916 13.468280
11.438954 20.137779 15.118653
12.266755 21.062095 16.993923
13.103739 21.829716 19.096230
13.934123 22.382267 21.416430
14.738067 22.656410 23.930426
15.491593 22.587827 26.595700
16.166887 22.117106 29.348821
16.733123 21.197472 32.104918
17.157960 19.803602 34.760222
17.409723 17.940242 37.198519
17.460206 15.648587 39.301735
17.287810 13.008211 40.963705
16.880555 10.132754 42.104889
16.238419 7.158919 42.684786
15.374394 4.230267 42.708693
14.313894 1.479138 42.226633
13.092508 -0.989094 41.324394
11.752468 -3.105874 40.109186
10.338512 -4.841823 38.693549
8.893914 -6.202301 37.181399
7.457320 -7.218591 35.658660
6.060724 -7.937655 34.189128
4.728602 -8.412827 32.814744
3.478031 -8.696805 31.558696
2.319442 -8.837247 30.429771
1.257743 -8.874626 29.426768
0.293521 -8.841723 28.542278
-0.575813 -8.764093 27.765599
-1.355031 -8.661044 27.084765
-2.050289 -8.546757 26.487858
-2.668510 -8.431362 25.963767
-3.216917 -8.321879 25.502569
-3.702718 -8.222988 25.095658
-4.132878 -8.137644 24.735736
-4.513981 -8.067541 24.416711
-4.852146 -8.013467 24.133561
-5.152985 -7.975564 23.882193
-5.421587 -7.953521 23.659302
-5.662532 -7.946708 23.462236
-5.879899 -7.954278 23.288885
-6.077302 -7.975241 23.137581
-6.257913 -8.008506 23.007009
-6.424503 -8.052917 22.896142
-6.579467 -8.107277 22.804172
-6.724856 -8.170361 22.730466
-6.862413 -8.240926 22.674517
-6.993595 -8.317716 22.635909
-7.119601 -8.399464 22.614284
-7.241395 -8.484895 22.609314
-7.359729 -8.572724 22.620668
-7.475159 -8.661664 22.648009
-7.588069 -8.750417 22.690956
-7.698680 -8.837687 22.749069
-7.807070 -8.922178 22.821834
-7.913186 -9.002604 22.908646
-8.016856 -9.077694 23.008796
-8.117807 -9.146205 23.121461
-8.215671 -9.206934 23.245692
-8.310001 -9.258732 23.380410
-8.400284 -9.300522 23.524401
-8.485952 -9.331316 23.676315
-8.566398 -9.350234 23.834673
-8.640988 -9.356525 23.997870
-8.709079 -9.349590 24.164192
-8.770031 -9.328990 24.331827
-8.823222 -9.294473 24.498892
-8.868066 -9.245986 24.663452
-8.904029 -9.183685 24.823552
-8.930640 -9.107939 24.977245
-8.947511 -9.019336 25.122631
-8.954345 -8.918675 25.257885
-8.950952 -8.806956 25.381293
-8.937250 -8.685366 25.491287
-8.913281 -8.555257 25.586473
-8.879212 -8.418117 25.665656
-8.835334 -8.275545 25.727864
-8.782065 -8.129213 25.772359
-8.719939 -7.980835 25.798652
-8.649605 -7.832130 25.806503
-8.571813 -7.684787 25.795922
-8.487402 -7.540437 25.767144
-8.397288 -7.400622 25.720633
-8.302444 -7.266773 25.657056
-8.203888 -7.140187 25.577259
-8.102664 -7.022019 25.482247
-7.999828 -6.913269 25.373155
-7.896430 -6.814778 25.251223
-7.793498 -6.727231 25.117771
-7.692030 -6.651162 24.974176
-7.592980 -6.586959 24.821850
-7.497245 -6.534877 24.662221
-7.405665 -6.495053 24.496717
-7.319010 -6.467513 24.326752
-7.237980 -6.452190 24.153716
-7.163203 -6.448939 23.978968
-7.095233 -6.457545 23.803828
-7.034550 -6.477738 23.629573
-6.981563 -6.509206 23.457439
-6.936613 -6.551596 23.288615
-6.899975 -6.604526 23.124248
-6.871860 -6.667591 22.965441
-6.852423 -6.740362 22.813258
-6.841760 -6.822392 22.668721
-6.839918 -6.913214 22.532816
-6.846892 -7.012339 22.406493
-6.862635 -7.119254 22.290667
-6.887055 -7.233422 22.186219
-6.920015 -7.354269 22.093994
-6.961339 -7.481186 22.014800
-7.010808 -7.613522 21.949408
-7.068163 -7.750571 21.898543
-7.133101 -7.891575 21.862885
-7.205279 -8.035711 21.843057
-7.284304 -8.182088 21.839619
-7.369738 -8.329739 21.853053
-7.461093 -8.477623 21.883770
-7.557828 -8.624615 21.932076
-7.659345 -8.769512 21.998165
-7.764990 -8.911029 22.082106
-7.874049 -9.047807 22.183824
-7.985746 -9.178422 22.303084
-8.099243 -9.301391 22.439470
-8.213642 -9.415190 22.592374
-8.327983 -9.518275 22.760979
-8.441253 -9.609102 22.944242
-8.552388 -9.686156 23.140886
-8.660279 -9.747983 23.349397
-8.763786 -9.793222 23.568017
-8.861749 -9.820647 23.794753
-8.952999 -9.829202 24.027387
-9.036379 -9.818045 24.263499
-9.110763 -9.786577 24.500490
-9.175074 -9.734482 24.735622
-9.228308 -9.661760 24.966061
-9.269555 -9.568740 25.188927
-9.298025 -9.456105 25.401353
-9.313067 -9.324883 25.600542
-9.314190 -9.176449 25.783835
-9.301084 -9.012498 25.948764
-9.273622 -8.835016 26.093119
-9.231885 -8.646240 26.214992
-9.176155 -8.448600 26.312822
-9.106920 -8.244669 26.385426
-9.024867 -8.037092 26.432022
-8.930869 -7.828527 26.452229
-8.825969 -7.621581 26.446077
-8.711357 -7.418751 26.413960
-8.588351 -7.222372 26.356632
-8.458362 -7.034576 26.275165
-8.322872 -6.857260 26.170903
-8.183401 -6.692062 26.045417
-8.041483 -6.540350 25.900455
-7.898632 -6.403223 25.737897
-7.756326 -6.281517 25.559709
-7.615981 -6.175818 25.367904
-7.478932 -6.086488 25.164502
-7.346425 -6.013685 24.951508
-7.219599 -5.957393 24.730883
-7.099485 -5.917449 24.504527
-6.987000 -5.893571 24.274267
-6.882948 -5.885384 24.041853
-6.788018 -5.892443 23.808946
-6.702794 -5.914257 23.577128
-6.627755 -5.950305 23.347898
-6.563288 -6.000050 23.122678
-6.509690 -6.062948 22.902821
-6.467178 -6.138460 22.689616
-6.435897 -6.226054 22.484297
-6.415929 -6.325205 22.288048
-6.407296 -6.435397 22.102015
-6.409969 -6.556121 21.927305
-6.423877 -6.686864 21.764998
-6.448902 -6.827106 21.616150
-6.484892 -6.976309 21.481795
-6.531656 -7.133908 21.362947
-6.588967 -7.299301 21.260604
-6.656563 -7.471832 21.175741
-6.734145 -7.650781 21.109314
-6.821374 -7.835354 21.062247
-6.917866 -8.024661 21.035427
-7.023190 -8.217712 21.029696
-7.136863 -8.413397 21.045830
-7.258341 -8.610480 21.084539
-7.387013 -8.807585 21.146430
-7.522197 -9.003194 21.231993
-7.663131 -9.195635 21.341573
-7.808967 -9.383090 21.475343
-7.958764 -9.563595 21.633271
-8.111483 -9.735050 21.815088
-8.265984 -9.895241 22.020258
-8.421027 -10.041859 22.247937
-8.575269 -10.172537 22.496948
-8.727268 -10.284892 22.765748
-8.875494 -10.376573 23.052408
-9.018339 -10.445320 23.354598
-9.154133 -10.489034 23.669582
-9.281165 -10.505846 23.994223
-9.397707 -10.494196 24.325009
-9.502051 -10.452896 24.658092
-9.592534 -10.381215 24.989342
-9.667586 -10.278938 25.314424
-9.725762 -10.146416 25.628882
-9.765792 -9.984599 25.928247
-9.786612 -9.795051 26.208149
-9.787414 -9.579941 26.464432
-9.767672 -9.342003 26.693273
-9.727166 -9.084479 26.891292
-9.666007 -8.811034 27.055647
-9.584647 -8.525654 27.184113
-9.483872 -8.232525 27.275134
-9.364792 -7.935914 27.327848
-9.228817 -7.640039 27.342092
-9.077626 -7.348949 27.318375
-8.913122 -7.066422 27.257810
-8.737387 -6.795871 27.162059
-8.552628 -6.540285 27.033247
-8.361130 -6.302179 26.873864
-8.165196 -6.083575 26.686671
-7.967104 -5.886009 26.474605
-7.769063 -5.710544 26.240696
-7.573170 -5.557813 25.987987
-7.381385 -5.428062 25.719475
-7.195503 -5.321210 25.438060
-7.017141 -5.236899 25.146507
-6.847730 -5.174562 24.847422
-6.688508 -5.133471 24.543241
-6.540527 -5.112791 24.236222
-6.404661 -5.111624 23.928450
-6.281613 -5.129049 23.621849
-6.171933 -5.164153 23.318190
-6.076031 -5.216051 23.019107
-5.994194 -5.283910 22.726119
-5.926602 -5.366956 22.440643
-5.873346 -5.464481 22.164011
-5.834438 -5.575846 21.897491
-5.809830 -5.700477 21.642297
-5.799425 -5.837861 21.399610
-5.803082 -5.987535 21.170585
-5.820634 -6.149075 20.956369
-5.851888 -6.322083 20.758105
-5.896633 -6.506171 20.576945
-5.954637 -6.700946 20.414056
-6.025657 -6.905986 20.270621
-6.109430 -7.120827 20.147848
-6.205677 -7.344935 20.046968
-6.314091 -7.577689 19.969228
-6.434337 -7.818355 19.915894
-6.566043 -8.066060 19.888235
-6.708787 -8.319769 19.887515
-6.862092 -8.578263 19.914966
-7.025406 -8.840109 19.971784
-7.198097 -9.103641 20.059084
-7.379432 -9.366938 20.177870
-7.568568 -9.627809 20.328993
-7.764529 -9.883777 20.513104
-7.966201 -10.132082 20.730600
-8.172311 -10.369681 20.981562
-8.381417 -10.593264 21.265688
-8.591901 -10.799288 21.582227
-8.801960 -10.984021 21.929907
-9.009610 -11.143610 22.306868
-9.212685 -11.274160 22.710606
-9.408859 -11.371843 23.137918
-9.595661 -11.433017 23.584880
-9.770507 -11.454369 24.046836
-9.930746 -11.433062 24.518419
-10.073709 -11.366889 24.993618
-10.196770 -11.254427 25.465862
-10.297418 -11.095178 25.928168
-10.373334 -10.889678 26.373303
-10.422469 -10.639576 26.794001
-10.443128 -10.347663 27.183186
-10.434045 -10.017845 27.534214
-10.394439 -9.655062 27.841120
-10.324080 -9.265145 28.098824
-10.223310 -8.854625 28.303319
-10.093064 -8.430494 28.451806
-9.934851 -7.999952 28.542763
-9.750722 -7.570137 28.575957
-9.543214 -7.147869 28.552393
-9.315268 -6.739423 28.474183
-9.070145 -6.350347 28.344407
-8.811323 -5.985329 28.166922
-8.542396 -5.648117 27.946151
-8.266970 -5.341499 27.686880
-7.988576 -5.067334 27.394068
-7.710584 -4.826614 27.072674
-7.436139 -4.619569 26.727522
-7.168108 -4.445783 26.363186
-6.909046 -4.304319 25.983927
-6.661174 -4.193849 25.593638
-6.426378 -4.112773 25.195829
-6.206210 -4.059329 24.793629
-6.001908 -4.031682 24.389805
-5.814417 -4.028008 23.986786
-5.644419 -4.046547 23.586702
-5.492362 -4.085657 23.191422
-5.358497 -4.143843 22.802591
-5.242908 -4.219772 22.421671
-5.145545 -4.312291 22.049977
-5.066251 -4.420421 21.688707
-5.004793 -4.543360 21.338976
-4.960882 -4.680466 21.001838
-4.934198 -4.831251 20.678315
-4.924402 -4.995357 20.369414
-4.931153 -5.172545 20.076150
-4.954124 -5.362670 19.799557
-4.993002 -5.565663 19.540711
-5.047497 -5.781507 19.300735
-5.117347 -6.010217 19.080818
-5.202314 -6.251810 18.882221
-5.302186 -6.506283 18.706292
-5.416770 -6.773586 18.554468
-5.545887 -7.053587 18.428284
-5.689363 -7.346047 18.329374
-5.847017 -7.650577 18.259472
-6.018647 -7.966608 18.220408
-6.204019 -8.293345 18.214099
-6.402844 -8.629726 18.242527
-6.614759 -8.974373 18.307731
-6.839305 -9.325548 18.411761
-7.075901 -9.681101 18.556640
-7.323818 -10.038426 18.744305
-7.582146 -10.394415 18.976540
-7.849768 -10.745421 19.254888
-8.125324 -11.087233 19.580552
-8.407186 -11.415067 19.954271
-8.693422 -11.723575 20.376192
-8.981778 -12.006888 20.845718
-9.269654 -12.258687 21.361357
-9.554097 -12.472319 21.920569
-9.831801 -12.640963 22.519615
-10.099127 -12.757834 23.153437
-10.352135 -12.816447 23.815573
-10.586644 -12.810925 24.498125
-10.798311 -12.736323 25.191798
-10.982736 -12.588987 25.886026
-11.135589 -12.366900 26.569197
-11.252762 -12.069978 27.228975
-11.330529 -11.700308 27.852720
-11.365717 -11.262271 28.427982
-11.355874 -10.762536 28.943041
-11.299412 -10.209912 29.387452
-11.195734 -9.615035 29.752552
-11.045312 -8.989932 30.031878
-10.849718 -8.347463 30.221450
-10.611599 -7.700714 30.319897
-10.334593 -7.062377 30.328416
-10.023202 -6.444179 30.250572
-9.682614 -5.856405 30.091931
-9.318504 -5.307557 29.859647
-8.936813 -4.804156 29.561964
-8.543540 -4.350691 29.207731
-8.144539 -3.949703 28.805944
-7.745350 -3.601970 28.365372
-7.351057 -3.306769 27.894257
-6.966194 -3.062167 27.400111
-6.594678 -2.865335 26.889595
-6.239786 -2.712833 26.368477
-5.904153 -2.600875 25.841648
-5.589806 -2.525551 25.313175
-5.298205 -2.483003 24.786385
-5.030304 -2.469559 24.263965
-4.786618 -2.481826 23.748061
-4.567289 -2.516758 23.240374
-4.372156 -2.571683 22.742249
-4.200819 -2.644315 22.254755
-4.052699 -2.732751 21.778753
-3.927090 -2.835457 21.314947
-3.823208 -2.951238 20.863939
-3.740229 -3.079215 20.426261
-3.677326 -3.218792 20.002407
-3.633691 -3.369626 19.592859
-3.608562 -3.531598 19.198111
-3.601239 -3.704779 18.818683
-3.611091 -3.889411 18.455138
-3.637577 -4.085874 18.108099
-3.680237 -4.294668 17.778260
-3.738707 -4.516388 17.466404
-3.812713 -4.751705 17.173412
-3.902069 -5.001343 16.900282
-4.006678 -5.266060 16.648141
-4.126524 -5.546627 16.418264
-4.261664 -5.843800 16.212089
-4.412224 -6.158298 16.031234
-4.578384 -6.490772 15.877513
-4.760371 -6.841769 15.752955
-4.958442 -7.211693 15.659819
-5.172866 -7.600755 15.600606
-5.403909 -8.008922 15.578070
-5.651808 -8.435847 15.595217
-5.916744 -8.880801 15.655315
-6.198810 -9.342581 15.761865
-6.497977 -9.819422 15.918576
-6.814053 -10.308885 16.129319
-7.146629 -10.807751 16.398057
-7.495029 -11.311898 16.728736
-7.858250 -11.816187 17.125156
-8.234895 -12.314355 17.590794
-8.623106 -12.798925 18.128578
-9.020487 -13.261151 18.740617
-9.424038 -13.691014 19.427882
-9.830093 -14.077288 20.189846
-10.234266 -14.407703 21.024088
-10.631419 -14.669222 21.925890
-11.015665 -14.848453 22.887862
-11.380402 -14.932213 23.899624
-11.718400 -14.908240 24.947610
-12.021952 -14.766011 26.015051
-12.283082 -14.497666 27.082186
-12.493825 -14.098929 28.126764
-12.646570 -13.569937 29.124845
-12.734438 -12.915861 30.051898
-12.751701 -12.147221 30.884129
-12.694179 -11.279766 31.599942
-12.559581 -10.333896 32.181362
-12.347781 -9.333617 32.615271
-12.060947 -8.305114 32.894282
-11.703534 -7.275096 33.017126
-11.282114 -6.269095 32.988499
-10.805064 -5.309936 32.818375
-10.282136 -4.416530 32.520947
-9.723952 -3.603124 32.113298
-9.141481 -2.879025 31.613997
-8.545531 -2.248774 31.041806
-7.946317 -1.712667 30.414594
-7.353108 -1.267509 29.748552
-6.773988 -0.907470 29.057709
-6.215717 -0.624942 28.353736
-5.683685 -0.411304 27.645959
-5.181953 -0.257572 26.941544
-4.713337 -0.154901 26.245768
-4.279545 -0.094935 25.562334
-3.881328 -0.070045 24.893688
-3.518637 -0.073454 24.241311
-3.190785 -0.099285 23.605969
-2.896590 -0.142556 22.987921
-2.634510 -0.199129 22.387085
-2.402753 -0.265642 21.803162
-2.199381 -0.339428 21.235726
-2.022383 -0.418429 20.684289
-1.869747 -0.501111 20.148348
-1.739505 -0.586387 19.627404
-1.629771 -0.673543 19.120988
-1.538775 -0.762178 18.628665
-1.464872 -0.852146 18.150039
-1.406564 -0.943510 17.684751
-1.362499 -1.036503 17.232486
-1.331476 -1.131495 16.792961
-1.312446 -1.228967 16.365933
-1.304502 -1.329491 15.951191
-1.306880 -1.433716 15.548561
-1.318949 -1.542354 15.157901
-1.340209 -1.656173 14.779106
-1.370277 -1.775992 14.412107
-1.408886 -1.902681 14.056877
-1.455876 -2.037157 13.713433
-1.511192 -2.180387 13.381841
-1.574874 -2.333390 13.062222
-1.647056 -2.497240 12.754761
-1.727962 -2.673074 12.459716
-1.817901 -2.862088 12.177427
-1.917268 -3.065550 11.908329
-2.026541 -3.284799 11.652968
-2.146279 -3.521250 11.412017
-2.277125 -3.776396 11.186295
-2.419799 -4.051808 10.976793
-2.575104 -4.349134 10.784697
-2.743925 -4.670095 10.611421
-2.927224 -5.016471 10.458640
-3.126041 -5.390094 10.328332
-3.341494 -5.792819 10.222821
-3.574767 -6.226497 10.144825
-3.827112 -6.692935 10.097514
-4.099830 -7.193832 10.084567
-4.394263 -7.730713 10.110235
-4.711767 -8.304826 10.179408
-5.053691 -8.917024 10.297676
-5.421335 -9.567606 10.471383
-5.815903 -10.256128 10.707673
-6.238445 -10.981164 11.014511
-6.689773 -11.740029 11.400673
-7.170367 -12.528445 11.875675
-7.680254 -13.340158 12.449638
-8.218864 -14.166519 13.133052
-8.784856 -14.996028 13.936405
-9.375926 -15.813893 14.869647
-9.988577 -16.601624 15.941467
-10.617890 -17.336744 17.158328
-11.257271 -17.992711 18.523287
-11.898230 -18.539149 20.034579
-12.530194 -18.942535 21.684062
-13.140406 -19.167476 23.455629
-13.713956 -19.178679 25.323807
-14.233991 -18.943663 27.252825
-14.682173 -18.436101 29.196489
-15.039405 -17.639593 31.099251
-15.286843 -16.551356 32.898726
-15.407176 -15.185217 34.529761
-15.386056 -13.573170 35.929829
-15.213539 -11.764824 37.045138
-14.885352 -9.824401 37.836513
-14.403741 -7.825408 38.283937
-13.777732 -5.843694 38.388773
-13.022712 -3.950071 38.173094
-12.159339 -2.203822 37.676210
-11.211948 -0.648231 36.949217
-10.206680 0.691283 36.048644
-9.169603 1.806484 35.030425
-8.125092 2.703676 33.945166
-7.094599 3.399955 32.835150
-6.095912 3.919228 31.733091
-5.142846 4.288629 30.662302
-4.245323 4.535709 29.637803
-3.409698 4.686487 28.667894
-2.639245 4.764296 27.755836
-1.934705 4.789261 26.901381
-1.294835 4.778210 26.102057
-0.716908 4.744866 25.354147
-0.197152 4.700180 24.653404
0.268891 4.652733 23.995524
0.686068 4.609125 23.376444
1.059397 4.574347 22.792514
1.393888 4.552102 22.240565
1.694432 4.545080 21.717933
1.965707 4.555190 21.222437
2.212128 4.583751 20.752343
2.437817 4.631637 20.306318
2.646587 4.699404 19.883391
2.841937 4.787385 19.482905
3.027071 4.895761 19.104483
3.204899 5.024619 18.748002
3.378068 5.173996 18.413568
3.548972 5.343899 18.101501
3.719781 5.534332 17.812321
3.892458 5.745298 17.546748
4.068778 5.976800 17.305697
4.250350 6.228834 17.090282
4.438627 6.501372 16.901814
4.634923 6.794339 16.741815
4.840418 7.107587 16.612019
5.056167 7.440856 16.514378
5.283099 7.793727 16.451067
5.522016 8.165576 16.424480
5.773583 8.555509 16.437225
6.038318 8.962296 16.492120
6.316570 9.384293 16.592159
6.608502 9.819358 16.740478
6.914054 10.264764 16.940299
7.232915 10.717103 17.194858
7.564479 11.172192 17.507302
7.907797 11.624986 17.880559
8.261533 12.069501 18.317176
8.623908 12.498760 18.819121
8.992648 12.904773 19.387546
9.364934 13.278562 20.022521
9.737364 13.610253 20.722737
10.105917 13.889246 21.485199
10.465946 14.104478 22.304917
10.812197 14.244796 23.174638
11.138850 14.299434 24.084635
11.439618 14.258607 25.022608
11.707879 14.114159 25.973730
11.936865 13.860286 26.920880
12.119901 13.494223 27.845095
12.250684 13.016849 28.726244
12.323592 12.433113 29.543912
12.334013 11.752219 30.278442
12.278649 10.987482 30.912050
12.155780 10.155851 31.429905
11.965463 9.277088 31.821054
11.709632 8.372675 32.079078
11.392081 7.464562 32.202388
11.018329 6.573875 32.194140
10.595385 5.719739 32.061738
10.131408 4.918336 31.816080
9.635321 4.182274 31.470578
9.116397 3.520305 31.040105
8.583860 2.937381 30.539993
8.046529 2.434978 29.985164
7.512521 2.011616 29.389469
6.989042 1.663483 28.765232
6.482249 1.385089 28.123021
5.997192 1.169874 27.471583
5.537813 1.010746 26.817920
5.107007 0.900518 26.167459
4.706707 0.832232 25.524263
4.338003 0.799399 24.891264
4.001261 0.796138 24.270488
3.696254 0.817261 23.663262
3.422283 0.858292 23.070389
3.178287 0.915460 22.492293
2.962951 0.985656 21.929136
2.774788 1.066383 21.380905
2.612212 1.155694 20.847481
2.473607 1.252127 20.328685
2.357368 1.354642 19.824314
2.261946 1.462565 19.334163
2.185875 1.575532 18.858044
2.127794 1.693442 18.395792
2.086460 1.816416 17.947277
2.060762 1.944761 17.512405
2.049724 2.078943 17.091126
2.052504 2.219560 16.683435
2.068401 2.367322 16.289377
2.096847 2.523040 15.909052
2.137404 2.687609 15.542622
2.189763 2.862002 15.190315
2.253734 3.047263 14.852436
2.329248 3.244502 14.529374
2.416346 3.454890 14.221618
2.515176 3.679659 13.929766
2.625991 3.920094 13.654541
2.749141 4.177535 13.396813
2.885070 4.453366 13.157614
3.034312 4.749013 12.938167
3.197487 5.065930 12.739904
3.375292 5.405584 12.564506
3.568499 5.769441 12.413925
3.777945 6.158930 12.290424
4.004525 6.575416 12.196618
4.249177 7.020150 12.135509
4.512869 7.494209 12.110530
4.796580 7.998427 12.125583
5.101275 8.533296 12.185086
5.427874 9.098855 12.293996
5.777213 9.694550 12.457835
6.149996 10.319065 12.682689
6.546734 10.970128 12.975188
6.967674 11.644283 13.342449
7.412711 12.336634 13.791965
7.881282 13.040562 14.331433
8.372251 13.747436 14.968493
8.883765 14.446325 15.710366
9.413111 15.123738 16.563376
9.956547 15.763446 17.532322
10.509144 16.346414 18.619724
11.064631 16.850936 19.824925
11.615268 17.253016 21.143099
12.151769 17.527103 22.564232
12.663298 17.647217 24.072176
13.137579 17.588534 25.643919
13.561141 17.329352 27.249287
13.919732 16.853413 28.851242
14.198907 16.152307 30.406988
14.384796 15.227681 31.869991
14.465005 14.092853 33.192878
14.429592 12.773431 34.331022
14.271989 11.306613 35.246422
13.989798 9.739029 35.911289
13.585286 8.123262 36.310769
13.065508 6.513491 36.444256
12.442004 4.960881 36.325031
11.730084 3.509480 35.978245
10.947793 2.193220 35.437730
10.114687 1.034390 34.742148
9.250584 0.043621 33.931176
8.374428 -0.778882 33.042284
7.503376 -1.441271 32.108435
6.652182 -1.957645 31.156809
5.832849 -2.345687 30.208435
5.054560 -2.624634 29.278509
4.323789 -2.813700 28.377156
3.644567 -2.930997 27.510381
3.018820 -2.992870 26.681054
2.446733 -3.013585 25.889806
1.927115 -3.005262 25.135774
1.457737 -2.977963 24.417195
1.035625 -2.939879 23.731836
0.657306 -2.897559 23.077306
0.319016 -2.856152 22.451249
0.016859 -2.819643 21.851470
-0.253070 -2.791059 21.275995
-0.494592 -2.772665 20.723102
-0.711379 -2.766125 20.191321
-0.906914 -2.772639 19.679418
-1.084461 -2.793063 19.186382
-1.247056 -2.828003 18.711395
-1.397503 -2.877896 18.253819
-1.538380 -2.943069 17.813170
-1.672054 -3.023794 17.389107
-1.800689 -3.120331 16.981416
-1.926269 -3.232954 16.590008
-2.050616 -3.361977 16.214906
-2.175408 -3.507776 15.856253
-2.302199 -3.670795 15.514307
-2.432438 -3.851562 15.189452
-2.567485 -4.050684 14.882201
-2.708629 -4.268858 14.593213
-2.857104 -4.506859 14.323303
-3.014098 -4.765539 14.073460
-3.180769 -5.045817 13.844868
-3.358251 -5.348661 13.638926
-3.547663 -5.675074 13.457276
-3.750112 -6.026062 13.301831
-3.966696 -6.402610 13.174802
-4.198503 -6.805636 13.078735
-4.446604 -7.235940 13.016538
-4.712043 -7.694143 12.991520
-4.995827 -8.180610 13.007416
-5.298898 -8.695355 13.068421
-5.622112 -9.237927 13.179202
-5.966201 -9.807275 13.344902
-6.331726 -10.401593 13.571129
-6.719024 -11.018135 13.863910
-7.128137 -11.653011 14.229619
-7.558734 -12.300963 14.674842
-8.010015 -12.955129 15.206193
-8.480603 -13.606800 15.830047
-8.968423 -14.245202 16.552179
-9.470573 -14.857321 17.377307
-9.983188 -15.427803 18.308513
