#
# A fatal error has been detected by the Java Runtime Environment:
#
#  SIGSEGV (0xb) at pc=0x00007f5aea35dd71, pid=3183, tid=140028351555856
#
# JRE version: 6.0_18-b18
# Java VM: OpenJDK 64-Bit Server VM (16.0-b13 mixed mode linux-amd64 )
# Derivative: IcedTea6 1.8.2
# Distribution: Ubuntu 9.10, package 6b18-1.8.2-4ubuntu1~9.10.1
# Problematic frame:
# C  [libjava.so+0x18d71]  JNU_CallStaticMethodByName+0x91
#
# If you would like to submit a bug report, please include
# instructions how to reproduce the bug and visit:
#   https://bugs.launchpad.net/ubuntu/+source/openjdk-6/
#

---------------  T H R E A D  ---------------

Current thread is native thread

siginfo:si_signo=SIGSEGV: si_errno=0, si_code=1 (SEGV_MAPERR), si_addr=0x0000000000000000

Registers:
RAX=0x0000000000000029, RBX=0x0000000000000000, RCX=0x00007f5ac333b696, RDX=0x00007f5ae427003f
RSP=0x00007f5ae426ff50, RBP=0x00007f5ae4270070, RSI=0x0000000000000000, RDI=0x0000000000000000
R8 =0x00007f5ac333b690, R9 =0x0000000000ad86c0, R10=0x0000000000000000, R11=0x0000000000000206
R12=0x0000000000000000, R13=0x00007f5ac333b693, R14=0x0000000000000000, R15=0x00007f5ac333b6a9
RIP=0x00007f5aea35dd71, EFL=0x0000000000010246, CSGSFS=0x0000000000000033, ERR=0x0000000000000004
  TRAPNO=0x000000000000000e

Top of Stack: (sp=0x00007f5ae426ff50)
0x00007f5ae426ff50:   0000000000b19a10 00007f5ae4270020
0x00007f5ae426ff60:   0000000000000000 00007f5ac333b696
0x00007f5ae426ff70:   0000000500000000 00007f5af37a5592
0x00007f5ae426ff80:   0000000000000000 00007f5ab00d5060
0x00007f5ae426ff90:   0000000000b21a20 0000000000000020
0x00007f5ae426ffa0:   0000000000000020 00007f5ae48ae43e
0x00007f5ae426ffb0:   00007f5ae427009c 0000000000ad86c0
0x00007f5ae426ffc0:   00007f5ab00d5060 0000000000000010
0x00007f5ae426ffd0:   0000000000000020 0000000000000000
0x00007f5ae426ffe0:   0000000000b21a94 00007f5af379ed4e
0x00007f5ae426fff0:   00007f5ab00d5060 0000000000b21a20
0x00007f5ae4270000:   00007f5ab00d5060 0000000000000000
0x00007f5ae4270010:   0000000000000020 00007f5ae48af125
0x00007f5ae4270020:   00007f5ae4270068 00007f5ae9a52a30
0x00007f5ae4270030:   0000000000ad86c0 00007f5ae42700b0
0x00007f5ae4270040:   00007f5ae42701bc 0000000000ad86c0
0x00007f5ae4270050:   00007f5ae42700b0 00007f5ae42701bc
0x00007f5ae4270060:   0000000000000000 0000000000000001
0x00007f5ae4270070:   00007f5ae42700a0 00007f5ac330f094
0x00007f5ae4270080:   00007f5ae42700b0 0000000000b21a38
0x00007f5ae4270090:   00007f5ab00d5060 0000000000ad86c0
0x00007f5ae42700a0:   00007f5ab00d5060 00007f5ae57ef414
0x00007f5ae42700b0:   0000000000000000 0000000000ad86c0
0x00007f5ae42700c0:   0000000001e139e0 00000000000128d0
0x00007f5ae42700d0:   00007f5ab0000e09 00007f5ab0000020
0x00007f5ae42700e0:   00000000000128cf 0000000000ad86c0
0x00007f5ae42700f0:   00007f5ab00d5060 0000000000000001
0x00007f5ae4270100:   00000000000128d0 00007f5af379ec6c
0x00007f5ae4270110:   00007f5ab00d6cc0 00007f5ae57f595e
0x00007f5ae4270120:   0000000000000001 00007f5ae4270150
0x00007f5ae4270130:   00007f5ae4270158 0000000000000000
0x00007f5ae4270140:   00007f5ae42701b0 0000000000b21a20 

Instructions: (pc=0x00007f5aea35dd71)
0x00007f5aea35dd61:   83 c5 01 41 0f b6 45 00 3c 29 74 04 84 c0 75 ef
0x00007f5aea35dd71:   48 8b 03 45 31 f6 be 03 00 00 00 48 89 df 4c 89 

Stack: [0x00007f5ae3a72000,0x00007f5ae4273000],  sp=0x00007f5ae426ff50,  free space=1ff70000000000000030k
Native frames: (J=compiled Java code, j=interpreted, Vv=VM code, C=native code)
C  [libjava.so+0x18d71]  JNU_CallStaticMethodByName+0x91
C  [libmawt.so+0x12094]


---------------  P R O C E S S  ---------------

VM state:not at safepoint (normal execution)

VM Mutex/Monitor currently owned by a thread: None

Heap
 def new generation   total 4800K, used 2531K [0x00007f5ac4340000, 0x00007f5ac4870000, 0x00007f5ac9890000)
  eden space 4288K,  47% used [0x00007f5ac4340000, 0x00007f5ac45399c0, 0x00007f5ac4770000)
  from space 512K,  99% used [0x00007f5ac47f0000, 0x00007f5ac486f448, 0x00007f5ac4870000)
  to   space 512K,   0% used [0x00007f5ac4770000, 0x00007f5ac4770000, 0x00007f5ac47f0000)
 tenured generation   total 8640K, used 6114K [0x00007f5ac9890000, 0x00007f5aca100000, 0x00007f5ad4340000)
   the space 8640K,  70% used [0x00007f5ac9890000, 0x00007f5ac9e88a70, 0x00007f5ac9e88c00, 0x00007f5aca100000)
 compacting perm gen  total 24960K, used 24866K [0x00007f5ad4340000, 0x00007f5ad5ba0000, 0x00007f5adeb40000)
   the space 24960K,  99% used [0x00007f5ad4340000, 0x00007f5ad5b888c0, 0x00007f5ad5b88a00, 0x00007f5ad5ba0000)
No shared spaces configured.

Dynamic libraries:
00400000-00402000 r-xp 00000000 08:01 1500877                            /usr/bin/scilab-bin
00601000-00602000 r--p 00001000 08:01 1500877                            /usr/bin/scilab-bin
00602000-00603000 rw-p 00002000 08:01 1500877                            /usr/bin/scilab-bin
00acb000-014a5000 rw-p 00000000 00:00 0                                  [heap]
7f5aa85e7000-7f5aad235000 rw-p 00000000 00:00 0 
7f5ab0000000-7f5ab030e000 rw-p 00000000 00:00 0 
7f5ab030e000-7f5ab4000000 ---p 00000000 00:00 0 
7f5ab5ed6000-7f5ab5eda000 r-xp 00000000 08:01 1523913                    /usr/lib/gtk-2.0/2.10.0/loaders/libpixbufloader-png.so
7f5ab5eda000-7f5ab60da000 ---p 00004000 08:01 1523913                    /usr/lib/gtk-2.0/2.10.0/loaders/libpixbufloader-png.so
7f5ab60da000-7f5ab60db000 r--p 00004000 08:01 1523913                    /usr/lib/gtk-2.0/2.10.0/loaders/libpixbufloader-png.so
7f5ab60db000-7f5ab60dc000 rw-p 00005000 08:01 1523913                    /usr/lib/gtk-2.0/2.10.0/loaders/libpixbufloader-png.so
7f5ab60dc000-7f5ab65f3000 r--p 00000000 08:01 1689379                    /usr/share/icons/hicolor/icon-theme.cache
7f5ab65f3000-7f5ab65f6000 ---p 00000000 00:00 0 
7f5ab65f6000-7f5ab66f4000 rwxp 00000000 00:00 0 
7f5ab66f4000-7f5ab66f7000 ---p 00000000 00:00 0 
7f5ab66f7000-7f5ab67f5000 rwxp 00000000 00:00 0 
7f5ab67f5000-7f5ab67f6000 ---p 00000000 00:00 0 
7f5ab67f6000-7f5ab6ff6000 rwxp 00000000 00:00 0 
7f5ab6ff6000-7f5ab6ff9000 ---p 00000000 00:00 0 
7f5ab6ff9000-7f5ab77f7000 rwxp 00000000 00:00 0 
7f5ab789b000-7f5ab78b6000 r--s 00000000 08:01 1565119                    /usr/share/mime/mime.cache
7f5ab78b6000-7f5ab78d9000 rw-s 00000000 00:09 2293800                    /SYSV00000000 (deleted)
7f5ab78fc000-7f5ab7a27000 rw-s 00000000 00:09 1572903                    /SYSV00000000 (deleted)
7f5ab7a27000-7f5ab7a3a000 r-xp 00000000 08:01 1515639                    /usr/lib/gio/modules/libgioremote-volume-monitor.so
7f5ab7a3a000-7f5ab7c39000 ---p 00013000 08:01 1515639                    /usr/lib/gio/modules/libgioremote-volume-monitor.so
7f5ab7c39000-7f5ab7c3a000 r--p 00012000 08:01 1515639                    /usr/lib/gio/modules/libgioremote-volume-monitor.so
7f5ab7c3a000-7f5ab7c3b000 rw-p 00013000 08:01 1515639                    /usr/lib/gio/modules/libgioremote-volume-monitor.so
7f5ab7c3b000-7f5ab7c46000 r-xp 00000000 08:01 3260437                    /lib/libudev.so.0.5.0
7f5ab7c46000-7f5ab7e46000 ---p 0000b000 08:01 3260437                    /lib/libudev.so.0.5.0
7f5ab7e46000-7f5ab7e47000 r--p 0000b000 08:01 3260437                    /lib/libudev.so.0.5.0
7f5ab7e47000-7f5ab7e48000 rw-p 0000c000 08:01 3260437                    /lib/libudev.so.0.5.0
7f5ab7e48000-7f5ab7e5f000 r-xp 00000000 08:01 1501633                    /usr/lib/libgvfscommon.so.0.0.0
7f5ab7e5f000-7f5ab805e000 ---p 00017000 08:01 1501633                    /usr/lib/libgvfscommon.so.0.0.0
7f5ab805e000-7f5ab805f000 r--p 00016000 08:01 1501633                    /usr/lib/libgvfscommon.so.0.0.0
7f5ab805f000-7f5ab8060000 rw-p 00017000 08:01 1501633                    /usr/lib/libgvfscommon.so.0.0.0
7f5ab8060000-7f5ab8089000 r-xp 00000000 08:01 1515641                    /usr/lib/gio/modules/libgvfsdbus.so
7f5ab8089000-7f5ab8288000 ---p 00029000 08:01 1515641                    /usr/lib/gio/modules/libgvfsdbus.so
7f5ab8288000-7f5ab8289000 r--p 00028000 08:01 1515641                    /usr/lib/gio/modules/libgvfsdbus.so
7f5ab8289000-7f5ab828a000 rw-p 00029000 08:01 1515641                    /usr/lib/gio/modules/libgvfsdbus.so
7f5ab828f000-7f5ab8499000 rw-p 00000000 00:00 0 
7f5ab849e000-7f5ab84a8000 r--s 000ec000 08:01 1568047                    /usr/share/java/jogl-1.1.1+dak1.jar
7f5ab84a8000-7f5ab8508000 rw-s 00000000 00:09 1507365                    /SYSV00000000 (deleted)
7f5ab8755000-7f5ab8758000 ---p 00000000 00:00 0 
7f5ab8758000-7f5ab8856000 rwxp 00000000 00:00 0 
7f5ab8856000-7f5ab8859000 ---p 00000000 00:00 0 
7f5ab8859000-7f5ab8957000 rwxp 00000000 00:00 0 
7f5ab8957000-7f5ab8959000 r-xp 00000000 08:01 1903011                    /usr/lib/jni/libRubberBand-linux.so
7f5ab8959000-7f5ab8b58000 ---p 00002000 08:01 1903011                    /usr/lib/jni/libRubberBand-linux.so
7f5ab8b58000-7f5ab8b59000 r--p 00001000 08:01 1903011                    /usr/lib/jni/libRubberBand-linux.so
7f5ab8b59000-7f5ab8b5a000 rw-p 00002000 08:01 1903011                    /usr/lib/jni/libRubberBand-linux.so
7f5ab8b5a000-7f5ab8b97000 r-xp 00000000 08:01 3260551                    /lib/libdbus-1.so.3.4.0
7f5ab8b97000-7f5ab8d97000 ---p 0003d000 08:01 3260551                    /lib/libdbus-1.so.3.4.0
7f5ab8d97000-7f5ab8d98000 r--p 0003d000 08:01 3260551                    /lib/libdbus-1.so.3.4.0
7f5ab8d98000-7f5ab8d99000 rw-p 0003e000 08:01 3260551                    /lib/libdbus-1.so.3.4.0
7f5ab8d99000-7f5ab8dd6000 r-xp 00000000 08:01 1500054                    /usr/lib/libibus.so.1.0.0
7f5ab8dd6000-7f5ab8fd5000 ---p 0003d000 08:01 1500054                    /usr/lib/libibus.so.1.0.0
7f5ab8fd5000-7f5ab8fd7000 r--p 0003c000 08:01 1500054                    /usr/lib/libibus.so.1.0.0
7f5ab8fd7000-7f5ab8fd8000 rw-p 0003e000 08:01 1500054                    /usr/lib/libibus.so.1.0.0
7f5ab8fd8000-7f5ab8fd9000 rw-p 00000000 00:00 0 
7f5ab8fd9000-7f5ab8fde000 r-xp 00000000 08:01 1523780                    /usr/lib/gtk-2.0/2.10.0/immodules/im-ibus.so
7f5ab8fde000-7f5ab91de000 ---p 00005000 08:01 1523780                    /usr/lib/gtk-2.0/2.10.0/immodules/im-ibus.so
7f5ab91de000-7f5ab91df000 r--p 00005000 08:01 1523780                    /usr/lib/gtk-2.0/2.10.0/immodules/im-ibus.so
7f5ab91df000-7f5ab91e0000 rw-p 00006000 08:01 1523780                    /usr/lib/gtk-2.0/2.10.0/immodules/im-ibus.so
7f5ab91e0000-7f5ab91e2000 r-xp 00000000 08:01 868365                     /usr/lib/pango/1.6.0/modules/pango-basic-fc.so
7f5ab91e2000-7f5ab93e1000 ---p 00002000 08:01 868365                     /usr/lib/pango/1.6.0/modules/pango-basic-fc.so
7f5ab93e1000-7f5ab93e2000 r--p 00001000 08:01 868365                     /usr/lib/pango/1.6.0/modules/pango-basic-fc.so
7f5ab93e2000-7f5ab93e3000 rw-p 00002000 08:01 868365                     /usr/lib/pango/1.6.0/modules/pango-basic-fc.so
7f5ab93e3000-7f5ab93eb000 r-xp 00000000 08:01 1892995                    /usr/lib/jvm/java-6-openjdk/jre/lib/amd64/libnio.so
7f5ab93eb000-7f5ab95ea000 ---p 00008000 08:01 1892995                    /usr/lib/jvm/java-6-openjdk/jre/lib/amd64/libnio.so
7f5ab95ea000-7f5ab95eb000 r--p 00007000 08:01 1892995                    /usr/lib/jvm/java-6-openjdk/jre/lib/amd64/libnio.so
7f5ab95eb000-7f5ab95ec000 rw-p 00008000 08:01 1892995                    /usr/lib/jvm/java-6-openjdk/jre/lib/amd64/libnio.so
7f5ab95ec000-7f5ab9601000 r-xp 00000000 08:01 1893003                    /usr/lib/jvm/java-6-openjdk/jre/lib/amd64/libnet.so
7f5ab9601000-7f5ab9800000 ---p 00015000 08:01 1893003                    /usr/lib/jvm/java-6-openjdk/jre/lib/amd64/libnet.so
7f5ab9800000-7f5ab9801000 r--p 00014000 08:01 1893003                    /usr/lib/jvm/java-6-openjdk/jre/lib/amd64/libnet.so
7f5ab9801000-7f5ab9802000 rw-p 00015000 08:01 1893003                    /usr/lib/jvm/java-6-openjdk/jre/lib/amd64/libnet.so
7f5ab9802000-7f5ab982d000 r-xp 00000000 08:01 1523820                    /usr/lib/gtk-2.0/2.10.0/engines/libclearlooks.so
7f5ab982d000-7f5ab9a2c000 ---p 0002b000 08:01 1523820                    /usr/lib/gtk-2.0/2.10.0/engines/libclearlooks.so
7f5ab9a2c000-7f5ab9a2d000 r--p 0002a000 08:01 1523820                    /usr/lib/gtk-2.0/2.10.0/engines/libclearlooks.so
7f5ab9a2d000-7f5ab9a2e000 rw-p 0002b000 08:01 1523820                    /usr/lib/gtk-2.0/2.10.0/engines/libclearlooks.so
7f5ab9a2e000-7f5ab9a36000 r-xp 00000000 08:01 1501646                    /usr/lib/libltdl.so.7.2.0
7f5ab9a36000-7f5ab9c36000 ---p 00008000 08:01 1501646                    /usr/lib/libltdl.so.7.2.0
7f5ab9c36000-7f5ab9c37000 r--p 00008000 08:01 1501646                    /usr/lib/libltdl.so.7.2.0
7f5ab9c37000-7f5ab9c38000 rw-p 00009000 08:01 1501646                    /usr/lib/libltdl.so.7.2.0
7f5ab9c38000-7f5ab9c45000 r-xp 00000000 08:01 1501044                    /usr/lib/libtdb.so.1.1.5
7f5ab9c45000-7f5ab9e44000 ---p 0000d000 08:01 1501044                    /usr/lib/libtdb.so.1.1.5
7f5ab9e44000-7f5ab9e45000 r--p 0000c000 08:01 1501044                    /usr/lib/libtdb.so.1.1.5
7f5ab9e45000-7f5ab9e46000 rw-p 0000d000 08:01 1501044                    /usr/lib/libtdb.so.1.1.5
7f5ab9e46000-7f5ab9e4b000 r-xp 00000000 08:01 1501042                    /usr/lib/libogg.so.0.6.0
7f5ab9e4b000-7f5aba04a000 ---p 00005000 08:01 1501042                    /usr/lib/libogg.so.0.6.0
7f5aba04a000-7f5aba04b000 r--p 00004000 08:01 1501042                    /usr/lib/libogg.so.0.6.0
7f5aba04b000-7f5aba04c000 rw-p 00005000 08:01 1501042                    /usr/lib/libogg.so.0.6.0
7f5aba04c000-7f5aba06b000 r-xp 00000000 08:01 1502416                    /usr/lib/libvorbis.so.0.4.0
7f5aba06b000-7f5aba26a000 ---p 0001f000 08:01 1502416                    /usr/lib/libvorbis.so.0.4.0
7f5aba26a000-7f5aba26b000 r--p 0001e000 08:01 1502416                    /usr/lib/libvorbis.so.0.4.0
7f5aba26b000-7f5aba279000 rw-p 0001f000 08:01 1502416                    /usr/lib/libvorbis.so.0.4.0
7f5aba279000-7f5aba280000 r-xp 00000000 08:01 1500791                    /usr/lib/libvorbisfile.so.3.2.0
7f5aba280000-7f5aba47f000 ---p 00007000 08:01 1500791                    /usr/lib/libvorbisfile.so.3.2.0
7f5aba47f000-7f5aba480000 r--p 00006000 08:01 1500791                    /usr/lib/libvorbisfile.so.3.2.0
7f5aba480000-7f5aba481000 rw-p 00007000 08:01 1500791                    /usr/lib/libvorbisfile.so.3.2.0
7f5aba481000-7f5aba490000 r-xp 00000000 08:01 1502024                    /usr/lib/libcanberra.so.0.1.7
7f5aba490000-7f5aba68f000 ---p 0000f000 08:01 1502024                    /usr/lib/libcanberra.so.0.1.7
7f5aba68f000-7f5aba690000 r--p 0000e000 08:01 1502024                    /usr/lib/libcanberra.so.0.1.7
7f5aba690000-7f5aba691000 rw-p 0000f000 08:01 1502024                    /usr/lib/libcanberra.so.0.1.7
7f5aba691000-7f5aba695000 r-xp 00000000 08:01 2294844                    /usr/lib/libgthread-2.0.so.0.2200.3
7f5aba695000-7f5aba894000 ---p 00004000 08:01 2294844                    /usr/lib/libgthread-2.0.so.0.2200.3
7f5aba894000-7f5aba895000 r--p 00003000 08:01 2294844                    /usr/lib/libgthread-2.0.so.0.2200.3
7f5aba895000-7f5aba896000 rw-p 00004000 08:01 2294844                    /usr/lib/libgthread-2.0.so.0.2200.3
7f5aba896000-7f5aba899000 r-xp 00000000 08:01 1502705                    /usr/lib/libcanberra-gtk.so.0.1.1
7f5aba899000-7f5abaa99000 ---p 00003000 08:01 1502705                    /usr/lib/libcanberra-gtk.so.0.1.1
7f5abaa99000-7f5abaa9a000 r--p 00003000 08:01 1502705                    /usr/lib/libcanberra-gtk.so.0.1.1
7f5abaa9a000-7f5abaa9b000 rw-p 00004000 08:01 1502705                    /usr/lib/libcanberra-gtk.so.0.1.1
7f5abaa9b000-7f5abaaa0000 r-xp 00000000 08:01 843820                     /usr/lib/gtk-2.0/modules/libcanberra-gtk-module.so
7f5abaaa0000-7f5abac9f000 ---p 00005000 08:01 843820                     /usr/lib/gtk-2.0/modules/libcanberra-gtk-module.so
7f5abac9f000-7f5abaca0000 r--p 00004000 08:01 843820                     /usr/lib/gtk-2.0/modules/libcanberra-gtk-module.so
7f5abaca0000-7f5abaca1000 rw-p 00005000 08:01 843820                     /usr/lib/gtk-2.0/modules/libcanberra-gtk-module.so
7f5abaca1000-7f5abacbd000 r-xp 00000000 08:01 3260526                    /lib/libselinux.so.1
7f5abacbd000-7f5abaebc000 ---p 0001c000 08:01 3260526                    /lib/libselinux.so.1
7f5abaebc000-7f5abaebd000 r--p 0001b000 08:01 3260526                    /lib/libselinux.so.1
7f5abaebd000-7f5abaebe000 rw-p 0001c000 08:01 3260526                    /lib/libselinux.so.1
7f5abaebe000-7f5abaebf000 rw-p 00000000 00:00 0 
7f5abaebf000-7f5abaed5000 r-xp 00000000 08:01 3260764                    /lib/libresolv-2.10.1.so
7f5abaed5000-7f5abb0d4000 ---p 00016000 08:01 3260764                    /lib/libresolv-2.10.1.so
7f5abb0d4000-7f5abb0d5000 r--p 00015000 08:01 3260764                    /lib/libresolv-2.10.1.so
7f5abb0d5000-7f5abb0d6000 rw-p 00016000 08:01 3260764                    /lib/libresolv-2.10.1.so
7f5abb0d6000-7f5abb0d8000 rw-p 00000000 00:00 0 
7f5abb0d8000-7f5abb0df000 r-xp 00000000 08:01 1502163                    /usr/lib/libxcb-render.so.0.0.0
7f5abb0df000-7f5abb2df000 ---p 00007000 08:01 1502163                    /usr/lib/libxcb-render.so.0.0.0
7f5abb2df000-7f5abb2e0000 r--p 00007000 08:01 1502163                    /usr/lib/libxcb-render.so.0.0.0
7f5abb2e0000-7f5abb2e1000 rw-p 00008000 08:01 1502163                    /usr/lib/libxcb-render.so.0.0.0
7f5abb2e1000-7f5abb2e4000 r-xp 00000000 08:01 1502165                    /usr/lib/libxcb-render-util.so.0.0.0
7f5abb2e4000-7f5abb4e3000 ---p 00003000 08:01 1502165                    /usr/lib/libxcb-render-util.so.0.0.0
7f5abb4e3000-7f5abb4e4000 r--p 00002000 08:01 1502165                    /usr/lib/libxcb-render-util.so.0.0.0
7f5abb4e4000-7f5abb4e5000 rw-p 00003000 08:01 1502165                    /usr/lib/libxcb-render-util.so.0.0.0
7f5abb4e5000-7f5abb50a000 r-xp 00000000 08:01 1501245                    /usr/lib/libpng12.so.0.37.0
7f5abb50a000-7f5abb709000 ---p 00025000 08:01 1501245                    /usr/lib/libpng12.so.0.37.0
7f5abb709000-7f5abb70a000 r--p 00024000 08:01 1501245                    /usr/lib/libpng12.so.0.37.0
7f5abb70a000-7f5abb70b000 rw-p 00025000 08:01 1501245                    /usr/lib/libpng12.so.0.37.0
7f5abb70b000-7f5abb724000 r-xp 00000000 08:01 1501484                    /usr/lib/libdirect-1.2.so.0.7.0
7f5abb724000-7f5abb923000 ---p 00019000 08:01 1501484                    /usr/lib/libdirect-1.2.so.0.7.0
7f5abb923000-7f5abb924000 r--p 00018000 08:01 1501484                    /usr/lib/libdirect-1.2.so.0.7.0
7f5abb924000-7f5abb925000 rw-p 00019000 08:01 1501484                    /usr/lib/libdirect-1.2.so.0.7.0
7f5abb925000-7f5abb926000 rw-p 00000000 00:00 0 
7f5abb926000-7f5abb92f000 r-xp 00000000 08:01 1501486                    /usr/lib/libfusion-1.2.so.0.7.0
7f5abb92f000-7f5abbb2e000 ---p 00009000 08:01 1501486                    /usr/lib/libfusion-1.2.so.0.7.0
7f5abbb2e000-7f5abbb2f000 r--p 00008000 08:01 1501486                    /usr/lib/libfusion-1.2.so.0.7.0
7f5abbb2f000-7f5abbb30000 rw-p 00009000 08:01 1501486                    /usr/lib/libfusion-1.2.so.0.7.0
7f5abbb30000-7f5abbbb7000 r-xp 00000000 08:01 1501485                    /usr/lib/libdirectfb-1.2.so.0.7.0
7f5abbbb7000-7f5abbdb6000 ---p 00087000 08:01 1501485                    /usr/lib/libdirectfb-1.2.so.0.7.0
7f5abbdb6000-7f5abbdb8000 r--p 00086000 08:01 1501485                    /usr/lib/libdirectfb-1.2.so.0.7.0
7f5abbdb8000-7f5abbdba000 rw-p 00088000 08:01 1501485                    /usr/lib/libdirectfb-1.2.so.0.7.0
7f5abbdba000-7f5abbdbb000 rw-p 00000000 00:00 0 
7f5abbdbb000-7f5abbdfe000 r-xp 00000000 08:01 1499174                    /usr/lib/libpixman-1.so.0.14.0
7f5abbdfe000-7f5abbffd000 ---p 00043000 08:01 1499174                    /usr/lib/libpixman-1.so.0.14.0
7f5abbffd000-7f5abbfff000 r--p 00042000 08:01 1499174                    /usr/lib/libpixman-1.so.0.14.0
7f5abbfff000-7f5abc000000 rw-p 00044000 08:01 1499174                    /usr/lib/libpixman-1.so.0.14.0
7f5abc000000-7f5abc8e2000 rw-p 00000000 00:00 0 
7f5abc8e2000-7f5ac0000000 ---p 00000000 00:00 0 
7f5ac0085000-7f5ac0088000 ---p 00000000 00:00 0 
7f5ac0088000-7f5ac0186000 rwxp 00000000 00:00 0 
7f5ac0186000-7f5ac018e000 r-xp 00000000 08:01 1501208                    /usr/lib/libXrandr.so.2.2.0
7f5ac018e000-7f5ac038d000 ---p 00008000 08:01 1501208                    /usr/lib/libXrandr.so.2.2.0
7f5ac038d000-7f5ac038e000 r--p 00007000 08:01 1501208                    /usr/lib/libXrandr.so.2.2.0
7f5ac038e000-7f5ac038f000 rw-p 00008000 08:01 1501208                    /usr/lib/libXrandr.so.2.2.0
7f5ac038f000-7f5ac0391000 r-xp 00000000 08:01 2293850                    /usr/lib/libXinerama.so.1.0.0
7f5ac0391000-7f5ac0590000 ---p 00002000 08:01 2293850                    /usr/lib/libXinerama.so.1.0.0
7f5ac0590000-7f5ac0591000 rw-p 00001000 08:01 2293850                    /usr/lib/libXinerama.so.1.0.0
7f5ac0591000-7f5ac0656000 r-xp 00000000 08:01 3260475                    /lib/libglib-2.0.so.0.2200.3
7f5ac0656000-7f5ac0855000 ---p 000c5000 08:01 3260475                    /lib/libglib-2.0.so.0.2200.3
7f5ac0855000-7f5ac0856000 r--p 000c4000 08:01 3260475                    /lib/libglib-2.0.so.0.2200.3
7f5ac0856000-7f5ac0857000 rw-p 000c5000 08:01 3260475                    /lib/libglib-2.0.so.0.2200.3
7f5ac0857000-7f5ac0858000 rw-p 00000000 00:00 0 
7f5ac0858000-7f5ac085b000 r-xp 00000000 08:01 2294840                    /usr/lib/libgmodule-2.0.so.0.2200.3
7f5ac085b000-7f5ac0a5a000 ---p 00003000 08:01 2294840                    /usr/lib/libgmodule-2.0.so.0.2200.3
7f5ac0a5a000-7f5ac0a5b000 r--p 00002000 08:01 2294840                    /usr/lib/libgmodule-2.0.so.0.2200.3
7f5ac0a5b000-7f5ac0a5c000 rw-p 00003000 08:01 2294840                    /usr/lib/libgmodule-2.0.so.0.2200.3
7f5ac0a5c000-7f5ac0aa0000 r-xp 00000000 08:01 1499998                    /usr/lib/libgobject-2.0.so.0.2200.3
7f5ac0aa0000-7f5ac0ca0000 ---p 00044000 08:01 1499998                    /usr/lib/libgobject-2.0.so.0.2200.3
7f5ac0ca0000-7f5ac0ca1000 r--p 00044000 08:01 1499998                    /usr/lib/libgobject-2.0.so.0.2200.3
7f5ac0ca1000-7f5ac0ca2000 rw-p 00045000 08:01 1499998                    /usr/lib/libgobject-2.0.so.0.2200.3
7f5ac0ca2000-7f5ac0ca3000 rw-p 00000000 00:00 0 
7f5ac0ca3000-7f5ac0ce9000 r-xp 00000000 08:01 1502172                    /usr/lib/libpango-1.0.so.0.2600.0
7f5ac0ce9000-7f5ac0ee9000 ---p 00046000 08:01 1502172                    /usr/lib/libpango-1.0.so.0.2600.0
7f5ac0ee9000-7f5ac0eeb000 r--p 00046000 08:01 1502172                    /usr/lib/libpango-1.0.so.0.2600.0
7f5ac0eeb000-7f5ac0eec000 rw-p 00048000 08:01 1502172                    /usr/lib/libpango-1.0.so.0.2600.0
7f5ac0eec000-7f5ac0f13000 r-xp 00000000 08:01 1502174                    /usr/lib/libpangoft2-1.0.so.0.2600.0
7f5ac0f13000-7f5ac1113000 ---p 00027000 08:01 1502174                    /usr/lib/libpangoft2-1.0.so.0.2600.0
7f5ac1113000-7f5ac1114000 r--p 00027000 08:01 1502174                    /usr/lib/libpangoft2-1.0.so.0.2600.0
7f5ac1114000-7f5ac1115000 rw-p 00028000 08:01 1502174                    /usr/lib/libpangoft2-1.0.so.0.2600.0
7f5ac1115000-7f5ac11bb000 r-xp 00000000 08:01 2294848                    /usr/lib/libgio-2.0.so.0.2200.3
7f5ac11bb000-7f5ac13bb000 ---p 000a6000 08:01 2294848                    /usr/lib/libgio-2.0.so.0.2200.3
7f5ac13bb000-7f5ac13bd000 r--p 000a6000 08:01 2294848                    /usr/lib/libgio-2.0.so.0.2200.3
7f5ac13bd000-7f5ac13be000 rw-p 000a8000 08:01 2294848                    /usr/lib/libgio-2.0.so.0.2200.3
7f5ac13be000-7f5ac13bf000 rw-p 00000000 00:00 0 
7f5ac13bf000-7f5ac143e000 r-xp 00000000 08:01 1500257                    /usr/lib/libcairo.so.2.10800.8
7f5ac143e000-7f5ac163e000 ---p 0007f000 08:01 1500257                    /usr/lib/libcairo.so.2.10800.8
7f5ac163e000-7f5ac1640000 r--p 0007f000 08:01 1500257                    /usr/lib/libcairo.so.2.10800.8
7f5ac1640000-7f5ac1641000 rw-p 00081000 08:01 1500257                    /usr/lib/libcairo.so.2.10800.8
7f5ac1641000-7f5ac1642000 rw-p 00000000 00:00 0 
7f5ac1642000-7f5ac165f000 r-xp 00000000 08:01 1501285                    /usr/lib/libatk-1.0.so.0.2809.1
7f5ac165f000-7f5ac185f000 ---p 0001d000 08:01 1501285                    /usr/lib/libatk-1.0.so.0.2809.1
7f5ac185f000-7f5ac1861000 r--p 0001d000 08:01 1501285                    /usr/lib/libatk-1.0.so.0.2809.1
7f5ac1861000-7f5ac1862000 rw-p 0001f000 08:01 1501285                    /usr/lib/libatk-1.0.so.0.2809.1
7f5ac1862000-7f5ac1864000 r-xp 00000000 08:01 2293836                    /usr/lib/libXdamage.so.1.1.0
7f5ac1864000-7f5ac1a63000 ---p 00002000 08:01 2293836                    /usr/lib/libXdamage.so.1.1.0
7f5ac1a63000-7f5ac1a64000 rw-p 00001000 08:01 2293836                    /usr/lib/libXdamage.so.1.1.0
7f5ac1a64000-7f5ac1a66000 r-xp 00000000 08:01 1502067                    /usr/lib/libXcomposite.so.1.0.0
7f5ac1a66000-7f5ac1c65000 ---p 00002000 08:01 1502067                    /usr/lib/libXcomposite.so.1.0.0
7f5ac1c65000-7f5ac1c66000 r--p 00001000 08:01 1502067                    /usr/lib/libXcomposite.so.1.0.0
7f5ac1c66000-7f5ac1c67000 rw-p 00002000 08:01 1502067                    /usr/lib/libXcomposite.so.1.0.0
7f5ac1c67000-7f5ac1c72000 r-xp 00000000 08:01 1502173                    /usr/lib/libpangocairo-1.0.so.0.2600.0
7f5ac1c72000-7f5ac1e71000 ---p 0000b000 08:01 1502173                    /usr/lib/libpangocairo-1.0.so.0.2600.0
7f5ac1e71000-7f5ac1e72000 r--p 0000a000 08:01 1502173                    /usr/lib/libpangocairo-1.0.so.0.2600.0
7f5ac1e72000-7f5ac1e73000 rw-p 0000b000 08:01 1502173                    /usr/lib/libpangocairo-1.0.so.0.2600.0
7f5ac1e73000-7f5ac1f1a000 r-xp 00000000 08:01 1501216                    /usr/lib/libgdk-x11-2.0.so.0.1800.3
7f5ac1f1a000-7f5ac2119000 ---p 000a7000 08:01 1501216                    /usr/lib/libgdk-x11-2.0.so.0.1800.3
7f5ac2119000-7f5ac211d000 r--p 000a6000 08:01 1501216                    /usr/lib/libgdk-x11-2.0.so.0.1800.3
7f5ac211d000-7f5ac211f000 rw-p 000aa000 08:01 1501216                    /usr/lib/libgdk-x11-2.0.so.0.1800.3
7f5ac211f000-7f5ac213a000 r-xp 00000000 08:01 1501784                    /usr/lib/libgdk_pixbuf-2.0.so.0.1800.3
7f5ac213a000-7f5ac2339000 ---p 0001b000 08:01 1501784                    /usr/lib/libgdk_pixbuf-2.0.so.0.1800.3
7f5ac2339000-7f5ac233a000 r--p 0001a000 08:01 1501784                    /usr/lib/libgdk_pixbuf-2.0.so.0.1800.3
7f5ac233a000-7f5ac233b000 rw-p 0001b000 08:01 1501784                    /usr/lib/libgdk_pixbuf-2.0.so.0.1800.3
7f5ac233b000-7f5ac273a000 r-xp 00000000 08:01 1499335                    /usr/lib/libgtk-x11-2.0.so.0.1800.3
7f5ac273a000-7f5ac2939000 ---p 003ff000 08:01 1499335                    /usr/lib/libgtk-x11-2.0.so.0.1800.3
7f5ac2939000-7f5ac2940000 r--p 003fe000 08:01 1499335                    /usr/lib/libgtk-x11-2.0.so.0.1800.3
7f5ac2940000-7f5ac2944000 rw-p 00405000 08:01 1499335                    /usr/lib/libgtk-x11-2.0.so.0.1800.3
7f5ac2944000-7f5ac2946000 rw-p 00000000 00:00 0 
7f5ac294c000-7f5ac294e000 r--s 00003000 08:01 1568048                    /usr/share/java/gluegen-rt-1.1.1+dak1.jar
7f5ac2954000-7f5ac2958000 rw-s 00000000 00:09 2883626                    /SYSV00000000 (deleted)
7f5ac2958000-7f5ac2969000 r--p 00000000 08:01 1615803                    /usr/share/fonts/truetype/ttf-bitstream-vera/Vera.ttf
7f5ac2969000-7f5ac296c000 ---p 00000000 00:00 0 
7f5ac296c000-7f5ac2a6a000 rwxp 00000000 00:00 0 
7f5ac2a6a000-7f5ac2a6d000 ---p 00000000 00:00 0 
7f5ac2a6d000-7f5ac2b6b000 rwxp 00000000 00:00 0 
7f5ac2b6b000-7f5ac2b6e000 ---p 00000000 00:00 0 
7f5ac2b6e000-7f5ac2c6c000 rwxp 00000000 00:00 0 
7f5ac2c6c000-7f5ac2cb3000 r-xp 00000000 08:01 1893015                    /usr/lib/jvm/java-6-openjdk/jre/lib/amd64/libfontmanager.so
7f5ac2cb3000-7f5ac2eb2000 ---p 00047000 08:01 1893015                    /usr/lib/jvm/java-6-openjdk/jre/lib/amd64/libfontmanager.so
7f5ac2eb2000-7f5ac2eb5000 r--p 00046000 08:01 1893015                    /usr/lib/jvm/java-6-openjdk/jre/lib/amd64/libfontmanager.so
7f5ac2eb5000-7f5ac2eb6000 rw-p 00049000 08:01 1893015                    /usr/lib/jvm/java-6-openjdk/jre/lib/amd64/libfontmanager.so
7f5ac2eb6000-7f5ac2ec8000 rw-p 00000000 00:00 0 
7f5ac2ec8000-7f5ac2ed1000 r-xp 00000000 08:01 1501219                    /usr/lib/libXi.so.6.0.0
7f5ac2ed1000-7f5ac30d1000 ---p 00009000 08:01 1501219                    /usr/lib/libXi.so.6.0.0
7f5ac30d1000-7f5ac30d2000 r--p 00009000 08:01 1501219                    /usr/lib/libXi.so.6.0.0
7f5ac30d2000-7f5ac30d3000 rw-p 0000a000 08:01 1501219                    /usr/lib/libXi.so.6.0.0
7f5ac30d3000-7f5ac30d8000 r-xp 00000000 08:01 2293868                    /usr/lib/libXtst.so.6.1.0
7f5ac30d8000-7f5ac32d8000 ---p 00005000 08:01 2293868                    /usr/lib/libXtst.so.6.1.0
7f5ac32d8000-7f5ac32d9000 r--p 00005000 08:01 2293868                    /usr/lib/libXtst.so.6.1.0
7f5ac32d9000-7f5ac32da000 rw-p 00006000 08:01 2293868                    /usr/lib/libXtst.so.6.1.0
7f5ac32da000-7f5ac32db000 r--s 00000000 08:01 1089803                    /home/mike/.local/share/mime/mime.cache
7f5ac32db000-7f5ac32e8000 r--p 00000000 08:01 1615810                    /usr/share/fonts/truetype/ttf-bitstream-vera/VeraMono.ttf
7f5ac32e8000-7f5ac32ea000 r--p 00000000 08:01 1743852                    /usr/share/locale-langpack/en_GB/LC_MESSAGES/glib20.mo
7f5ac32ea000-7f5ac32ee000 r--p 00000000 08:01 1743786                    /usr/share/locale-langpack/en_GB/LC_MESSAGES/gtk20-properties.mo
7f5ac32ee000-7f5ac32f0000 r--p 00000000 08:01 1743862                    /usr/share/locale-langpack/en_GB/LC_MESSAGES/gtk20.mo
7f5ac32f0000-7f5ac32f1000 r--p 00000000 08:01 1524277                    /usr/lib/locale/en_GB.utf8/LC_PAPER
7f5ac32f1000-7f5ac32f2000 r--p 00000000 08:01 1524340                    /usr/lib/locale/en_GB.utf8/LC_NAME
7f5ac32f2000-7f5ac32f3000 r--p 00000000 08:01 1523978                    /usr/lib/locale/en_GB.utf8/LC_ADDRESS
7f5ac32f3000-7f5ac32f4000 r--p 00000000 08:01 1523979                    /usr/lib/locale/en_GB.utf8/LC_TELEPHONE
7f5ac32f4000-7f5ac32f5000 r--p 00000000 08:01 1524273                    /usr/lib/locale/en_GB.utf8/LC_MEASUREMENT
7f5ac32f5000-7f5ac32f6000 r--p 00000000 08:01 1523980                    /usr/lib/locale/en_GB.utf8/LC_IDENTIFICATION
7f5ac32f6000-7f5ac32fd000 r--s 00102000 08:01 1606951                    /usr/lib/jvm/java-6-openjdk/jre/lib/resources.jar
7f5ac32fd000-7f5ac3349000 r-xp 00000000 08:01 1900551                    /usr/lib/jvm/java-6-openjdk/jre/lib/amd64/xawt/libmawt.so
7f5ac3349000-7f5ac3549000 ---p 0004c000 08:01 1900551                    /usr/lib/jvm/java-6-openjdk/jre/lib/amd64/xawt/libmawt.so
7f5ac3549000-7f5ac354a000 r--p 0004c000 08:01 1900551                    /usr/lib/jvm/java-6-openjdk/jre/lib/amd64/xawt/libmawt.so
7f5ac354a000-7f5ac354d000 rw-p 0004d000 08:01 1900551                    /usr/lib/jvm/java-6-openjdk/jre/lib/amd64/xawt/libmawt.so
7f5ac354d000-7f5ac354e000 rw-p 00000000 00:00 0 
7f5ac354e000-7f5ac35ef000 r-xp 00000000 08:01 1893022                    /usr/lib/jvm/java-6-openjdk/jre/lib/amd64/libawt.so
7f5ac35ef000-7f5ac37ef000 ---p 000a1000 08:01 1893022                    /usr/lib/jvm/java-6-openjdk/jre/lib/amd64/libawt.so
7f5ac37ef000-7f5ac37f0000 r--p 000a1000 08:01 1893022                    /usr/lib/jvm/java-6-openjdk/jre/lib/amd64/libawt.so
7f5ac37f0000-7f5ac37fb000 rw-p 000a2000 08:01 1893022                    /usr/lib/jvm/java-6-openjdk/jre/lib/amd64/libawt.so
7f5ac37fb000-7f5ac3820000 rw-p 00000000 00:00 0 
7f5ac3820000-7f5ac3826000 r--s 00022000 08:01 1961487                    /usr/share/scilab/modules/renderer/jar/org.scilab.modules.renderer.jar
7f5ac3826000-7f5ac3827000 ---p 00000000 00:00 0 
7f5ac3827000-7f5ac3927000 rwxp 00000000 00:00 0 
7f5ac3927000-7f5ac392a000 ---p 00000000 00:00 0 
7f5ac392a000-7f5ac3a28000 rwxp 00000000 00:00 0 
7f5ac3a28000-7f5ac3a2b000 ---p 00000000 00:00 0 
7f5ac3a2b000-7f5ac3b29000 rwxp 00000000 00:00 0 
7f5ac3b29000-7f5ac3b2c000 ---p 00000000 00:00 0 
7f5ac3b2c000-7f5ac3c2a000 rwxp 00000000 00:00 0 
7f5ac3c2a000-7f5ac3c2d000 ---p 00000000 00:00 0 
7f5ac3c2d000-7f5ac3d2b000 rwxp 00000000 00:00 0 
7f5ac3d2b000-7f5ac3d2e000 ---p 00000000 00:00 0 
7f5ac3d2e000-7f5ac3e2c000 rwxp 00000000 00:00 0 
7f5ac3e2c000-7f5ac3e2f000 ---p 00000000 00:00 0 
7f5ac3e2f000-7f5ac3f2d000 rwxp 00000000 00:00 0 
7f5ac3f2d000-7f5ac3f2e000 ---p 00000000 00:00 0 
7f5ac3f2e000-7f5ac402e000 rwxp 00000000 00:00 0 
7f5ac402e000-7f5ac41c0000 r--s 03916000 08:01 1884183                    /usr/lib/jvm/java-6-openjdk/jre/lib/rt.jar
7f5ac41c0000-7f5ac41cd000 rw-p 00000000 00:00 0 
7f5ac41cd000-7f5ac4215000 rw-p 00000000 00:00 0 
7f5ac4215000-7f5ac421a000 rw-p 00000000 00:00 0 
7f5ac421a000-7f5ac426b000 rw-p 00000000 00:00 0 
7f5ac426b000-7f5ac426e000 rw-p 00000000 00:00 0 
7f5ac426e000-7f5ac4295000 rw-p 00000000 00:00 0 
7f5ac4295000-7f5ac429a000 rw-p 00000000 00:00 0 
7f5ac429a000-7f5ac429b000 ---p 00000000 00:00 0 
7f5ac429b000-7f5ac42eb000 rw-p 00000000 00:00 0 
7f5ac42eb000-7f5ac42f8000 rw-p 00000000 00:00 0 
7f5ac42f8000-7f5ac433f000 rw-p 00000000 00:00 0 
7f5ac433f000-7f5ac4870000 rw-p 00000000 00:00 0 
7f5ac4870000-7f5ac9890000 rw-p 00000000 00:00 0 
7f5ac9890000-7f5aca100000 rw-p 00000000 00:00 0 
7f5aca100000-7f5aca1f2000 ---p 00000000 00:00 0 
7f5aca1f2000-7f5ad4340000 rw-p 00000000 00:00 0 
7f5ad4340000-7f5ad5ba0000 rw-p 00000000 00:00 0 
7f5ad5ba0000-7f5adeb40000 rw-p 00000000 00:00 0 
7f5adeb40000-7f5adeb41000 r--p 00000000 00:00 0 
7f5adeb41000-7f5adeb42000 r--p 00000000 08:01 3670227                    /usr/share/locale-langpack/en_GB/LC_MESSAGES/libc.mo
7f5adeb42000-7f5adeb4b000 r--s 00041000 08:01 1961570                    /usr/share/scilab/modules/gui/jar/org.scilab.modules.gui.jar
7f5adeb4b000-7f5adeb55000 rw-p 00000000 00:00 0 
7f5adeb55000-7f5adec0b000 rw-p 00000000 00:00 0 
7f5adec0b000-7f5adee7b000 rwxp 00000000 00:00 0 
7f5adee7b000-7f5ae1c0b000 rw-p 00000000 00:00 0 
7f5ae1c0b000-7f5ae1c12000 r-xp 00000000 08:01 1893019                    /usr/lib/jvm/java-6-openjdk/jre/lib/amd64/libzip.so
7f5ae1c12000-7f5ae1e11000 ---p 00007000 08:01 1893019                    /usr/lib/jvm/java-6-openjdk/jre/lib/amd64/libzip.so
7f5ae1e11000-7f5ae1e12000 r--p 00006000 08:01 1893019                    /usr/lib/jvm/java-6-openjdk/jre/lib/amd64/libzip.so
7f5ae1e12000-7f5ae1e13000 rw-p 00007000 08:01 1893019                    /usr/lib/jvm/java-6-openjdk/jre/lib/amd64/libzip.so
7f5ae1e13000-7f5ae1e1b000 r-xp 00000000 08:01 1900820                    /usr/lib/jvm/java-6-openjdk/jre/lib/amd64/native_threads/libhpi.so
7f5ae1e1b000-7f5ae201a000 ---p 00008000 08:01 1900820                    /usr/lib/jvm/java-6-openjdk/jre/lib/amd64/native_threads/libhpi.so
7f5ae201a000-7f5ae201b000 r--p 00007000 08:01 1900820                    /usr/lib/jvm/java-6-openjdk/jre/lib/amd64/native_threads/libhpi.so
7f5ae201b000-7f5ae201c000 rw-p 00008000 08:01 1900820                    /usr/lib/jvm/java-6-openjdk/jre/lib/amd64/native_threads/libhpi.so
7f5ae201c000-7f5ae201d000 ---p 00000000 00:00 0 
7f5ae201d000-7f5ae281d000 rwxp 00000000 00:00 0 
7f5ae281d000-7f5ae2822000 r-xp 00000000 08:01 1499419                    /usr/lib/libXfixes.so.3.1.0
7f5ae2822000-7f5ae2a21000 ---p 00005000 08:01 1499419                    /usr/lib/libXfixes.so.3.1.0
7f5ae2a21000-7f5ae2a22000 r--p 00004000 08:01 1499419                    /usr/lib/libXfixes.so.3.1.0
7f5ae2a22000-7f5ae2a23000 rw-p 00005000 08:01 1499419                    /usr/lib/libXfixes.so.3.1.0
7f5ae2a23000-7f5ae2a2c000 r-xp 00000000 08:01 1499557                    /usr/lib/libXcursor.so.1.0.2
7f5ae2a2c000-7f5ae2c2b000 ---p 00009000 08:01 1499557                    /usr/lib/libXcursor.so.1.0.2
7f5ae2c2b000-7f5ae2c2c000 r--p 00008000 08:01 1499557                    /usr/lib/libXcursor.so.1.0.2
7f5ae2c2c000-7f5ae2c2d000 rw-p 00009000 08:01 1499557                    /usr/lib/libXcursor.so.1.0.2
7f5ae2c2d000-7f5ae2c2f000 r--s 00005000 08:01 1961530                    /usr/share/scilab/modules/graphic_export/jar/org.scilab.modules.graphic_export.jar
7f5ae2c2f000-7f5ae2c30000 r--s 00000000 08:01 1960465                    /usr/share/scilab/modules/action_binding/jar/org.scilab.modules.action_binding.jar
7f5ae2c30000-7f5ae2c31000 r--s 00000000 08:01 1961479                    /usr/share/scilab/modules/localization/jar/org.scilab.modules.localization.jar
7f5ae2c31000-7f5ae2c33000 r--s 0000a000 08:01 1961510                    /usr/share/scilab/modules/console/jar/org.scilab.modules.console.jar
7f5ae2c33000-7f5ae2c34000 r--s 00000000 08:01 1961502                    /usr/share/scilab/modules/completion/jar/org.scilab.modules.completion.jar
7f5ae2c34000-7f5ae2c35000 r--s 00000000 08:01 1961212                    /usr/share/scilab/modules/history_manager/jar/org.scilab.modules.history_manager.jar
7f5ae2c35000-7f5ae2c36000 r--s 00000000 08:01 1961494                    /usr/share/scilab/modules/shell/jar/org.scilab.modules.shell.jar
7f5ae2c36000-7f5ae2c3e000 r--s 0008a000 08:01 1567320                    /usr/share/java/jhall-2.0.05.ds1.jar
7f5ae2c3e000-7f5ae2c40000 r--s 0000c000 08:01 1566498                    /usr/share/java/commons-logging-1.1.1.jar
7f5ae2c40000-7f5ae2c47000 r--s 00043000 08:01 1568046                    /usr/share/java/looks.jar
7f5ae2c47000-7f5ae2c49000 r--s 00003000 08:01 1568215                    /usr/share/java/laf-plugin-1.0.jar
7f5ae2c49000-7f5ae2c4e000 r--s 00046000 08:01 1568217                    /usr/share/java/skinlf-6.7.jar
7f5ae2c4e000-7f5ae2c50000 r--s 00008000 08:01 1568050                    /usr/share/java/jrosetta-engine-1.0.2+gpl.jar
7f5ae2c50000-7f5ae2c5c000 r-xp 00000000 08:01 3260738                    /lib/libnss_files-2.10.1.so
7f5ae2c5c000-7f5ae2e5b000 ---p 0000c000 08:01 3260738                    /lib/libnss_files-2.10.1.so
7f5ae2e5b000-7f5ae2e5c000 r--p 0000b000 08:01 3260738                    /lib/libnss_files-2.10.1.so
7f5ae2e5c000-7f5ae2e5d000 rw-p 0000c000 08:01 3260738                    /lib/libnss_files-2.10.1.so
7f5ae2e5d000-7f5ae2e67000 r-xp 00000000 08:01 3260746                    /lib/libnss_nis-2.10.1.so
7f5ae2e67000-7f5ae3066000 ---p 0000a000 08:01 3260746                    /lib/libnss_nis-2.10.1.so
7f5ae3066000-7f5ae3067000 r--p 00009000 08:01 3260746                    /lib/libnss_nis-2.10.1.so
7f5ae3067000-7f5ae3068000 rw-p 0000a000 08:01 3260746                    /lib/libnss_nis-2.10.1.so
7f5ae3068000-7f5ae306f000 r-xp 00000000 08:01 3260455                    /lib/libnss_compat-2.10.1.so
7f5ae306f000-7f5ae326f000 ---p 00007000 08:01 3260455                    /lib/libnss_compat-2.10.1.so
7f5ae326f000-7f5ae3270000 r--p 00007000 08:01 3260455                    /lib/libnss_compat-2.10.1.so
7f5ae3270000-7f5ae3271000 rw-p 00008000 08:01 3260455                    /lib/libnss_compat-2.10.1.so
7f5ae3271000-7f5ae3272000 ---p 00000000 00:00 0 
7f5ae3272000-7f5ae3a72000 rwxp 00000000 00:00 0 
7f5ae3a72000-7f5ae3a73000 ---p 00000000 00:00 0 
7f5ae3a73000-7f5ae4273000 rwxp 00000000 00:00 0 
7f5ae4273000-7f5ae4278000 r-xp 00000000 08:01 2293838                    /usr/lib/libXdmcp.so.6.0.0
7f5ae4278000-7f5ae4477000 ---p 00005000 08:01 2293838                    /usr/lib/libXdmcp.so.6.0.0
7f5ae4477000-7f5ae4478000 rw-p 00004000 08:01 2293838                    /usr/lib/libXdmcp.so.6.0.0
7f5ae4478000-7f5ae449e000 r-xp 00000000 08:01 3260430                    /lib/libexpat.so.1.5.2
7f5ae449e000-7f5ae469e000 ---p 00026000 08:01 3260430                    /lib/libexpat.so.1.5.2
7f5ae469e000-7f5ae46a0000 r--p 00026000 08:01 3260430                    /lib/libexpat.so.1.5.2
7f5ae46a0000-7f5ae46a1000 rw-p 00028000 08:01 3260430                    /lib/libexpat.so.1.5.2
7f5ae46a1000-7f5ae46a3000 r-xp 00000000 08:01 1500629                    /usr/lib/libXau.so.6.0.0
7f5ae46a3000-7f5ae48a2000 ---p 00002000 08:01 1500629                    /usr/lib/libXau.so.6.0.0
7f5ae48a2000-7f5ae48a3000 r--p 00001000 08:01 1500629                    /usr/lib/libXau.so.6.0.0
7f5ae48a3000-7f5ae48a4000 rw-p 00002000 08:01 1500629                    /usr/lib/libXau.so.6.0.0
7f5ae48a4000-7f5ae48bf000 r-xp 00000000 08:01 1501203                    /usr/lib/libxcb.so.1.1.0
7f5ae48bf000-7f5ae4abe000 ---p 0001b000 08:01 1501203                    /usr/lib/libxcb.so.1.1.0
7f5ae4abe000-7f5ae4abf000 r--p 0001a000 08:01 1501203                    /usr/lib/libxcb.so.1.1.0
7f5ae4abf000-7f5ae4ac0000 rw-p 0001b000 08:01 1501203                    /usr/lib/libxcb.so.1.1.0
7f5ae4ac0000-7f5ae4ac9000 r-xp 00000000 08:01 1502052                    /usr/lib/libXrender.so.1.3.0
7f5ae4ac9000-7f5ae4cc8000 ---p 00009000 08:01 1502052                    /usr/lib/libXrender.so.1.3.0
7f5ae4cc8000-7f5ae4cc9000 r--p 00008000 08:01 1502052                    /usr/lib/libXrender.so.1.3.0
7f5ae4cc9000-7f5ae4cca000 rw-p 00009000 08:01 1502052                    /usr/lib/libXrender.so.1.3.0
7f5ae4cca000-7f5ae4cfa000 r-xp 00000000 08:01 2294094                    /usr/lib/libfontconfig.so.1.3.0
7f5ae4cfa000-7f5ae4efa000 ---p 00030000 08:01 2294094                    /usr/lib/libfontconfig.so.1.3.0
7f5ae4efa000-7f5ae4efb000 r--p 00030000 08:01 2294094                    /usr/lib/libfontconfig.so.1.3.0
7f5ae4efb000-7f5ae4efc000 rw-p 00031000 08:01 2294094                    /usr/lib/libfontconfig.so.1.3.0
7f5ae4efc000-7f5ae4f7b000 r-xp 00000000 08:01 1501828                    /usr/lib/libfreetype.so.6.3.20
7f5ae4f7b000-7f5ae517b000 ---p 0007f000 08:01 1501828                    /usr/lib/libfreetype.so.6.3.20
7f5ae517b000-7f5ae5180000 r--p 0007f000 08:01 1501828                    /usr/lib/libfreetype.so.6.3.20
7f5ae5180000-7f5ae5181000 rw-p 00084000 08:01 1501828                    /usr/lib/libfreetype.so.6.3.20
7f5ae5181000-7f5ae5195000 r-xp 00000000 08:01 2293846                    /usr/lib/libXft.so.2.1.13
7f5ae5195000-7f5ae5394000 ---p 00014000 08:01 2293846                    /usr/lib/libXft.so.2.1.13
7f5ae5394000-7f5ae5395000 r--p 00013000 08:01 2293846                    /usr/lib/libXft.so.2.1.13
7f5ae5395000-7f5ae5396000 rw-p 00014000 08:01 2293846                    /usr/lib/libXft.so.2.1.13
7f5ae5396000-7f5ae53a7000 r-xp 00000000 08:01 1499138                    /usr/lib/libXext.so.6.4.0
7f5ae53a7000-7f5ae55a6000 ---p 00011000 08:01 1499138                    /usr/lib/libXext.so.6.4.0
7f5ae55a6000-7f5ae55a7000 r--p 00010000 08:01 1499138                    /usr/lib/libXext.so.6.4.0
7f5ae55a7000-7f5ae55a8000 rw-p 00011000 08:01 1499138                    /usr/lib/libXext.so.6.4.0
7f5ae55a8000-7f5ae55aa000 r-xp 00000000 08:01 2293864                    /usr/lib/libXss.so.1.0.0
7f5ae55aa000-7f5ae57aa000 ---p 00002000 08:01 2293864                    /usr/lib/libXss.so.1.0.0
7f5ae57aa000-7f5ae57ac000 rw-p 00002000 08:01 2293864                    /usr/lib/libXss.so.1.0.0
7f5ae57ac000-7f5ae58dd000 r-xp 00000000 08:01 1500635                    /usr/lib/libX11.so.6.2.0
7f5ae58dd000-7f5ae5add000 ---p 00131000 08:01 1500635                    /usr/lib/libX11.so.6.2.0
7f5ae5add000-7f5ae5ade000 r--p 00131000 08:01 1500635                    /usr/lib/libX11.so.6.2.0
7f5ae5ade000-7f5ae5ae2000 rw-p 00132000 08:01 1500635                    /usr/lib/libX11.so.6.2.0
7f5ae5ae2000-7f5ae5af8000 r-xp 00000000 08:01 3260748                    /lib/libnsl-2.10.1.so
7f5ae5af8000-7f5ae5cf8000 ---p 00016000 08:01 3260748                    /lib/libnsl-2.10.1.so
7f5ae5cf8000-7f5ae5cf9000 r--p 00016000 08:01 3260748                    /lib/libnsl-2.10.1.so
7f5ae5cf9000-7f5ae5cfa000 rw-p 00017000 08:01 3260748                    /lib/libnsl-2.10.1.so
7f5ae5cfa000-7f5ae5cfc000 rw-p 00000000 00:00 0 
7f5ae5cfc000-7f5ae5d17000 r-xp 00000000 08:01 1548442                    /usr/lib/scilab/libscisundials.so.0.0.0
7f5ae5d17000-7f5ae5f16000 ---p 0001b000 08:01 1548442                    /usr/lib/scilab/libscisundials.so.0.0.0
7f5ae5f16000-7f5ae5f17000 r--p 0001a000 08:01 1548442                    /usr/lib/scilab/libscisundials.so.0.0.0
7f5ae5f17000-7f5ae5f18000 rw-p 0001b000 08:01 1548442                    /usr/lib/scilab/libscisundials.so.0.0.0
7f5ae5f18000-7f5ae5f1f000 r-xp 00000000 08:01 3260742                    /lib/librt-2.10.1.so
7f5ae5f1f000-7f5ae611e000 ---p 00007000 08:01 3260742                    /lib/librt-2.10.1.so
7f5ae611e000-7f5ae611f000 r--p 00006000 08:01 3260742                    /lib/librt-2.10.1.so
7f5ae611f000-7f5ae6120000 rw-p 00007000 08:01 3260742                    /lib/librt-2.10.1.so
7f5ae6120000-7f5ae6137000 r-xp 00000000 08:01 3260751                    /lib/libpthread-2.10.1.so
7f5ae6137000-7f5ae6336000 ---p 00017000 08:01 3260751                    /lib/libpthread-2.10.1.so
7f5ae6336000-7f5ae6337000 r--p 00016000 08:01 3260751                    /lib/libpthread-2.10.1.so
7f5ae6337000-7f5ae6338000 rw-p 00017000 08:01 3260751                    /lib/libpthread-2.10.1.so
7f5ae6338000-7f5ae633c000 rw-p 00000000 00:00 0 
7f5ae633c000-7f5ae6345000 r-xp 00000000 08:01 1500567                    /usr/lib/libamd.so.2.2.0
7f5ae6345000-7f5ae6544000 ---p 00009000 08:01 1500567                    /usr/lib/libamd.so.2.2.0
7f5ae6544000-7f5ae6545000 r--p 00008000 08:01 1500567                    /usr/lib/libamd.so.2.2.0
7f5ae6545000-7f5ae6546000 rw-p 00009000 08:01 1500567                    /usr/lib/libamd.so.2.2.0
7f5ae6546000-7f5ae6605000 r-xp 00000000 08:01 1500874                    /usr/lib/libumfpack.so.5.4.0
7f5ae6605000-7f5ae6804000 ---p 000bf000 08:01 1500874                    /usr/lib/libumfpack.so.5.4.0
7f5ae6804000-7f5ae6805000 r--p 000be000 08:01 1500874                    /usr/lib/libumfpack.so.5.4.0
7f5ae6805000-7f5ae6806000 rw-p 000bf000 08:01 1500874                    /usr/lib/libumfpack.so.5.4.0
7f5ae6806000-7f5ae68fa000 r-xp 00000000 08:01 1502927                    /usr/lib/libfftw3.so.3.2.3
7f5ae68fa000-7f5ae6af9000 ---p 000f4000 08:01 1502927                    /usr/lib/libfftw3.so.3.2.3
7f5ae6af9000-7f5ae6b00000 r--p 000f3000 08:01 1502927                    /usr/lib/libfftw3.so.3.2.3
7f5ae6b00000-7f5ae6b01000 rw-p 000fa000 08:01 1502927                    /usr/lib/libfftw3.so.3.2.3
7f5ae6b01000-7f5ae6b2e000 r-xp 00000000 08:01 3260494                    /lib/libpcre.so.3.12.1
7f5ae6b2e000-7f5ae6d2d000 ---p 0002d000 08:01 3260494                    /lib/libpcre.so.3.12.1
7f5ae6d2d000-7f5ae6d2e000 r--p 0002c000 08:01 3260494                    /lib/libpcre.so.3.12.1
7f5ae6d2e000-7f5ae6d2f000 rw-p 0002d000 08:01 3260494                    /lib/libpcre.so.3.12.1
7f5ae6d2f000-7f5ae6d31000 r-xp 00000000 08:01 1500072                    /usr/lib/libpcreposix.so.3.12.1
7f5ae6d31000-7f5ae6f30000 ---p 00002000 08:01 1500072                    /usr/lib/libpcreposix.so.3.12.1
7f5ae6f30000-7f5ae6f31000 r--p 00001000 08:01 1500072                    /usr/lib/libpcreposix.so.3.12.1
7f5ae6f31000-7f5ae6f32000 rw-p 00002000 08:01 1500072                    /usr/lib/libpcreposix.so.3.12.1
7f5ae6f32000-7f5ae6f48000 r-xp 00000000 08:01 3260478                    /lib/libz.so.1.2.3.3
7f5ae6f48000-7f5ae7147000 ---p 00016000 08:01 3260478                    /lib/libz.so.1.2.3.3
7f5ae7147000-7f5ae7148000 r--p 00015000 08:01 3260478                    /lib/libz.so.1.2.3.3
7f5ae7148000-7f5ae7149000 rw-p 00016000 08:01 3260478                    /lib/libz.so.1.2.3.3
7f5ae7149000-7f5ae7177000 r-xp 00000000 08:01 1503100                    /usr/lib/libmatio.so.0.0.0
7f5ae7177000-7f5ae7377000 ---p 0002e000 08:01 1503100                    /usr/lib/libmatio.so.0.0.0
7f5ae7377000-7f5ae7378000 r--p 0002e000 08:01 1503100                    /usr/lib/libmatio.so.0.0.0
7f5ae7378000-7f5ae7379000 rw-p 0002f000 08:01 1503100                    /usr/lib/libmatio.so.0.0.0
7f5ae7379000-7f5ae737a000 r-xp 00000000 08:01 1548313                    /usr/lib/scilab/libscidynamiclibrary.so.5.0.1
7f5ae737a000-7f5ae7579000 ---p 00001000 08:01 1548313                    /usr/lib/scilab/libscidynamiclibrary.so.5.0.1
7f5ae7579000-7f5ae757a000 r--p 00000000 08:01 1548313                    /usr/lib/scilab/libscidynamiclibrary.so.5.0.1
7f5ae757a000-7f5ae757b000 rw-p 00001000 08:01 1548313                    /usr/lib/scilab/libscidynamiclibrary.so.5.0.1
7f5ae757b000-7f5ae75ab000 r-xp 00000000 08:01 1502021                    /usr/lib/libpvm3.so.3.4.5
7f5ae75ab000-7f5ae77ab000 ---p 00030000 08:01 1502021                    /usr/lib/libpvm3.so.3.4.5
7f5ae77ab000-7f5ae77ac000 r--p 00030000 08:01 1502021                    /usr/lib/libpvm3.so.3.4.5
7f5ae77ac000-7f5ae77b0000 rw-p 00031000 08:01 1502021                    /usr/lib/libpvm3.so.3.4.5
7f5ae77b0000-7f5ae77b2000 rw-p 00000000 00:00 0 
7f5ae77b2000-7f5ae77bb000 r-xp 00000000 08:01 1502022                    /usr/lib/libgpvm3.so.3.4.5
7f5ae77bb000-7f5ae79ba000 ---p 00009000 08:01 1502022                    /usr/lib/libgpvm3.so.3.4.5
7f5ae79ba000-7f5ae79bb000 r--p 00008000 08:01 1502022                    /usr/lib/libgpvm3.so.3.4.5
7f5ae79bb000-7f5ae79bc000 rw-p 00009000 08:01 1502022                    /usr/lib/libgpvm3.so.3.4.5
7f5ae79bc000-7f5ae79be000 r-xp 00000000 08:01 3260737                    /lib/libdl-2.10.1.so
7f5ae79be000-7f5ae7bbe000 ---p 00002000 08:01 3260737                    /lib/libdl-2.10.1.so
7f5ae7bbe000-7f5ae7bbf000 r--p 00002000 08:01 3260737                    /lib/libdl-2.10.1.so
7f5ae7bbf000-7f5ae7bc0000 rw-p 00003000 08:01 3260737                    /lib/libdl-2.10.1.so
7f5ae7bc0000-7f5ae7cc9000 r-xp 00000000 08:01 1501018                    /usr/lib/libtcl8.5.so.0
7f5ae7cc9000-7f5ae7ec8000 ---p 00109000 08:01 1501018                    /usr/lib/libtcl8.5.so.0
7f5ae7ec8000-7f5ae7ecc000 r--p 00108000 08:01 1501018                    /usr/lib/libtcl8.5.so.0
7f5ae7ecc000-7f5ae7ed3000 rw-p 0010c000 08:01 1501018                    /usr/lib/libtcl8.5.so.0
7f5ae7ed3000-7f5ae7ed4000 rw-p 00000000 00:00 0 
7f5ae7ed4000-7f5ae7ff7000 r-xp 00000000 08:01 1500879                    /usr/lib/libtk8.5.so.0
7f5ae7ff7000-7f5ae81f6000 ---p 00123000 08:01 1500879                    /usr/lib/libtk8.5.so.0
7f5ae81f6000-7f5ae81ff000 r--p 00122000 08:01 1500879                    /usr/lib/libtk8.5.so.0
7f5ae81ff000-7f5ae8213000 rw-p 0012b000 08:01 1500879                    /usr/lib/libtk8.5.so.0
7f5ae8213000-7f5ae8305000 r-xp 00000000 08:01 1499211                    /usr/lib/libstdc++.so.6.0.13
7f5ae8305000-7f5ae8505000 ---p 000f2000 08:01 1499211                    /usr/lib/libstdc++.so.6.0.13
7f5ae8505000-7f5ae850c000 r--p 000f2000 08:01 1499211                    /usr/lib/libstdc++.so.6.0.13
7f5ae850c000-7f5ae850e000 rw-p 000f9000 08:01 1499211                    /usr/lib/libstdc++.so.6.0.13
7f5ae850e000-7f5ae8523000 rw-p 00000000 00:00 0 
7f5ae8523000-7f5ae852e000 r-xp 00000000 08:01 1548396                    /usr/lib/scilab/libmat.so.5.0.1
7f5ae852e000-7f5ae872d000 ---p 0000b000 08:01 1548396                    /usr/lib/scilab/libmat.so.5.0.1
7f5ae872d000-7f5ae872e000 r--p 0000a000 08:01 1548396                    /usr/lib/scilab/libmat.so.5.0.1
7f5ae872e000-7f5ae872f000 rw-p 0000b000 08:01 1548396                    /usr/lib/scilab/libmat.so.5.0.1
7f5ae872f000-7f5ae8731000 rw-p 00000000 00:00 0 
7f5ae8731000-7f5ae873c000 r-xp 00000000 08:01 1548400                    /usr/lib/scilab/libmx.so.5.0.1
7f5ae873c000-7f5ae893b000 ---p 0000b000 08:01 1548400                    /usr/lib/scilab/libmx.so.5.0.1
7f5ae893b000-7f5ae893c000 r--p 0000a000 08:01 1548400                    /usr/lib/scilab/libmx.so.5.0.1
7f5ae893c000-7f5ae893d000 rw-p 0000b000 08:01 1548400                    /usr/lib/scilab/libmx.so.5.0.1
7f5ae893d000-7f5ae893f000 rw-p 00000000 00:00 0 
7f5ae893f000-7f5ae8955000 r-xp 00000000 08:01 3260435                    /lib/libgcc_s.so.1
7f5ae8955000-7f5ae8b54000 ---p 00016000 08:01 3260435                    /lib/libgcc_s.so.1
7f5ae8b54000-7f5ae8b55000 r--p 00015000 08:01 3260435                    /lib/libgcc_s.so.1
7f5ae8b55000-7f5ae8b56000 rw-p 00016000 08:01 3260435                    /lib/libgcc_s.so.1
7f5ae8b56000-7f5ae8bd8000 r-xp 00000000 08:01 3260752                    /lib/libm-2.10.1.so
7f5ae8bd8000-7f5ae8dd8000 ---p 00082000 08:01 3260752                    /lib/libm-2.10.1.so
7f5ae8dd8000-7f5ae8dd9000 r--p 00082000 08:01 3260752                    /lib/libm-2.10.1.so
7f5ae8dd9000-7f5ae8dda000 rw-p 00083000 08:01 3260752                    /lib/libm-2.10.1.so
7f5ae8dda000-7f5ae8ec4000 r-xp 00000000 08:01 1501746                    /usr/lib/libgfortran.so.3.0.0
7f5ae8ec4000-7f5ae90c3000 ---p 000ea000 08:01 1501746                    /usr/lib/libgfortran.so.3.0.0
7f5ae90c3000-7f5ae90c4000 r--p 000e9000 08:01 1501746                    /usr/lib/libgfortran.so.3.0.0
7f5ae90c4000-7f5ae90c5000 rw-p 000ea000 08:01 1501746                    /usr/lib/libgfortran.so.3.0.0
7f5ae90c5000-7f5ae90c6000 rw-p 00000000 00:00 0 
7f5ae90c6000-7f5ae920c000 r-xp 00000000 08:01 1499399                    /usr/lib/libxml2.so.2.7.5
7f5ae920c000-7f5ae940b000 ---p 00146000 08:01 1499399                    /usr/lib/libxml2.so.2.7.5
7f5ae940b000-7f5ae9413000 r--p 00145000 08:01 1499399                    /usr/lib/libxml2.so.2.7.5
7f5ae9413000-7f5ae9415000 rw-p 0014d000 08:01 1499399                    /usr/lib/libxml2.so.2.7.5
7f5ae9415000-7f5ae9416000 rw-p 00000000 00:00 0 
7f5ae9416000-7f5ae9454000 r-xp 00000000 08:01 3260452                    /lib/libncurses.so.5.7
7f5ae9454000-7f5ae9654000 ---p 0003e000 08:01 3260452                    /lib/libncurses.so.5.7
7f5ae9654000-7f5ae9658000 r--p 0003e000 08:01 3260452                    /lib/libncurses.so.5.7
7f5ae9658000-7f5ae9659000 rw-p 00042000 08:01 3260452                    /lib/libncurses.so.5.7
7f5ae9659000-7f5ae9e6f000 r-xp 00000000 08:01 1900816                    /usr/lib/jvm/java-6-openjdk/jre/lib/amd64/server/libjvm.so
7f5ae9e6f000-7f5aea06e000 ---p 00816000 08:01 1900816                    /usr/lib/jvm/java-6-openjdk/jre/lib/amd64/server/libjvm.so
7f5aea06e000-7f5aea0e2000 r--p 00815000 08:01 1900816                    /usr/lib/jvm/java-6-openjdk/jre/lib/amd64/server/libjvm.so
7f5aea0e2000-7f5aea0fc000 rw-p 00889000 08:01 1900816                    /usr/lib/jvm/java-6-openjdk/jre/lib/amd64/server/libjvm.so
7f5aea0fc000-7f5aea135000 rw-p 00000000 00:00 0 
7f5aea135000-7f5aea143000 r-xp 00000000 08:01 1893002                    /usr/lib/jvm/java-6-openjdk/jre/lib/amd64/libverify.so
7f5aea143000-7f5aea342000 ---p 0000e000 08:01 1893002                    /usr/lib/jvm/java-6-openjdk/jre/lib/amd64/libverify.so
7f5aea342000-7f5aea344000 r--p 0000d000 08:01 1893002                    /usr/lib/jvm/java-6-openjdk/jre/lib/amd64/libverify.so
7f5aea344000-7f5aea345000 rw-p 0000f000 08:01 1893002                    /usr/lib/jvm/java-6-openjdk/jre/lib/amd64/libverify.so
7f5aea345000-7f5aea372000 r-xp 00000000 08:01 1893018                    /usr/lib/jvm/java-6-openjdk/jre/lib/amd64/libjava.so
7f5aea372000-7f5aea571000 ---p 0002d000 08:01 1893018                    /usr/lib/jvm/java-6-openjdk/jre/lib/amd64/libjava.so
7f5aea571000-7f5aea572000 r--p 0002c000 08:01 1893018                    /usr/lib/jvm/java-6-openjdk/jre/lib/amd64/libjava.so
7f5aea572000-7f5aea575000 rw-p 0002d000 08:01 1893018                    /usr/lib/jvm/java-6-openjdk/jre/lib/amd64/libjava.so
7f5aea575000-7f5aea578000 r-xp 00000000 08:01 1548311                    /usr/lib/scilab/libscilibst.so.5.0.1
7f5aea578000-7f5aea777000 ---p 00003000 08:01 1548311                    /usr/lib/scilab/libscilibst.so.5.0.1
7f5aea777000-7f5aea778000 r--p 00002000 08:01 1548311                    /usr/lib/scilab/libscilibst.so.5.0.1
7f5aea778000-7f5aea779000 rw-p 00003000 08:01 1548311                    /usr/lib/scilab/libscilibst.so.5.0.1
7f5aea779000-7f5aea77b000 r-xp 00000000 08:01 1548317                    /usr/lib/scilab/libscidoublylinkedlist.so.5.0.1
7f5aea77b000-7f5aea97a000 ---p 00002000 08:01 1548317                    /usr/lib/scilab/libscidoublylinkedlist.so.5.0.1
7f5aea97a000-7f5aea97b000 r--p 00001000 08:01 1548317                    /usr/lib/scilab/libscidoublylinkedlist.so.5.0.1
7f5aea97b000-7f5aea97c000 rw-p 00002000 08:01 1548317                    /usr/lib/scilab/libscidoublylinkedlist.so.5.0.1
7f5aea97c000-7f5aea97d000 r-xp 00000000 08:01 1548290                    /usr/lib/scilab/libscimalloc.so.5.0.1
7f5aea97d000-7f5aeab7c000 ---p 00001000 08:01 1548290                    /usr/lib/scilab/libscimalloc.so.5.0.1
7f5aeab7c000-7f5aeab7d000 r--p 00000000 08:01 1548290                    /usr/lib/scilab/libscimalloc.so.5.0.1
7f5aeab7d000-7f5aeab7e000 rw-p 00001000 08:01 1548290                    /usr/lib/scilab/libscimalloc.so.5.0.1
7f5aeab7e000-7f5aeab80000 r-xp 00000000 08:01 1548309                    /usr/lib/scilab/libscihashtable.so.5.0.1
7f5aeab80000-7f5aead7f000 ---p 00002000 08:01 1548309                    /usr/lib/scilab/libscihashtable.so.5.0.1
7f5aead7f000-7f5aead80000 r--p 00001000 08:01 1548309                    /usr/lib/scilab/libscihashtable.so.5.0.1
7f5aead80000-7f5aead81000 rw-p 00002000 08:01 1548309                    /usr/lib/scilab/libscihashtable.so.5.0.1
7f5aead81000-7f5aeadcf000 r-xp 00000000 08:01 1548440                    /usr/lib/scilab/libsciscicos_blocks.so.5.0.1
7f5aeadcf000-7f5aeafce000 ---p 0004e000 08:01 1548440                    /usr/lib/scilab/libsciscicos_blocks.so.5.0.1
7f5aeafce000-7f5aeafcf000 r--p 0004d000 08:01 1548440                    /usr/lib/scilab/libsciscicos_blocks.so.5.0.1
7f5aeafcf000-7f5aeafd0000 rw-p 0004e000 08:01 1548440                    /usr/lib/scilab/libsciscicos_blocks.so.5.0.1
7f5aeafd0000-7f5aeb08c000 rw-p 00000000 00:00 0 
7f5aeb08c000-7f5aeb0cb000 r-xp 00000000 08:01 1548444                    /usr/lib/scilab/libsciscicos.so.5.0.1
7f5aeb0cb000-7f5aeb2ca000 ---p 0003f000 08:01 1548444                    /usr/lib/scilab/libsciscicos.so.5.0.1
7f5aeb2ca000-7f5aeb2cb000 r--p 0003e000 08:01 1548444                    /usr/lib/scilab/libsciscicos.so.5.0.1
7f5aeb2cb000-7f5aeb2cd000 rw-p 0003f000 08:01 1548444                    /usr/lib/scilab/libsciscicos.so.5.0.1
7f5aeb2cd000-7f5aeb389000 rw-p 00000000 00:00 0 
7f5aeb389000-7f5aeb390000 r-xp 00000000 08:01 1548374                    /usr/lib/scilab/libscijvm.so.5.0.1
7f5aeb390000-7f5aeb58f000 ---p 00007000 08:01 1548374                    /usr/lib/scilab/libscijvm.so.5.0.1
7f5aeb58f000-7f5aeb590000 r--p 00006000 08:01 1548374                    /usr/lib/scilab/libscijvm.so.5.0.1
7f5aeb590000-7f5aeb591000 rw-p 00007000 08:01 1548374                    /usr/lib/scilab/libscijvm.so.5.0.1
7f5aeb591000-7f5aeb59f000 r-xp 00000000 08:01 1548436                    /usr/lib/scilab/libsciumfpack.so.5.0.1
7f5aeb59f000-7f5aeb79f000 ---p 0000e000 08:01 1548436                    /usr/lib/scilab/libsciumfpack.so.5.0.1
7f5aeb79f000-7f5aeb7a0000 r--p 0000e000 08:01 1548436                    /usr/lib/scilab/libsciumfpack.so.5.0.1
7f5aeb7a0000-7f5aeb7a1000 rw-p 0000f000 08:01 1548436                    /usr/lib/scilab/libsciumfpack.so.5.0.1
7f5aeb7a1000-7f5aeb7a6000 r-xp 00000000 08:01 1548434                    /usr/lib/scilab/libscifftw.so.5.0.1
7f5aeb7a6000-7f5aeb9a6000 ---p 00005000 08:01 1548434                    /usr/lib/scilab/libscifftw.so.5.0.1
7f5aeb9a6000-7f5aeb9a7000 r--p 00005000 08:01 1548434                    /usr/lib/scilab/libscifftw.so.5.0.1
7f5aeb9a7000-7f5aeb9a8000 rw-p 00006000 08:01 1548434                    /usr/lib/scilab/libscifftw.so.5.0.1
7f5aeb9a8000-7f5aeb9c0000 r-xp 00000000 08:01 1548329                    /usr/lib/scilab/libscistring.so.5.0.1
7f5aeb9c0000-7f5aebbc0000 ---p 00018000 08:01 1548329                    /usr/lib/scilab/libscistring.so.5.0.1
7f5aebbc0000-7f5aebbc1000 r--p 00018000 08:01 1548329                    /usr/lib/scilab/libscistring.so.5.0.1
7f5aebbc1000-7f5aebbc2000 rw-p 00019000 08:01 1548329                    /usr/lib/scilab/libscistring.so.5.0.1
7f5aebbc2000-7f5aebc7c000 rw-p 00000000 00:00 0 
7f5aebc7c000-7f5aebc91000 r-xp 00000000 08:01 1548388                    /usr/lib/scilab/libsciinterpolation.so.5.0.1
7f5aebc91000-7f5aebe91000 ---p 00015000 08:01 1548388                    /usr/lib/scilab/libsciinterpolation.so.5.0.1
7f5aebe91000-7f5aebe92000 r--p 00015000 08:01 1548388                    /usr/lib/scilab/libsciinterpolation.so.5.0.1
7f5aebe92000-7f5aebe93000 rw-p 00016000 08:01 1548388                    /usr/lib/scilab/libsciinterpolation.so.5.0.1
7f5aebe93000-7f5aebead000 r-xp 00000000 08:01 1548420                    /usr/lib/scilab/libscisignal_processing.so.5.0.1
7f5aebead000-7f5aec0ad000 ---p 0001a000 08:01 1548420                    /usr/lib/scilab/libscisignal_processing.so.5.0.1
7f5aec0ad000-7f5aec0ae000 r--p 0001a000 08:01 1548420                    /usr/lib/scilab/libscisignal_processing.so.5.0.1
7f5aec0ae000-7f5aec0af000 rw-p 0001b000 08:01 1548420                    /usr/lib/scilab/libscisignal_processing.so.5.0.1
7f5aec0af000-7f5aec169000 rw-p 00000000 00:00 0 
7f5aec169000-7f5aec182000 r-xp 00000000 08:01 1548384                    /usr/lib/scilab/libscistatistics.so.5.0.1
7f5aec182000-7f5aec381000 ---p 00019000 08:01 1548384                    /usr/lib/scilab/libscistatistics.so.5.0.1
7f5aec381000-7f5aec382000 r--p 00018000 08:01 1548384                    /usr/lib/scilab/libscistatistics.so.5.0.1
7f5aec382000-7f5aec383000 rw-p 00019000 08:01 1548384                    /usr/lib/scilab/libscistatistics.so.5.0.1
7f5aec383000-7f5aec43d000 rw-p 00000000 00:00 0 
7f5aec43d000-7f5aec44a000 r-xp 00000000 08:01 1548337                    /usr/lib/scilab/libscispreadsheet.so.5.0.1
7f5aec44a000-7f5aec649000 ---p 0000d000 08:01 1548337                    /usr/lib/scilab/libscispreadsheet.so.5.0.1
7f5aec649000-7f5aec64a000 r--p 0000c000 08:01 1548337                    /usr/lib/scilab/libscispreadsheet.so.5.0.1
7f5aec64a000-7f5aec64b000 rw-p 0000d000 08:01 1548337                    /usr/lib/scilab/libscispreadsheet.so.5.0.1
7f5aec64b000-7f5aec6a5000 r-xp 00000000 08:01 1548418                    /usr/lib/scilab/libscimetanet.so.5.0.1
7f5aec6a5000-7f5aec8a4000 ---p 0005a000 08:01 1548418                    /usr/lib/scilab/libscimetanet.so.5.0.1
7f5aec8a4000-7f5aec8a5000 r--p 00059000 08:01 1548418                    /usr/lib/scilab/libscimetanet.so.5.0.1
7f5aec8a5000-7f5aec8a6000 rw-p 0005a000 08:01 1548418                    /usr/lib/scilab/libscimetanet.so.5.0.1
7f5aec8a6000-7f5aeca92000 rw-p 00000000 00:00 0 
7f5aeca92000-7f5aeca97000 r-xp 00000000 08:01 1548380                    /usr/lib/scilab/libscisymbolic.so.5.0.1
7f5aeca97000-7f5aecc96000 ---p 00005000 08:01 1548380                    /usr/lib/scilab/libscisymbolic.so.5.0.1
7f5aecc96000-7f5aecc97000 r--p 00004000 08:01 1548380                    /usr/lib/scilab/libscisymbolic.so.5.0.1
7f5aecc97000-7f5aecc98000 rw-p 00005000 08:01 1548380                    /usr/lib/scilab/libscisymbolic.so.5.0.1
7f5aecc98000-7f5aecd52000 rw-p 00000000 00:00 0 
7f5aecd52000-7f5aecd85000 r-xp 00000000 08:01 1548325                    /usr/lib/scilab/libsciarnoldi.so.5.0.1
7f5aecd85000-7f5aecf84000 ---p 00033000 08:01 1548325                    /usr/lib/scilab/libsciarnoldi.so.5.0.1
7f5aecf84000-7f5aecf85000 r--p 00032000 08:01 1548325                    /usr/lib/scilab/libsciarnoldi.so.5.0.1
7f5aecf85000-7f5aecf86000 rw-p 00033000 08:01 1548325                    /usr/lib/scilab/libsciarnoldi.so.5.0.1
7f5aecf86000-7f5aecfd2000 r-xp 00000000 08:01 1548378                    /usr/lib/scilab/libscioptimization.so.5.0.1
7f5aecfd2000-7f5aed1d1000 ---p 0004c000 08:01 1548378                    /usr/lib/scilab/libscioptimization.so.5.0.1
7f5aed1d1000-7f5aed1d2000 r--p 0004b000 08:01 1548378                    /usr/lib/scilab/libscioptimization.so.5.0.1
7f5aed1d2000-7f5aed1d3000 rw-p 0004c000 08:01 1548378                    /usr/lib/scilab/libscioptimization.so.5.0.1
7f5aed1d3000-7f5aed28d000 rw-p 00000000 00:00 0 
7f5aed28d000-7f5aed29c000 r-xp 00000000 08:01 1548382                    /usr/lib/scilab/libscirandlib.so.5.0.1
7f5aed29c000-7f5aed49b000 ---p 0000f000 08:01 1548382                    /usr/lib/scilab/libscirandlib.so.5.0.1
7f5aed49b000-7f5aed49c000 r--p 0000e000 08:01 1548382                    /usr/lib/scilab/libscirandlib.so.5.0.1
7f5aed49c000-7f5aed49d000 rw-p 0000f000 08:01 1548382                    /usr/lib/scilab/libscirandlib.so.5.0.1
7f5aed49d000-7f5aed55b000 rw-p 00000000 00:00 0 
7f5aed55b000-7f5aed562000 r-xp 00000000 08:01 1548438                    /usr/lib/scilab/libscimatio.so.0.0.0
7f5aed562000-7f5aed761000 ---p 00007000 08:01 1548438                    /usr/lib/scilab/libscimatio.so.0.0.0
7f5aed761000-7f5aed762000 r--p 00006000 08:01 1548438                    /usr/lib/scilab/libscimatio.so.0.0.0
7f5aed762000-7f5aed763000 rw-p 00007000 08:01 1548438                    /usr/lib/scilab/libscimatio.so.0.0.0
7f5aed763000-7f5aed76f000 r-xp 00000000 08:01 1548432                    /usr/lib/scilab/libscihelptools.so.5.0.1
7f5aed76f000-7f5aed96e000 ---p 0000c000 08:01 1548432                    /usr/lib/scilab/libscihelptools.so.5.0.1
7f5aed96e000-7f5aed96f000 r--p 0000b000 08:01 1548432                    /usr/lib/scilab/libscihelptools.so.5.0.1
7f5aed96f000-7f5aed970000 rw-p 0000c000 08:01 1548432                    /usr/lib/scilab/libscihelptools.so.5.0.1
7f5aed970000-7f5aed972000 r-xp 00000000 08:01 1548424                    /usr/lib/scilab/libscisound.so.5.0.1
7f5aed972000-7f5aedb71000 ---p 00002000 08:01 1548424                    /usr/lib/scilab/libscisound.so.5.0.1
7f5aedb71000-7f5aedb72000 r--p 00001000 08:01 1548424                    /usr/lib/scilab/libscisound.so.5.0.1
7f5aedb72000-7f5aedb73000 rw-p 00002000 08:01 1548424                    /usr/lib/scilab/libscisound.so.5.0.1
7f5aedb73000-7f5aedb7f000 r-xp 00000000 08:01 1548321                    /usr/lib/scilab/libscioutput_stream.so.5.0.1
7f5aedb7f000-7f5aedd7e000 ---p 0000c000 08:01 1548321                    /usr/lib/scilab/libscioutput_stream.so.5.0.1
7f5aedd7e000-7f5aedd7f000 r--p 0000b000 08:01 1548321                    /usr/lib/scilab/libscioutput_stream.so.5.0.1
7f5aedd7f000-7f5aedd80000 rw-p 0000c000 08:01 1548321                    /usr/lib/scilab/libscioutput_stream.so.5.0.1
7f5aedd80000-7f5aedd82000 rw-p 00000000 00:00 0 
7f5aedd82000-7f5aedd8a000 r-xp 00000000 08:01 1548331                    /usr/lib/scilab/libscidynamic_link.so.5.0.1
7f5aedd8a000-7f5aedf89000 ---p 00008000 08:01 1548331                    /usr/lib/scilab/libscidynamic_link.so.5.0.1
7f5aedf89000-7f5aedf8a000 r--p 00007000 08:01 1548331                    /usr/lib/scilab/libscidynamic_link.so.5.0.1
7f5aedf8a000-7f5aedf8b000 rw-p 00008000 08:01 1548331                    /usr/lib/scilab/libscidynamic_link.so.5.0.1
7f5aedf8b000-7f5aee08d000 rw-p 00000000 00:00 0 
7f5aee08d000-7f5aee08f000 r-xp 00000000 08:01 1548323                    /usr/lib/scilab/libsciaction_binding.so.5.0.1
7f5aee08f000-7f5aee28e000 ---p 00002000 08:01 1548323                    /usr/lib/scilab/libsciaction_binding.so.5.0.1
7f5aee28e000-7f5aee28f000 r--p 00001000 08:01 1548323                    /usr/lib/scilab/libsciaction_binding.so.5.0.1
7f5aee28f000-7f5aee290000 rw-p 00002000 08:01 1548323                    /usr/lib/scilab/libsciaction_binding.so.5.0.1
7f5aee290000-7f5aee29d000 r-xp 00000000 08:01 1548333                    /usr/lib/scilab/libscihistory_manager.so.5.0.1
7f5aee29d000-7f5aee49c000 ---p 0000d000 08:01 1548333                    /usr/lib/scilab/libscihistory_manager.so.5.0.1
7f5aee49c000-7f5aee49d000 r--p 0000c000 08:01 1548333                    /usr/lib/scilab/libscihistory_manager.so.5.0.1
7f5aee49d000-7f5aee49e000 rw-p 0000d000 08:01 1548333                    /usr/lib/scilab/libscihistory_manager.so.5.0.1
7f5aee49e000-7f5aee4aa000 r-xp 00000000 08:01 1548368                    /usr/lib/scilab/libsciconsole.so.5.0.1
7f5aee4aa000-7f5aee6a9000 ---p 0000c000 08:01 1548368                    /usr/lib/scilab/libsciconsole.so.5.0.1
7f5aee6a9000-7f5aee6aa000 r--p 0000b000 08:01 1548368                    /usr/lib/scilab/libsciconsole.so.5.0.1
7f5aee6aa000-7f5aee6ab000 rw-p 0000c000 08:01 1548368                    /usr/lib/scilab/libsciconsole.so.5.0.1
7f5aee6ab000-7f5aee6ff000 r-xp 00000000 08:01 1548428                    /usr/lib/scilab/libscisparse.so.5.0.1
7f5aee6ff000-7f5aee8ff000 ---p 00054000 08:01 1548428                    /usr/lib/scilab/libscisparse.so.5.0.1
7f5aee8ff000-7f5aee900000 r--p 00054000 08:01 1548428                    /usr/lib/scilab/libscisparse.so.5.0.1
7f5aee900000-7f5aee901000 rw-p 00055000 08:01 1548428                    /usr/lib/scilab/libscisparse.so.5.0.1
7f5aee901000-7f5aee9bb000 rw-p 00000000 00:00 0 
7f5aee9bb000-7f5aee9c7000 r-xp 00000000 08:01 1548412                    /usr/lib/scilab/libscipvm.so.5.0.1
7f5aee9c7000-7f5aeebc7000 ---p 0000c000 08:01 1548412                    /usr/lib/scilab/libscipvm.so.5.0.1
7f5aeebc7000-7f5aeebc8000 r--p 0000c000 08:01 1548412                    /usr/lib/scilab/libscipvm.so.5.0.1
7f5aeebc8000-7f5aeebc9000 rw-p 0000d000 08:01 1548412                    /usr/lib/scilab/libscipvm.so.5.0.1
7f5aeebc9000-7f5aeebca000 rw-p 00000000 00:00 0 
7f5aeebca000-7f5aeebd4000 r-xp 00000000 08:01 1548339                    /usr/lib/scilab/libscitclsci.so.5.0.1
7f5aeebd4000-7f5aeedd3000 ---p 0000a000 08:01 1548339                    /usr/lib/scilab/libscitclsci.so.5.0.1
7f5aeedd3000-7f5aeedd4000 r--p 00009000 08:01 1548339                    /usr/lib/scilab/libscitclsci.so.5.0.1
7f5aeedd4000-7f5aeedd5000 rw-p 0000a000 08:01 1548339                    /usr/lib/scilab/libscitclsci.so.5.0.1
7f5aeedd5000-7f5aeedd6000 r-xp 00000000 08:01 1548430                    /usr/lib/scilab/libsciwindows_tools.so.5.0.1
7f5aeedd6000-7f5aeefd5000 ---p 00001000 08:01 1548430                    /usr/lib/scilab/libsciwindows_tools.so.5.0.1
7f5aeefd5000-7f5aeefd6000 r--p 00000000 08:01 1548430                    /usr/lib/scilab/libsciwindows_tools.so.5.0.1
7f5aeefd6000-7f5aeefd7000 rw-p 00001000 08:01 1548430                    /usr/lib/scilab/libsciwindows_tools.so.5.0.1
7f5aeefd7000-7f5aeefda000 r-xp 00000000 08:01 1548426                    /usr/lib/scilab/libscitime.so.5.0.1
7f5aeefda000-7f5aef1da000 ---p 00003000 08:01 1548426                    /usr/lib/scilab/libscitime.so.5.0.1
7f5aef1da000-7f5aef1db000 r--p 00003000 08:01 1548426                    /usr/lib/scilab/libscitime.so.5.0.1
7f5aef1db000-7f5aef1dc000 rw-p 00004000 08:01 1548426                    /usr/lib/scilab/libscitime.so.5.0.1
7f5aef1dc000-7f5aef1e6000 r-xp 00000000 08:01 1548386                    /usr/lib/scilab/libscispecial_functions.so.5.0.1
7f5aef1e6000-7f5aef3e5000 ---p 0000a000 08:01 1548386                    /usr/lib/scilab/libscispecial_functions.so.5.0.1
7f5aef3e5000-7f5aef3e6000 r--p 00009000 08:01 1548386                    /usr/lib/scilab/libscispecial_functions.so.5.0.1
7f5aef3e6000-7f5aef3e7000 rw-p 0000a000 08:01 1548386                    /usr/lib/scilab/libscispecial_functions.so.5.0.1
7f5aef3e7000-7f5aef4a1000 rw-p 00000000 00:00 0 
7f5aef4a1000-7f5aef4d2000 r-xp 00000000 08:01 1548406                    /usr/lib/scilab/libscipolynomials.so.5.0.1
7f5aef4d2000-7f5aef6d1000 ---p 00031000 08:01 1548406                    /usr/lib/scilab/libscipolynomials.so.5.0.1
7f5aef6d1000-7f5aef6d2000 r--p 00030000 08:01 1548406                    /usr/lib/scilab/libscipolynomials.so.5.0.1
7f5aef6d2000-7f5aef6d3000 rw-p 00031000 08:01 1548406                    /usr/lib/scilab/libscipolynomials.so.5.0.1
7f5aef6d3000-7f5aef78e000 rw-p 00000000 00:00 0 
7f5aef78e000-7f5aef7b8000 r-xp 00000000 08:01 1548390                    /usr/lib/scilab/libscilinear_algebra.so.5.0.1
7f5aef7b8000-7f5aef9b7000 ---p 0002a000 08:01 1548390                    /usr/lib/scilab/libscilinear_algebra.so.5.0.1
7f5aef9b7000-7f5aef9b8000 r--p 00029000 08:01 1548390                    /usr/lib/scilab/libscilinear_algebra.so.5.0.1
7f5aef9b8000-7f5aef9b9000 rw-p 0002a000 08:01 1548390                    /usr/lib/scilab/libscilinear_algebra.so.5.0.1
7f5aef9b9000-7f5aefa73000 rw-p 00000000 00:00 0 
7f5aefa73000-7f5aefa75000 r-xp 00000000 08:01 1548416                    /usr/lib/scilab/libsciintersci.so.5.0.1
7f5aefa75000-7f5aefc74000 ---p 00002000 08:01 1548416                    /usr/lib/scilab/libsciintersci.so.5.0.1
7f5aefc74000-7f5aefc75000 r--p 00001000 08:01 1548416                    /usr/lib/scilab/libsciintersci.so.5.0.1
7f5aefc75000-7f5aefc76000 rw-p 00002000 08:01 1548416                    /usr/lib/scilab/libsciintersci.so.5.0.1
7f5aefc76000-7f5aefca2000 r-xp 00000000 08:01 1548392                    /usr/lib/scilab/libsciinteger.so.5.0.1
7f5aefca2000-7f5aefea2000 ---p 0002c000 08:01 1548392                    /usr/lib/scilab/libsciinteger.so.5.0.1
7f5aefea2000-7f5aefea3000 r--p 0002c000 08:01 1548392                    /usr/lib/scilab/libsciinteger.so.5.0.1
7f5aefea3000-7f5aefea4000 rw-p 0002d000 08:01 1548392                    /usr/lib/scilab/libsciinteger.so.5.0.1
7f5aefea4000-7f5aeff5e000 rw-p 00000000 00:00 0 
7f5aeff5e000-7f5aeffb7000 r-xp 00000000 08:01 1548372                    /usr/lib/scilab/libscigui.so.5.0.1
7f5aeffb7000-7f5af01b6000 ---p 00059000 08:01 1548372                    /usr/lib/scilab/libscigui.so.5.0.1
7f5af01b6000-7f5af01b7000 r--p 00058000 08:01 1548372                    /usr/lib/scilab/libscigui.so.5.0.1
7f5af01b7000-7f5af01b8000 rw-p 00059000 08:01 1548372                    /usr/lib/scilab/libscigui.so.5.0.1
7f5af01b8000-7f5af0320000 r-xp 00000000 08:01 1548343                    /usr/lib/scilab/libscirenderer.so.5.0.1
7f5af0320000-7f5af0520000 ---p 00168000 08:01 1548343                    /usr/lib/scilab/libscirenderer.so.5.0.1
7f5af0520000-7f5af0538000 r--p 00168000 08:01 1548343                    /usr/lib/scilab/libscirenderer.so.5.0.1
7f5af0538000-7f5af0539000 rw-p 00180000 08:01 1548343                    /usr/lib/scilab/libscirenderer.so.5.0.1
7f5af0539000-7f5af056a000 r-xp 00000000 08:01 1548370                    /usr/lib/scilab/libscigraphic_export.so.5.0.1
7f5af056a000-7f5af0769000 ---p 00031000 08:01 1548370                    /usr/lib/scilab/libscigraphic_export.so.5.0.1
7f5af0769000-7f5af076a000 r--p 00030000 08:01 1548370                    /usr/lib/scilab/libscigraphic_export.so.5.0.1
7f5af076a000-7f5af076b000 rw-p 00031000 08:01 1548370                    /usr/lib/scilab/libscigraphic_export.so.5.0.1
7f5af076b000-7f5af07de000 r-xp 00000000 08:01 1548376                    /usr/lib/scilab/libscigraphics.so.5.0.1
7f5af07de000-7f5af09de000 ---p 00073000 08:01 1548376                    /usr/lib/scilab/libscigraphics.so.5.0.1
7f5af09de000-7f5af09e0000 r--p 00073000 08:01 1548376                    /usr/lib/scilab/libscigraphics.so.5.0.1
7f5af09e0000-7f5af09e2000 rw-p 00075000 08:01 1548376                    /usr/lib/scilab/libscigraphics.so.5.0.1
7f5af09e2000-7f5af09e3000 rw-p 00000000 00:00 0 
7f5af09e3000-7f5af09fb000 r-xp 00000000 08:01 1548335                    /usr/lib/scilab/libscifileio.so.5.0.1
7f5af09fb000-7f5af0bfa000 ---p 00018000 08:01 1548335                    /usr/lib/scilab/libscifileio.so.5.0.1
7f5af0bfa000-7f5af0bfb000 r--p 00017000 08:01 1548335                    /usr/lib/scilab/libscifileio.so.5.0.1
7f5af0bfb000-7f5af0bfc000 rw-p 00018000 08:01 1548335                    /usr/lib/scilab/libscifileio.so.5.0.1
7f5af0bfc000-7f5af0bfe000 rw-p 00000000 00:00 0 
7f5af0bfe000-7f5af0c87000 r-xp 00000000 08:01 1548327                    /usr/lib/scilab/libscielementary_functions.so.5.0.1
7f5af0c87000-7f5af0e86000 ---p 00089000 08:01 1548327                    /usr/lib/scilab/libscielementary_functions.so.5.0.1
7f5af0e86000-7f5af0e87000 r--p 00088000 08:01 1548327                    /usr/lib/scilab/libscielementary_functions.so.5.0.1
7f5af0e87000-7f5af0e8a000 rw-p 00089000 08:01 1548327                    /usr/lib/scilab/libscielementary_functions.so.5.0.1
7f5af0e8a000-7f5af0f45000 rw-p 00000000 00:00 0 
7f5af0f45000-7f5af0f55000 r-xp 00000000 08:01 1548410                    /usr/lib/scilab/libscidouble.so.5.0.1
7f5af0f55000-7f5af1155000 ---p 00010000 08:01 1548410                    /usr/lib/scilab/libscidouble.so.5.0.1
7f5af1155000-7f5af1156000 r--p 00010000 08:01 1548410                    /usr/lib/scilab/libscidouble.so.5.0.1
7f5af1156000-7f5af1157000 rw-p 00011000 08:01 1548410                    /usr/lib/scilab/libscidouble.so.5.0.1
7f5af1157000-7f5af1211000 rw-p 00000000 00:00 0 
7f5af1211000-7f5af127a000 r-xp 00000000 08:01 1548402                    /usr/lib/scilab/libscidifferential_equations.so.5.0.1
7f5af127a000-7f5af1479000 ---p 00069000 08:01 1548402                    /usr/lib/scilab/libscidifferential_equations.so.5.0.1
7f5af1479000-7f5af147a000 r--p 00068000 08:01 1548402                    /usr/lib/scilab/libscidifferential_equations.so.5.0.1
7f5af147a000-7f5af147b000 rw-p 00069000 08:01 1548402                    /usr/lib/scilab/libscidifferential_equations.so.5.0.1
7f5af147b000-7f5af153c000 rw-p 00000000 00:00 0 
7f5af153c000-7f5af154c000 r-xp 00000000 08:01 1548394                    /usr/lib/scilab/libscidata_structures.so.5.0.1
7f5af154c000-7f5af174b000 ---p 00010000 08:01 1548394                    /usr/lib/scilab/libscidata_structures.so.5.0.1
7f5af174b000-7f5af174c000 r--p 0000f000 08:01 1548394                    /usr/lib/scilab/libscidata_structures.so.5.0.1
7f5af174c000-7f5af174d000 rw-p 00010000 08:01 1548394                    /usr/lib/scilab/libscidata_structures.so.5.0.1
7f5af174d000-7f5af1807000 rw-p 00000000 00:00 0 
7f5af1807000-7f5af180a000 r-xp 00000000 08:01 1548422                    /usr/lib/scilab/libscicall_scilab.so.5.0.1
7f5af180a000-7f5af1a09000 ---p 00003000 08:01 1548422                    /usr/lib/scilab/libscicall_scilab.so.5.0.1
7f5af1a09000-7f5af1a0a000 r--p 00002000 08:01 1548422                    /usr/lib/scilab/libscicall_scilab.so.5.0.1
7f5af1a0a000-7f5af1a0b000 rw-p 00003000 08:01 1548422                    /usr/lib/scilab/libscicall_scilab.so.5.0.1
7f5af1a0b000-7f5af1aee000 r-xp 00000000 08:01 1548404                    /usr/lib/scilab/libscicacsd.so.5.0.1
7f5af1aee000-7f5af1ced000 ---p 000e3000 08:01 1548404                    /usr/lib/scilab/libscicacsd.so.5.0.1
7f5af1ced000-7f5af1cee000 r--p 000e2000 08:01 1548404                    /usr/lib/scilab/libscicacsd.so.5.0.1
7f5af1cee000-7f5af1cef000 rw-p 000e3000 08:01 1548404                    /usr/lib/scilab/libscicacsd.so.5.0.1
7f5af1cef000-7f5af1daa000 rw-p 00000000 00:00 0 
7f5af1daa000-7f5af1db3000 r-xp 00000000 08:01 1548408                    /usr/lib/scilab/libsciboolean.so.5.0.1
7f5af1db3000-7f5af1fb2000 ---p 00009000 08:01 1548408                    /usr/lib/scilab/libsciboolean.so.5.0.1
7f5af1fb2000-7f5af1fb3000 r--p 00008000 08:01 1548408                    /usr/lib/scilab/libsciboolean.so.5.0.1
7f5af1fb3000-7f5af1fb4000 rw-p 00009000 08:01 1548408                    /usr/lib/scilab/libsciboolean.so.5.0.1
7f5af1fb4000-7f5af206e000 rw-p 00000000 00:00 0 
7f5af206e000-7f5af2079000 r-xp 00000000 08:01 1548398                    /usr/lib/scilab/libmex.so.5.0.1
7f5af2079000-7f5af2278000 ---p 0000b000 08:01 1548398                    /usr/lib/scilab/libmex.so.5.0.1
7f5af2278000-7f5af2279000 r--p 0000a000 08:01 1548398                    /usr/lib/scilab/libmex.so.5.0.1
7f5af2279000-7f5af227a000 rw-p 0000b000 08:01 1548398                    /usr/lib/scilab/libmex.so.5.0.1
7f5af227a000-7f5af227c000 rw-p 00000000 00:00 0 
7f5af227c000-7f5af2a2f000 r-xp 00000000 08:01 1550230                    /usr/lib/atlas/libblas.so.3gf.0
7f5af2a2f000-7f5af2c2e000 ---p 007b3000 08:01 1550230                    /usr/lib/atlas/libblas.so.3gf.0
7f5af2c2e000-7f5af2c33000 r--p 007b2000 08:01 1550230                    /usr/lib/atlas/libblas.so.3gf.0
7f5af2c33000-7f5af2c39000 rw-p 007b7000 08:01 1550230                    /usr/lib/atlas/libblas.so.3gf.0
7f5af2c39000-7f5af3412000 r-xp 00000000 08:01 1550231                    /usr/lib/atlas/liblapack.so.3gf.0
7f5af3412000-7f5af3611000 ---p 007d9000 08:01 1550231                    /usr/lib/atlas/liblapack.so.3gf.0
7f5af3611000-7f5af3612000 r--p 007d8000 08:01 1550231                    /usr/lib/atlas/liblapack.so.3gf.0
7f5af3612000-7f5af3616000 rw-p 007d9000 08:01 1550231                    /usr/lib/atlas/liblapack.so.3gf.0
7f5af3616000-7f5af3724000 rw-p 00000000 00:00 0 
7f5af3724000-7f5af388a000 r-xp 00000000 08:01 3260741                    /lib/libc-2.10.1.so
7f5af388a000-7f5af3a8a000 ---p 00166000 08:01 3260741                    /lib/libc-2.10.1.so
7f5af3a8a000-7f5af3a8e000 r--p 00166000 08:01 3260741                    /lib/libc-2.10.1.so
7f5af3a8e000-7f5af3a8f000 rw-p 0016a000 08:01 3260741                    /lib/libc-2.10.1.so
7f5af3a8f000-7f5af3a94000 rw-p 00000000 00:00 0 
7f5af3a94000-7f5af3aae000 r-xp 00000000 08:01 1548414                    /usr/lib/scilab/libsciio.so.5.0.1
7f5af3aae000-7f5af3cad000 ---p 0001a000 08:01 1548414                    /usr/lib/scilab/libsciio.so.5.0.1
7f5af3cad000-7f5af3cae000 r--p 00019000 08:01 1548414                    /usr/lib/scilab/libsciio.so.5.0.1
7f5af3cae000-7f5af3caf000 rw-p 0001a000 08:01 1548414                    /usr/lib/scilab/libsciio.so.5.0.1
7f5af3caf000-7f5af3d69000 rw-p 00000000 00:00 0 
7f5af3d69000-7f5af3d6d000 r-xp 00000000 08:01 1548341                    /usr/lib/scilab/libscilocalization.so.5.0.1
7f5af3d6d000-7f5af3f6d000 ---p 00004000 08:01 1548341                    /usr/lib/scilab/libscilocalization.so.5.0.1
7f5af3f6d000-7f5af3f6e000 r--p 00004000 08:01 1548341                    /usr/lib/scilab/libscilocalization.so.5.0.1
7f5af3f6e000-7f5af3f73000 rw-p 00005000 08:01 1548341                    /usr/lib/scilab/libscilocalization.so.5.0.1
7f5af3f73000-7f5af3f74000 rw-p 00000000 00:00 0 
7f5af3f74000-7f5af3f7b000 r-xp 00000000 08:01 1548353                    /usr/lib/scilab/libscicompletion.so.5.0.1
7f5af3f7b000-7f5af417a000 ---p 00007000 08:01 1548353                    /usr/lib/scilab/libscicompletion.so.5.0.1
7f5af417a000-7f5af417b000 r--p 00006000 08:01 1548353                    /usr/lib/scilab/libscicompletion.so.5.0.1
7f5af417b000-7f5af417c000 rw-p 00007000 08:01 1548353                    /usr/lib/scilab/libscicompletion.so.5.0.1
7f5af417c000-7f5af4201000 r-xp 00000000 08:01 1548319                    /usr/lib/scilab/libscicore.so.5.0.1
7f5af4201000-7f5af4401000 ---p 00085000 08:01 1548319                    /usr/lib/scilab/libscicore.so.5.0.1
7f5af4401000-7f5af4403000 r--p 00085000 08:01 1548319                    /usr/lib/scilab/libscicore.so.5.0.1
7f5af4403000-7f5af4405000 rw-p 00087000 08:01 1548319                    /usr/lib/scilab/libscicore.so.5.0.1
7f5af4405000-7f5af4504000 rw-p 00000000 00:00 0 
7f5af4504000-7f5af450d000 r-xp 00000000 08:01 1548345                    /usr/lib/scilab/libscishell.so.5.0.1
7f5af450d000-7f5af470c000 ---p 00009000 08:01 1548345                    /usr/lib/scilab/libscishell.so.5.0.1
7f5af470c000-7f5af470d000 r--p 00008000 08:01 1548345                    /usr/lib/scilab/libscishell.so.5.0.1
7f5af470d000-7f5af470e000 rw-p 00009000 08:01 1548345                    /usr/lib/scilab/libscishell.so.5.0.1
7f5af470e000-7f5af470f000 r-xp 00000000 08:01 1548446                    /usr/lib/scilab/libscilab.so.0.0.0
7f5af470f000-7f5af490e000 ---p 00001000 08:01 1548446                    /usr/lib/scilab/libscilab.so.0.0.0
7f5af490e000-7f5af490f000 r--p 00000000 08:01 1548446                    /usr/lib/scilab/libscilab.so.0.0.0
7f5af490f000-7f5af4910000 rw-p 00001000 08:01 1548446                    /usr/lib/scilab/libscilab.so.0.0.0
7f5af4910000-7f5af492f000 r-xp 00000000 08:01 3260745                    /lib/ld-2.10.1.so
7f5af492f000-7f5af4930000 r--s 00001000 08:01 1568055                    /usr/share/java/jrosetta-API-1.0.2+gpl.jar
7f5af4930000-7f5af493a000 r--s 00068000 08:01 1568222                    /usr/share/java/flexdock-0.5.1.jar
7f5af493a000-7f5af493e000 r--s 0007c000 08:01 1606947                    /usr/lib/jvm/java-6-openjdk/jre/lib/jsse.jar
7f5af493e000-7f5af493f000 r--s 00001000 08:01 1961613                    /usr/share/scilab/modules/jvm/jar/org.scilab.modules.jvm.jar
7f5af493f000-7f5af4948000 r--s 00065000 08:01 1565679                    /usr/share/java/gnome-java-bridge.jar
7f5af4948000-7f5af4950000 rw-s 00000000 08:01 4604047                    /tmp/hsperfdata_mike/3183
7f5af4950000-7f5af4961000 r--p 00000000 08:01 1615803                    /usr/share/fonts/truetype/ttf-bitstream-vera/Vera.ttf
7f5af4961000-7f5af49ae000 rw-p 00000000 00:00 0 
7f5af49ae000-7f5af49b1000 r--s 0000f000 08:01 1703963                    /usr/lib/jvm/java-6-openjdk/jre/lib/ext/pulse-java.jar
7f5af49b1000-7f5af49b2000 rw-p 00000000 00:00 0 
7f5af49b2000-7f5af49b3000 r--p 00000000 00:00 0 
7f5af49b3000-7f5af49b4000 r--s 00000000 08:01 3465587                    /var/cache/fontconfig/c05880de57d1f5e948fdfacc138775d9-x86-64.cache-2
7f5af49b4000-7f5af49bd000 r--s 00000000 08:01 3465833                    /var/cache/fontconfig/945677eb7aeaf62f1d50efc3fb3ec7d8-x86-64.cache-2
7f5af49bd000-7f5af49bf000 r--s 00000000 08:01 3465907                    /var/cache/fontconfig/99e8ed0e538f840c565b6ed5dad60d56-x86-64.cache-2
7f5af49bf000-7f5af49c2000 r--s 00000000 08:01 3465580                    /var/cache/fontconfig/f24b2111ab8703b4e963115a8cf14259-x86-64.cache-2
7f5af49c2000-7f5af49c5000 r--s 00000000 08:01 3466198                    /var/cache/fontconfig/e383d7ea5fbe662a33d9b44caf393297-x86-64.cache-2
7f5af49c5000-7f5af49c9000 r--s 00000000 08:01 3465905                    /var/cache/fontconfig/6eb3985aa4124903f6ff08ba781cd364-x86-64.cache-2
7f5af49c9000-7f5af49ca000 r--s 00000000 08:01 3466194                    /var/cache/fontconfig/4c73fe0c47614734b17d736dbde7580a-x86-64.cache-2
7f5af49ca000-7f5af49cf000 r--s 00000000 08:01 3465534                    /var/cache/fontconfig/062808c12e6e608270f93bb230aed730-x86-64.cache-2
7f5af49cf000-7f5af49d3000 r--s 00000000 08:01 3466092                    /var/cache/fontconfig/a755afe4a08bf5b97852ceb7400b47bc-x86-64.cache-2
7f5af49d3000-7f5af49dc000 r--s 00000000 08:01 3465851                    /var/cache/fontconfig/6d41288fd70b0be22e8c3a91e032eec0-x86-64.cache-2
7f5af49dc000-7f5af49df000 r--s 00000000 08:01 3466190                    /var/cache/fontconfig/de156ccd2eddbdc19d37a45b8b2aac9c-x86-64.cache-2
7f5af49df000-7f5af49ea000 r--s 00000000 08:01 3466188                    /var/cache/fontconfig/e3de0de479f42330eadf588a55fb5bf4-x86-64.cache-2
7f5af49ea000-7f5af49fa000 r--s 00000000 08:01 3465848                    /var/cache/fontconfig/0f34bcd4b6ee430af32735b75db7f02b-x86-64.cache-2
7f5af49fa000-7f5af4a28000 r--s 00000000 08:01 3465558                    /var/cache/fontconfig/365b55f210c0a22e9a19e35191240f32-x86-64.cache-2
7f5af4a28000-7f5af4a32000 r--s 00000000 08:01 1630619                    /var/cache/fontconfig/d52a8644073d54c13679302ca1180695-x86-64.cache-2
7f5af4a32000-7f5af4a71000 r--p 00000000 08:01 1524271                    /usr/lib/locale/en_GB.utf8/LC_CTYPE
7f5af4a71000-7f5af4b06000 rw-p 00000000 00:00 0 
7f5af4b06000-7f5af4b09000 r--s 00000000 08:01 1630620                    /var/cache/fontconfig/ddd4086aec35a5275babba44bb759c3c-x86-64.cache-2
7f5af4b09000-7f5af4b0a000 r--s 00000000 08:01 3466027                    /var/cache/fontconfig/4794a0821666d79190d59a36cb4f44b5-x86-64.cache-2
7f5af4b0a000-7f5af4b0c000 r--s 00000000 08:01 3465528                    /var/cache/fontconfig/2c5ba8142dffc8bf0377700342b8ca1a-x86-64.cache-2
7f5af4b0c000-7f5af4b13000 r--s 00000000 08:01 3466184                    /var/cache/fontconfig/089dead882dea3570ffc31a9898cfb69-x86-64.cache-2
7f5af4b13000-7f5af4b1e000 r--s 00000000 08:01 3465584                    /var/cache/fontconfig/e13b20fdb08344e0e664864cc2ede53d-x86-64.cache-2
7f5af4b1e000-7f5af4b21000 r--s 00000000 08:01 3465926                    /var/cache/fontconfig/7ef2298fde41cc6eeb7af42e48b7d293-x86-64.cache-2
7f5af4b21000-7f5af4b28000 r--s 00000000 08:01 1507874                    /usr/lib/gconv/gconv-modules.cache
7f5af4b28000-7f5af4b29000 r--p 00000000 08:01 1524267                    /usr/lib/locale/en_GB.utf8/LC_MESSAGES/SYS_LC_MESSAGES
7f5af4b29000-7f5af4b2e000 rw-p 00000000 00:00 0 
7f5af4b2e000-7f5af4b2f000 r--p 0001e000 08:01 3260745                    /lib/ld-2.10.1.so
7f5af4b2f000-7f5af4b30000 rw-p 0001f000 08:01 3260745                    /lib/ld-2.10.1.so
7fff036bc000-7fff036bf000 ---p 00000000 00:00 0 
7fff036c0000-7fff037bc000 rwxp 00000000 00:00 0                          [stack]
7fff037bc000-7fff037be000 rw-p 00000000 00:00 0 
7fff037e6000-7fff037e7000 r-xp 00000000 00:00 0                          [vdso]
ffffffffff600000-ffffffffff601000 r-xp 00000000 00:00 0                  [vsyscall]

VM Arguments:
jvm_args: -Djava.library.path= -Djava.compiler=JIT -Xmx256m -Dapple.laf.useScreenMenuBar=true 
java_command: <unknown>
Launcher Type: generic

Environment Variables:
JAVA_HOME=/usr/lib/jvm/java-6-openjdk/
PATH=/usr/share/scilab/:/usr/share/scilab//bin:/usr/bin:/home/mike/bin:/usr/local/sbin:/usr/local/bin:/usr/sbin:/usr/bin:/sbin:/bin:/usr/games
USERNAME=mike
LD_LIBRARY_PATH=/usr/lib/scilab/:/usr/lib64/scilab/:/usr/lib/jvm/java-6-openjdk//jre/lib/amd64/:/usr/lib/jvm/java-6-openjdk//jre/lib/amd64/server/:/usr/lib/jvm/java-6-openjdk//jre/lib/amd64/native_threads/:
SHELL=/bin/bash
DISPLAY=:1.0

Signal Handlers:
SIGSEGV: [libjvm.so+0x6bc890], sa_mask[0]=0x7ffbfeff, sa_flags=0x10000004
SIGBUS: [libjvm.so+0x6bc890], sa_mask[0]=0x7ffbfeff, sa_flags=0x10000004
SIGFPE: [libjvm.so+0x588060], sa_mask[0]=0x7ffbfeff, sa_flags=0x10000004
SIGPIPE: SIG_IGN, sa_mask[0]=0x00001000, sa_flags=0x10000000
SIGXFSZ: [libjvm.so+0x588060], sa_mask[0]=0x7ffbfeff, sa_flags=0x10000004
SIGILL: [libjvm.so+0x588060], sa_mask[0]=0x7ffbfeff, sa_flags=0x10000004
SIGUSR1: SIG_DFL, sa_mask[0]=0x00000000, sa_flags=0x00000000
SIGUSR2: [libjvm.so+0x5877b0], sa_mask[0]=0x00000000, sa_flags=0x10000004
SIGHUP: [libjvm.so+0x589e10], sa_mask[0]=0x7ffbfeff, sa_flags=0x10000004
SIGINT: [libscicore.so.5+0x25df0], sa_mask[0]=0x00000002, sa_flags=0x10000000
SIGTERM: [libjvm.so+0x589e10], sa_mask[0]=0x7ffbfeff, sa_flags=0x10000004
SIGQUIT: [libjvm.so+0x589e10], sa_mask[0]=0x7ffbfeff, sa_flags=0x10000004


---------------  S Y S T E M  ---------------

OS:Ubuntu 9.10 (karmic)
uname:Linux 2.6.31-22-generic #68-Ubuntu SMP Tue Oct 26 16:37:17 UTC 2010 x86_64
libc:glibc 2.10.1 NPTL 2.10.1 
rlimit: STACK 8192k, CORE 0k, NPROC infinity, NOFILE 1024, AS infinity
load average:0.85 1.37 1.18

CPU:total 2 (2 cores per cpu, 1 threads per core) family 15 model 72 stepping 2, cmov, cx8, fxsr, mmx, sse, sse2, sse3, mmxext, 3dnow, 3dnowext

Memory: 4k page, physical 891340k(11136k free), swap 2578392k(2524480k free)

vm_info: OpenJDK 64-Bit Server VM (16.0-b13) for linux-amd64 JRE (1.6.0_18-b18), built on Oct 20 2010 18:49:45 by "buildd" with gcc 4.4.1

time: Mon Nov 29 09:43:32 2010
elapsed time: 784 seconds

