Starting SMPD on node56
node43 ...
rsh node56 "/usr/local/packages5/matlab_r2008a/bin/mw_smpd" -s -phrase MATLAB -port 22552
/etc/profile.d/compilers.sh: line 4: getarch: command not found
rsh node43 "/usr/local/packages5/matlab_r2008a/bin/mw_smpd" -s -phrase MATLAB -port 22552
/etc/profile.d/compilers.sh: line 4: getarch: command not found
All SMPDs launched
"/usr/local/packages5/matlab_r2008a/bin/mw_mpiexec" -phrase MATLAB -port 22552 -l -n 4 -machinefile /tmp/1442552.1.parallelx22.q/machines -genvlist MDCE_DECODE_FUNCTION,MDCE_STORAGE_LOCATION,MDCE_STORAGE_CONSTRUCTOR,MDCE_JOB_LOCATION "/usr/local/packages5/matlab_r2008a/bin/worker" -parallel
[3]                            < M A T L A B (R) >
[3]                  Copyright 1984-2008 The MathWorks, Inc.
[3]                         Version 7.6.0.324 (R2008a)
[3]                             February 10, 2008
[2]                            < M A T L A B (R) >
[2]                  Copyright 1984-2008 The MathWorks, Inc.
[2]                         Version 7.6.0.324 (R2008a)
[2]                             February 10, 2008
[3] 
[3]  To get started, type one of these: helpwin, helpdesk, or demo.
[3]  For product information, visit www.mathworks.com.
[3] 
[2] 
[2]  To get started, type one of these: helpwin, helpdesk, or demo.
[2]  For product information, visit www.mathworks.com.
[2] 
[3]MATLAB core dump:  Exit on fatal error (no core) enabled.
[2]MATLAB core dump:  Exit on fatal error (no core) enabled.
[0]                            < M A T L A B (R) >
[0]                  Copyright 1984-2008 The MathWorks, Inc.
[0]                         Version 7.6.0.324 (R2008a)
[0]                             February 10, 2008
[1]                            < M A T L A B (R) >
[1]                  Copyright 1984-2008 The MathWorks, Inc.
[1]                         Version 7.6.0.324 (R2008a)
[1]                             February 10, 2008
[0] 
[0]  To get started, type one of these: helpwin, helpdesk, or demo.
[0]  For product information, visit www.mathworks.com.
[0] 
[1] 
[1]  To get started, type one of these: helpwin, helpdesk, or demo.
[1]  For product information, visit www.mathworks.com.
[1] 
[0]MATLAB core dump:  Exit on fatal error (no core) enabled.
[1]MATLAB core dump:  Exit on fatal error (no core) enabled.

Stopping SMPD on  node56 node43 ...
rsh node56 "/usr/local/packages5/matlab_r2008a/bin/mw_smpd" -shutdown -phrase MATLAB -port 22552
/etc/profile.d/compilers.sh: line 4: getarch: command not found
rsh node43 "/usr/local/packages5/matlab_r2008a/bin/mw_smpd" -shutdown -phrase MATLAB -port 22552
/etc/profile.d/compilers.sh: line 4: getarch: command not found
Exiting with code: 254
