Earth bfield model
jobname mkgt22simpson
size 42 42 42 
Height effective solenoid(m) 6377999.000000
Radius effective solenoid(m) 1333333.333333
deltab 0.003068
n turns 1
564229.974390 20479.102958 6453424.714247 370.680907 13.454111 4239.692028
564233.681199 20479.237500 6453467.111167 370.680907 13.454111 4239.692028
564237.388008 20479.372041 6453509.508087 370.680907 13.454111 4239.692028
564241.094817 20479.506582 6453551.905008 370.680907 13.454111 4239.692028
564244.801626 20479.641123 6453594.301928 370.680907 13.454111 4239.692028
564248.508435 20479.775664 6453636.698848 370.680907 13.454111 4239.692028
564252.215244 20479.910205 6453679.095769 370.680907 13.454111 4239.692028
564255.922053 20480.044746 6453721.492689 370.680907 13.454111 4239.692028
564259.628862 20480.179287 6453763.889609 370.680907 13.454111 4239.692028
564263.335672 20480.313828 6453806.286529 370.680907 13.454111 4239.692028
564267.042481 20480.448369 6453848.683450 370.680907 13.454111 4239.692028
564270.749290 20480.582911 6453891.080370 370.680907 13.454111 4239.692028
564274.456099 20480.717452 6453933.477290 370.680907 13.454111 4239.692028
564278.162908 20480.851993 6453975.874210 370.680907 13.454111 4239.692028
564281.869717 20480.986534 6454018.271131 370.680907 13.454111 4239.692028
564285.576526 20481.121075 6454060.668051 370.680907 13.454111 4239.692028
564289.283335 20481.255616 6454103.064971 370.680907 13.454111 4239.692028
564292.990144 20481.390157 6454145.461892 370.680907 13.454111 4239.692028
564296.696953 20481.524698 6454187.858812 370.680907 13.454111 4239.692028
564300.403762 20481.659239 6454230.255732 370.680907 13.454111 4239.692028
564304.110571 20481.793781 6454272.652652 370.680907 13.454111 4239.692028
564307.817380 20481.928322 6454315.049573 370.680907 13.454111 4239.692028
564311.524189 20482.062863 6454357.446493 370.680907 13.454111 4239.692028
564315.230998 20482.197404 6454399.843413 370.680907 13.454111 4239.692028
564318.937808 20482.331945 6454442.240334 370.680907 13.454111 4239.692028
564322.644617 20482.466486 6454484.637254 370.680907 13.454111 4239.692028
564326.351426 20482.601027 6454527.034174 370.680907 13.454111 4239.692028
564330.058235 20482.735568 6454569.431094 370.680907 13.454111 4239.692028
564333.765044 20482.870109 6454611.828015 370.680907 13.454111 4239.692028
564337.471853 20483.004650 6454654.224935 370.680907 13.454111 4239.692028
564341.178662 20483.139192 6454696.621855 370.680907 13.454111 4239.692028
564344.885471 20483.273733 6454739.018775 370.680907 13.454111 4239.692028
564348.592280 20483.408274 6454781.415696 370.680907 13.454111 4239.692028
564352.299089 20483.542815 6454823.812616 370.680907 13.454111 4239.692028
564356.005898 20483.677356 6454866.209536 370.680907 13.454111 4239.692028
564359.712707 20483.811897 6454908.606457 370.680907 13.454111 4239.692028
564363.419516 20483.946438 6454951.003377 370.680907 13.454111 4239.692028
564367.126325 20484.080979 6454993.400297 370.680907 13.454111 4239.692028
564370.833134 20484.215520 6455035.797217 370.680907 13.454111 4239.692028
564374.539944 20484.350062 6455078.194138 370.680907 13.454111 4239.692028
564378.246753 20484.484603 6455120.591058 370.680907 13.454111 4239.692028
564381.953562 20484.619144 6455162.987978 370.680907 13.454111 4239.692028
564385.660371 20484.753685 6455205.384899 370.680907 13.454111 4239.692028
564389.367180 20484.888226 6455247.781819 370.680907 13.454111 4239.692028
564393.073989 20485.022767 6455290.178739 370.680907 13.454111 4239.692028
564396.780798 20485.157308 6455332.575659 370.680907 13.454111 4239.692028
564400.487607 20485.291849 6455374.972580 370.680907 13.454111 4239.692028
564404.194416 20485.426390 6455417.369500 370.680907 13.454111 4239.692028
564407.901225 20485.560931 6455459.766420 370.680907 13.454111 4239.692028
564411.608034 20485.695473 6455502.163340 370.680907 13.454111 4239.692028
564415.314843 20485.830014 6455544.560261 370.680907 13.454111 4239.692028
564419.021652 20485.964555 6455586.957181 370.680907 13.454111 4239.692028
564422.728461 20486.099096 6455629.354101 370.680907 13.454111 4239.692028
564426.435270 20486.233637 6455671.751022 370.680907 13.454111 4239.692028
564430.142080 20486.368178 6455714.147942 370.680907 13.454111 4239.692028
564433.848889 20486.502719 6455756.544862 370.680907 13.454111 4239.692028
564437.555698 20486.637260 6455798.941782 370.680907 13.454111 4239.692028
564441.262507 20486.771801 6455841.338703 370.680907 13.454111 4239.692028
564444.969316 20486.906343 6455883.735623 370.680907 13.454111 4239.692028
564448.676125 20487.040884 6455926.132543 370.680907 13.454111 4239.692028
564452.382934 20487.175425 6455968.529464 370.680907 13.454111 4239.692028
564456.089743 20487.309966 6456010.926384 370.680907 13.454111 4239.692028
564459.796552 20487.444507 6456053.323304 370.680907 13.454111 4239.692028
564463.503361 20487.579048 6456095.720224 370.680907 13.454111 4239.692028
564467.210170 20487.713589 6456138.117145 370.680907 13.454111 4239.692028
564470.916979 20487.848130 6456180.514065 370.680907 13.454111 4239.692028
564474.623788 20487.982671 6456222.910985 370.680907 13.454111 4239.692028
564478.330597 20488.117212 6456265.307905 370.680907 13.454111 4239.692028
564482.037406 20488.251754 6456307.704826 370.680907 13.454111 4239.692028
564485.744216 20488.386295 6456350.101746 370.680907 13.454111 4239.692028
564489.451025 20488.520836 6456392.498666 370.680907 13.454111 4239.692028
564493.157834 20488.655377 6456434.895587 370.680907 13.454111 4239.692028
564496.864643 20488.789918 6456477.292507 370.680907 13.454111 4239.692028
564500.571452 20488.924459 6456519.689427 370.680907 13.454111 4239.692028
564504.278261 20489.059000 6456562.086347 370.680907 13.454111 4239.692028
564507.985070 20489.193541 6456604.483268 370.680907 13.454111 4239.692028
564511.691879 20489.328082 6456646.880188 370.680907 13.454111 4239.692028
564515.398688 20489.462624 6456689.277108 370.680907 13.454111 4239.692028
564519.105497 20489.597165 6456731.674029 370.680907 13.454111 4239.692028
564522.812306 20489.731706 6456774.070949 370.680907 13.454111 4239.692028
564526.519115 20489.866247 6456816.467869 370.680907 13.454111 4239.692028
564530.225924 20490.000788 6456858.864789 370.680907 13.454111 4239.692028
564533.932733 20490.135329 6456901.261710 370.680907 13.454111 4239.692028
564537.639542 20490.269870 6456943.658630 370.680907 13.454111 4239.692028
564541.346352 20490.404411 6456986.055550 370.680907 13.454111 4239.692028
564545.053161 20490.538952 6457028.452470 370.680907 13.454111 4239.692028
564548.759970 20490.673493 6457070.849391 370.680907 13.454111 4239.692028
564552.466779 20490.808035 6457113.246311 370.680907 13.454111 4239.692028
564556.173588 20490.942576 6457155.643231 370.680907 13.454111 4239.692028
564559.880397 20491.077117 6457198.040152 370.680907 13.454111 4239.692028
564563.587206 20491.211658 6457240.437072 370.680907 13.454111 4239.692028
564567.294015 20491.346199 6457282.833992 370.680907 13.454111 4239.692028
564571.000824 20491.480740 6457325.230912 370.680907 13.454111 4239.692028
564574.707633 20491.615281 6457367.627833 370.680907 13.454111 4239.692028
564578.414442 20491.749822 6457410.024753 370.680907 13.454111 4239.692028
564582.121251 20491.884363 6457452.421673 370.680907 13.454111 4239.692028
564585.828060 20492.018905 6457494.818594 370.680907 13.454111 4239.692028
564589.534869 20492.153446 6457537.215514 370.680907 13.454111 4239.692028
564593.241678 20492.287987 6457579.612434 370.680907 13.454111 4239.692028
564596.948488 20492.422528 6457622.009354 370.680907 13.454111 4239.692028
564600.655297 20492.557069 6457664.406275 370.680907 13.454111 4239.692028
564604.362106 20492.691610 6457706.803195 370.680907 13.454111 4239.692028
564608.068915 20492.826151 6457749.200115 370.680907 13.454111 4239.692028
564611.775724 20492.960692 6457791.597035 370.680907 13.454111 4239.692028
564615.482533 20493.095233 6457833.993956 370.680907 13.454111 4239.692028
564619.189342 20493.229774 6457876.390876 370.680907 13.454111 4239.692028
564622.896151 20493.364316 6457918.787796 370.680907 13.454111 4239.692028
564626.602960 20493.498857 6457961.184717 370.680907 13.454111 4239.692028
564630.309769 20493.633398 6458003.581637 370.680907 13.454111 4239.692028
564634.016578 20493.767939 6458045.978557 370.680907 13.454111 4239.692028
564637.723387 20493.902480 6458088.375477 370.680907 13.454111 4239.692028
564641.430196 20494.037021 6458130.772398 370.680907 13.454111 4239.692028
564645.137005 20494.171562 6458173.169318 370.680907 13.454111 4239.692028
564648.843814 20494.306103 6458215.566238 370.680907 13.454111 4239.692028
564652.550624 20494.440644 6458257.963159 370.680907 13.454111 4239.692028
564656.257433 20494.575186 6458300.360079 370.680907 13.454111 4239.692028
564659.964242 20494.709727 6458342.756999 370.680907 13.454111 4239.692028
564663.671051 20494.844268 6458385.153919 370.680907 13.454111 4239.692028
564667.377860 20494.978809 6458427.550840 370.680907 13.454111 4239.692028
564671.084669 20495.113350 6458469.947760 370.680907 13.454111 4239.692028
564674.791478 20495.247891 6458512.344680 370.680907 13.454111 4239.692028
564678.498287 20495.382432 6458554.741600 370.680907 13.454111 4239.692028
564682.205096 20495.516973 6458597.138521 370.680907 13.454111 4239.692028
564685.911905 20495.651514 6458639.535441 370.680907 13.454111 4239.692028
564689.618714 20495.786055 6458681.932361 370.680907 13.454111 4239.692028
564693.325523 20495.920597 6458724.329282 370.680907 13.454111 4239.692028
564697.032332 20496.055138 6458766.726202 370.680907 13.454111 4239.692028
564700.739141 20496.189679 6458809.123122 370.680907 13.454111 4239.692028
564704.445950 20496.324220 6458851.520042 370.680907 13.454111 4239.692028
564708.152760 20496.458761 6458893.916963 370.680907 13.454111 4239.692028
564711.859569 20496.593302 6458936.313883 370.680907 13.454111 4239.692028
564715.566378 20496.727843 6458978.710803 370.680907 13.454111 4239.692028
564719.273187 20496.862384 6459021.107724 370.680907 13.454111 4239.692028
564722.979996 20496.996925 6459063.504644 370.680907 13.454111 4239.692028
564726.686805 20497.131467 6459105.901564 370.680907 13.454111 4239.692028
564730.393614 20497.266008 6459148.298484 370.680907 13.454111 4239.692028
564734.100423 20497.400549 6459190.695405 370.680907 13.454111 4239.692028
564737.807232 20497.535090 6459233.092325 370.680907 13.454111 4239.692028
564741.514041 20497.669631 6459275.489245 370.680907 13.454111 4239.692028
564745.220850 20497.804172 6459317.886165 370.680907 13.454111 4239.692028
564748.927659 20497.938713 6459360.283086 370.680907 13.454111 4239.692028
564752.634468 20498.073254 6459402.680006 370.680907 13.454111 4239.692028
564756.341277 20498.207795 6459445.076926 370.680907 13.454111 4239.692028
564760.048086 20498.342336 6459487.473847 370.680907 13.454111 4239.692028
564763.754896 20498.476878 6459529.870767 370.680907 13.454111 4239.692028
564767.461705 20498.611419 6459572.267687 370.680907 13.454111 4239.692028
564771.168514 20498.745960 6459614.664607 370.680907 13.454111 4239.692028
564774.875323 20498.880501 6459657.061528 370.680907 13.454111 4239.692028
564778.582132 20499.015042 6459699.458448 370.680907 13.454111 4239.692028
564782.288941 20499.149583 6459741.855368 370.680907 13.454111 4239.692028
564785.995750 20499.284124 6459784.252289 370.680907 13.454111 4239.692028
564789.702559 20499.418665 6459826.649209 370.680907 13.454111 4239.692028
564793.409368 20499.553206 6459869.046129 370.680907 13.454111 4239.692028
564797.116177 20499.687748 6459911.443049 370.680907 13.454111 4239.692028
564800.822986 20499.822289 6459953.839970 370.680907 13.454111 4239.692028
564804.529795 20499.956830 6459996.236890 370.680907 13.454111 4239.692028
564808.236604 20500.091371 6460038.633810 370.680907 13.454111 4239.692028
564811.943413 20500.225912 6460081.030730 370.680907 13.454111 4239.692028
564815.650223 20500.360453 6460123.427651 370.680907 13.454111 4239.692028
564819.357032 20500.494994 6460165.824571 370.680907 13.454111 4239.692028
564823.063841 20500.629535 6460208.221491 370.680907 13.454111 4239.692028
564826.770650 20500.764076 6460250.618412 370.680907 13.454111 4239.692028
564830.477459 20500.898617 6460293.015332 370.680907 13.454111 4239.692028
564834.184268 20501.033159 6460335.412252 370.680907 13.454111 4239.692028
564837.891077 20501.167700 6460377.809172 370.680907 13.454111 4239.692028
564841.597886 20501.302241 6460420.206093 370.680907 13.454111 4239.692028
564845.304695 20501.436782 6460462.603013 370.680907 13.454111 4239.692028
564849.011504 20501.571323 6460504.999933 370.680907 13.454111 4239.692028
564852.718313 20501.705864 6460547.396854 370.680907 13.454111 4239.692028
564856.425122 20501.840405 6460589.793774 370.680907 13.454111 4239.692028
564860.131931 20501.974946 6460632.190694 370.680907 13.454111 4239.692028
564863.838740 20502.109487 6460674.587614 370.680907 13.454111 4239.692028
564867.545549 20502.244029 6460716.984535 370.680907 13.454111 4239.692028
564871.252359 20502.378570 6460759.381455 370.680907 13.454111 4239.692028
564874.959168 20502.513111 6460801.778375 370.680907 13.454111 4239.692028
564878.665977 20502.647652 6460844.175295 370.680907 13.454111 4239.692028
